[ 2016-04-04T09:19:42+08:00 ] 127.0.0.1 /favicon.ico
INFO: [ app_init ] --START--
INFO: Run Behavior\BuildLiteBehavior [ RunTime:0.000014s ]
INFO: [ app_init ] --END-- [ RunTime:0.000205s ]
ERR: 无法加载模块:Favicon

[ 2016-04-04T10:39:46+08:00 ] 127.0.0.1 /Wenda/Public/Index/Js/question.js
INFO: [ app_init ] --START--
INFO: Run Behavior\BuildLiteBehavior [ RunTime:0.000015s ]
INFO: [ app_init ] --END-- [ RunTime:0.000221s ]
ERR: 无法加载模块:Wenda

[ 2016-04-04T10:39:46+08:00 ] 127.0.0.1 /Wenda/Public/Index/Js/question.js
INFO: [ app_init ] --START--
INFO: Run Behavior\BuildLiteBehavior [ RunTime:0.000012s ]
INFO: [ app_init ] --END-- [ RunTime:0.000200s ]
ERR: 无法加载模块:Wenda

[ 2016-04-04T10:40:10+08:00 ] 127.0.0.1 /Wenda/Public/Index/Js/question.js
INFO: [ app_init ] --START--
INFO: Run Behavior\BuildLiteBehavior [ RunTime:0.000020s ]
INFO: [ app_init ] --END-- [ RunTime:0.000251s ]
ERR: 无法加载模块:Wenda

[ 2016-04-04T10:40:10+08:00 ] 127.0.0.1 /Wenda/Public/Index/Js/question.js
INFO: [ app_init ] --START--
INFO: Run Behavior\BuildLiteBehavior [ RunTime:0.000012s ]
INFO: [ app_init ] --END-- [ RunTime:0.000187s ]
ERR: 无法加载模块:Wenda

[ 2016-04-04T10:43:28+08:00 ] 127.0.0.1 /Wenda/Public/Index/Js/question.js
INFO: [ app_init ] --START--
INFO: Run Behavior\BuildLiteBehavior [ RunTime:0.000015s ]
INFO: [ app_init ] --END-- [ RunTime:0.000344s ]
ERR: 无法加载模块:Wenda

[ 2016-04-04T10:45:25+08:00 ] 127.0.0.1 /Wenda/Public/Index/Js/question.js
INFO: [ app_init ] --START--
INFO: Run Behavior\BuildLiteBehavior [ RunTime:0.000027s ]
INFO: [ app_init ] --END-- [ RunTime:0.000384s ]
ERR: 无法加载模块:Wenda

[ 2016-04-04T10:45:25+08:00 ] 127.0.0.1 /Wenda/Public/Index/Js/question.js
INFO: [ app_init ] --START--
INFO: Run Behavior\BuildLiteBehavior [ RunTime:0.000013s ]
INFO: [ app_init ] --END-- [ RunTime:0.000205s ]
ERR: 无法加载模块:Wenda

[ 2016-04-04T10:45:45+08:00 ] 127.0.0.1 /Wenda/Public/Index/Js/question.js
INFO: [ app_init ] --START--
INFO: Run Behavior\BuildLiteBehavior [ RunTime:0.000018s ]
INFO: [ app_init ] --END-- [ RunTime:0.000228s ]
ERR: 无法加载模块:Wenda

[ 2016-04-04T10:45:45+08:00 ] 127.0.0.1 /Wenda/Public/Index/Js/question.js
INFO: [ app_init ] --START--
INFO: Run Behavior\BuildLiteBehavior [ RunTime:0.000013s ]
INFO: [ app_init ] --END-- [ RunTime:0.000188s ]
ERR: 无法加载模块:Wenda

[ 2016-04-04T10:51:56+08:00 ] 127.0.0.1 /Wenda/Public/Index/Js/question.js
INFO: [ app_init ] --START--
INFO: Run Behavior\BuildLiteBehavior [ RunTime:0.000050s ]
INFO: [ app_init ] --END-- [ RunTime:0.001036s ]
ERR: 无法加载模块:Wenda

[ 2016-04-04T10:51:59+08:00 ] 127.0.0.1 /Wenda/Public/Index/Js/question.js
INFO: [ app_init ] --START--
INFO: Run Behavior\BuildLiteBehavior [ RunTime:0.000013s ]
INFO: [ app_init ] --END-- [ RunTime:0.000197s ]
ERR: 无法加载模块:Wenda

[ 2016-04-04T10:51:59+08:00 ] 127.0.0.1 /Wenda/Public/Index/Js/question.js
INFO: [ app_init ] --START--
INFO: Run Behavior\BuildLiteBehavior [ RunTime:0.000013s ]
INFO: [ app_init ] --END-- [ RunTime:0.000203s ]
ERR: 无法加载模块:Wenda

[ 2016-04-04T10:54:44+08:00 ] 127.0.0.1 /Wenda/Public/Index/Js/question.js
INFO: [ app_init ] --START--
INFO: Run Behavior\BuildLiteBehavior [ RunTime:0.000042s ]
INFO: [ app_init ] --END-- [ RunTime:0.000706s ]
ERR: 无法加载模块:Wenda

[ 2016-04-04T10:54:51+08:00 ] 127.0.0.1 /Wenda/Public/Index/Js/question.js
INFO: [ app_init ] --START--
INFO: Run Behavior\BuildLiteBehavior [ RunTime:0.000015s ]
INFO: [ app_init ] --END-- [ RunTime:0.000229s ]
ERR: 无法加载模块:Wenda

[ 2016-04-04T10:54:51+08:00 ] 127.0.0.1 /Wenda/Public/Index/Js/question.js
INFO: [ app_init ] --START--
INFO: Run Behavior\BuildLiteBehavior [ RunTime:0.000013s ]
INFO: [ app_init ] --END-- [ RunTime:0.000194s ]
ERR: 无法加载模块:Wenda

[ 2016-04-04T10:54:53+08:00 ] 127.0.0.1 /Wenda/Public/Index/Js/question.js
INFO: [ app_init ] --START--
INFO: Run Behavior\BuildLiteBehavior [ RunTime:0.000019s ]
INFO: [ app_init ] --END-- [ RunTime:0.000281s ]
ERR: 无法加载模块:Wenda

[ 2016-04-04T10:54:53+08:00 ] 127.0.0.1 /Wenda/Public/Index/Js/question.js
INFO: [ app_init ] --START--
INFO: Run Behavior\BuildLiteBehavior [ RunTime:0.000012s ]
INFO: [ app_init ] --END-- [ RunTime:0.000190s ]
ERR: 无法加载模块:Wenda

[ 2016-04-04T11:22:40+08:00 ] 127.0.0.1 /favicon.ico
INFO: [ app_init ] --START--
INFO: Run Behavior\BuildLiteBehavior [ RunTime:0.000013s ]
INFO: [ app_init ] --END-- [ RunTime:0.000199s ]
ERR: 无法加载模块:Favicon

[ 2016-04-04T18:18:23+08:00 ] 127.0.0.1 /favicon.ico
INFO: [ app_init ] --START--
INFO: Run Behavior\BuildLiteBehavior [ RunTime:0.000027s ]
INFO: [ app_init ] --END-- [ RunTime:0.000343s ]
ERR: 无法加载模块:Favicon

[ 2016-04-04T18:49:17+08:00 ] 127.0.0.1 /Wenda/Public/Index/Js/question.js
INFO: [ app_init ] --START--
INFO: Run Behavior\BuildLiteBehavior [ RunTime:0.000013s ]
INFO: [ app_init ] --END-- [ RunTime:0.000202s ]
ERR: 无法加载模块:Wenda

[ 2016-04-04T18:49:17+08:00 ] 127.0.0.1 /Wenda/Public/Index/Js/question.js
INFO: [ app_init ] --START--
INFO: Run Behavior\BuildLiteBehavior [ RunTime:0.000013s ]
INFO: [ app_init ] --END-- [ RunTime:0.000206s ]
ERR: 无法加载模块:Wenda

[ 2016-04-04T18:49:32+08:00 ] 127.0.0.1 /Wenda/Public/Index/Js/question.js
INFO: [ app_init ] --START--
INFO: Run Behavior\BuildLiteBehavior [ RunTime:0.000013s ]
INFO: [ app_init ] --END-- [ RunTime:0.000211s ]
ERR: 无法加载模块:Wenda

[ 2016-04-04T18:49:32+08:00 ] 127.0.0.1 /Wenda/Public/Index/Js/question.js
INFO: [ app_init ] --START--
INFO: Run Behavior\BuildLiteBehavior [ RunTime:0.000013s ]
INFO: [ app_init ] --END-- [ RunTime:0.000196s ]
ERR: 无法加载模块:Wenda

[ 2016-04-04T18:49:47+08:00 ] 127.0.0.1 /Wenda/Public/Index/Js/question.js
INFO: [ app_init ] --START--
INFO: Run Behavior\BuildLiteBehavior [ RunTime:0.000014s ]
INFO: [ app_init ] --END-- [ RunTime:0.000251s ]
ERR: 无法加载模块:Wenda

[ 2016-04-04T18:49:47+08:00 ] 127.0.0.1 /Wenda/Public/Index/Js/question.js
INFO: [ app_init ] --START--
INFO: Run Behavior\BuildLiteBehavior [ RunTime:0.000013s ]
INFO: [ app_init ] --END-- [ RunTime:0.000188s ]
ERR: 无法加载模块:Wenda

[ 2016-04-04T18:54:20+08:00 ] 127.0.0.1 /Wenda/Public/Index/Js/question.js
INFO: [ app_init ] --START--
INFO: Run Behavior\BuildLiteBehavior [ RunTime:0.000014s ]
INFO: [ app_init ] --END-- [ RunTime:0.000223s ]
ERR: 无法加载模块:Wenda

[ 2016-04-04T18:54:20+08:00 ] 127.0.0.1 /Wenda/Public/Index/Js/question.js
INFO: [ app_init ] --START--
INFO: Run Behavior\BuildLiteBehavior [ RunTime:0.000013s ]
INFO: [ app_init ] --END-- [ RunTime:0.000197s ]
ERR: 无法加载模块:Wenda

[ 2016-04-04T18:54:26+08:00 ] 127.0.0.1 /Wenda/Public/Index/Js/question.js
INFO: [ app_init ] --START--
INFO: Run Behavior\BuildLiteBehavior [ RunTime:0.000015s ]
INFO: [ app_init ] --END-- [ RunTime:0.000225s ]
ERR: 无法加载模块:Wenda

[ 2016-04-04T18:54:26+08:00 ] 127.0.0.1 /Wenda/Public/Index/Js/question.js
INFO: [ app_init ] --START--
INFO: Run Behavior\BuildLiteBehavior [ RunTime:0.000015s ]
INFO: [ app_init ] --END-- [ RunTime:0.000311s ]
ERR: 无法加载模块:Wenda

[ 2016-04-04T18:57:01+08:00 ] 127.0.0.1 /Wenda/Public/Index/Js/question.js
INFO: [ app_init ] --START--
INFO: Run Behavior\BuildLiteBehavior [ RunTime:0.000019s ]
INFO: [ app_init ] --END-- [ RunTime:0.000374s ]
ERR: 无法加载模块:Wenda

[ 2016-04-04T18:57:01+08:00 ] 127.0.0.1 /Wenda/Public/Index/Js/question.js
INFO: [ app_init ] --START--
INFO: Run Behavior\BuildLiteBehavior [ RunTime:0.000014s ]
INFO: [ app_init ] --END-- [ RunTime:0.000285s ]
ERR: 无法加载模块:Wenda

[ 2016-04-04T18:59:21+08:00 ] 127.0.0.1 /Wenda/Public/Index/Js/question.js
INFO: [ app_init ] --START--
INFO: Run Behavior\BuildLiteBehavior [ RunTime:0.000015s ]
INFO: [ app_init ] --END-- [ RunTime:0.000227s ]
ERR: 无法加载模块:Wenda

[ 2016-04-04T18:59:21+08:00 ] 127.0.0.1 /Wenda/Public/Index/Js/question.js
INFO: [ app_init ] --START--
INFO: Run Behavior\BuildLiteBehavior [ RunTime:0.000015s ]
INFO: [ app_init ] --END-- [ RunTime:0.000229s ]
ERR: 无法加载模块:Wenda

[ 2016-04-04T19:00:44+08:00 ] 127.0.0.1 /Wenda/Public/Index/Js/question.js
INFO: [ app_init ] --START--
INFO: Run Behavior\BuildLiteBehavior [ RunTime:0.000014s ]
INFO: [ app_init ] --END-- [ RunTime:0.000210s ]
ERR: 无法加载模块:Wenda

[ 2016-04-04T19:00:45+08:00 ] 127.0.0.1 /Wenda/Public/Index/Js/question.js
INFO: [ app_init ] --START--
INFO: Run Behavior\BuildLiteBehavior [ RunTime:0.000021s ]
INFO: [ app_init ] --END-- [ RunTime:0.000306s ]
ERR: 无法加载模块:Wenda

[ 2016-04-04T19:01:38+08:00 ] 127.0.0.1 /Uploads/Face/$face%3E
INFO: [ app_init ] --START--
INFO: Run Behavior\BuildLiteBehavior [ RunTime:0.000039s ]
INFO: [ app_init ] --END-- [ RunTime:0.000366s ]
ERR: 无法加载模块:Uploads

[ 2016-04-04T19:01:38+08:00 ] 127.0.0.1 /Uploads/Face/$face%3E
INFO: [ app_init ] --START--
INFO: Run Behavior\BuildLiteBehavior [ RunTime:0.000021s ]
INFO: [ app_init ] --END-- [ RunTime:0.000322s ]
ERR: 无法加载模块:Uploads

[ 2016-04-04T19:02:04+08:00 ] 127.0.0.1 /Uploads/Face/$face%3E
INFO: [ app_init ] --START--
INFO: Run Behavior\BuildLiteBehavior [ RunTime:0.000013s ]
INFO: [ app_init ] --END-- [ RunTime:0.000218s ]
ERR: 无法加载模块:Uploads

[ 2016-04-04T21:39:04+08:00 ] 127.0.0.1 /Wenda/Public/Index/Js/question.js
INFO: [ app_init ] --START--
INFO: Run Behavior\BuildLiteBehavior [ RunTime:0.000014s ]
INFO: [ app_init ] --END-- [ RunTime:0.000203s ]
ERR: 无法加载模块:Wenda

[ 2016-04-04T21:39:04+08:00 ] 127.0.0.1 /Wenda/Public/Index/Js/question.js
INFO: [ app_init ] --START--
INFO: Run Behavior\BuildLiteBehavior [ RunTime:0.000015s ]
INFO: [ app_init ] --END-- [ RunTime:0.000279s ]
ERR: 无法加载模块:Wenda

[ 2016-04-04T21:41:26+08:00 ] 127.0.0.1 /Wenda/Public/Index/Js/question.js
INFO: [ app_init ] --START--
INFO: Run Behavior\BuildLiteBehavior [ RunTime:0.000013s ]
INFO: [ app_init ] --END-- [ RunTime:0.000203s ]
ERR: 无法加载模块:Wenda

[ 2016-04-04T21:41:26+08:00 ] 127.0.0.1 /Wenda/Public/Index/Js/question.js
INFO: [ app_init ] --START--
INFO: Run Behavior\BuildLiteBehavior [ RunTime:0.000014s ]
INFO: [ app_init ] --END-- [ RunTime:0.000290s ]
ERR: 无法加载模块:Wenda

[ 2016-04-04T21:59:03+08:00 ] 127.0.0.1 /Wenda/Public/Index/Js/member.js
INFO: [ app_init ] --START--
INFO: Run Behavior\BuildLiteBehavior [ RunTime:0.000020s ]
INFO: [ app_init ] --END-- [ RunTime:0.000323s ]
ERR: 无法加载模块:Wenda

[ 2016-04-04T21:59:03+08:00 ] 127.0.0.1 /Wenda/Public/Index/Js/member.js
INFO: [ app_init ] --START--
INFO: Run Behavior\BuildLiteBehavior [ RunTime:0.000013s ]
INFO: [ app_init ] --END-- [ RunTime:0.000202s ]
ERR: 无法加载模块:Wenda

[ 2016-04-04T22:01:23+08:00 ] 127.0.0.1 /Wenda/Public/Index/Js/member.js
INFO: [ app_init ] --START--
INFO: Run Behavior\BuildLiteBehavior [ RunTime:0.000016s ]
INFO: [ app_init ] --END-- [ RunTime:0.000231s ]
ERR: 无法加载模块:Wenda

[ 2016-04-04T22:01:23+08:00 ] 127.0.0.1 /Wenda/Public/Index/Js/member.js
INFO: [ app_init ] --START--
INFO: Run Behavior\BuildLiteBehavior [ RunTime:0.000014s ]
INFO: [ app_init ] --END-- [ RunTime:0.000217s ]
ERR: 无法加载模块:Wenda

[ 2016-04-04T22:01:57+08:00 ] 127.0.0.1 /Wenda/Public/Index/Js/member.js
INFO: [ app_init ] --START--
INFO: Run Behavior\BuildLiteBehavior [ RunTime:0.000038s ]
INFO: [ app_init ] --END-- [ RunTime:0.000670s ]
ERR: 无法加载模块:Wenda

[ 2016-04-04T22:01:57+08:00 ] 127.0.0.1 /Wenda/Public/Index/Js/member.js
INFO: [ app_init ] --START--
INFO: Run Behavior\BuildLiteBehavior [ RunTime:0.000013s ]
INFO: [ app_init ] --END-- [ RunTime:0.000202s ]
ERR: 无法加载模块:Wenda

[ 2016-04-04T22:02:56+08:00 ] 127.0.0.1 /Wenda/Public/Index/Js/member.js
INFO: [ app_init ] --START--
INFO: Run Behavior\BuildLiteBehavior [ RunTime:0.000022s ]
INFO: [ app_init ] --END-- [ RunTime:0.000362s ]
ERR: 无法加载模块:Wenda

[ 2016-04-04T22:02:56+08:00 ] 127.0.0.1 /Wenda/Public/Index/Js/member.js
INFO: [ app_init ] --START--
INFO: Run Behavior\BuildLiteBehavior [ RunTime:0.000012s ]
INFO: [ app_init ] --END-- [ RunTime:0.000187s ]
ERR: 无法加载模块:Wenda

[ 2016-04-04T22:07:59+08:00 ] 127.0.0.1 /Wenda/Public/Index/Js/member.js
INFO: [ app_init ] --START--
INFO: Run Behavior\BuildLiteBehavior [ RunTime:0.000013s ]
INFO: [ app_init ] --END-- [ RunTime:0.000215s ]
ERR: 无法加载模块:Wenda

[ 2016-04-04T22:07:59+08:00 ] 127.0.0.1 /Wenda/Public/Index/Js/member.js
INFO: [ app_init ] --START--
INFO: Run Behavior\BuildLiteBehavior [ RunTime:0.000013s ]
INFO: [ app_init ] --END-- [ RunTime:0.000188s ]
ERR: 无法加载模块:Wenda

