[ 2016-04-05T06:41:34+08:00 ] 127.0.0.1 /favicon.ico
INFO: [ app_init ] --START--
INFO: Run Behavior\BuildLiteBehavior [ RunTime:0.000014s ]
INFO: [ app_init ] --END-- [ RunTime:0.000217s ]
ERR: 无法加载模块:Favicon

[ 2016-04-05T06:54:52+08:00 ] 127.0.0.1 /Wenda/Public/Index/Js/member.js
INFO: [ app_init ] --START--
INFO: Run Behavior\BuildLiteBehavior [ RunTime:0.000015s ]
INFO: [ app_init ] --END-- [ RunTime:0.000242s ]
ERR: 无法加载模块:Wenda

[ 2016-04-05T06:54:55+08:00 ] 127.0.0.1 /Wenda/Public/Index/Js/member.js
INFO: [ app_init ] --START--
INFO: Run Behavior\BuildLiteBehavior [ RunTime:0.000015s ]
INFO: [ app_init ] --END-- [ RunTime:0.000219s ]
ERR: 无法加载模块:Wenda

[ 2016-04-05T06:54:56+08:00 ] 127.0.0.1 /Wenda/Public/Index/Js/member.js
INFO: [ app_init ] --START--
INFO: Run Behavior\BuildLiteBehavior [ RunTime:0.000019s ]
INFO: [ app_init ] --END-- [ RunTime:0.000333s ]
ERR: 无法加载模块:Wenda

[ 2016-04-05T06:54:58+08:00 ] 127.0.0.1 /Wenda/Public/Index/Js/member.js
INFO: [ app_init ] --START--
INFO: Run Behavior\BuildLiteBehavior [ RunTime:0.000017s ]
INFO: [ app_init ] --END-- [ RunTime:0.000262s ]
ERR: 无法加载模块:Wenda

[ 2016-04-05T06:59:28+08:00 ] 127.0.0.1 /Wenda/Public/Index/Js/member.js
INFO: [ app_init ] --START--
INFO: Run Behavior\BuildLiteBehavior [ RunTime:0.000024s ]
INFO: [ app_init ] --END-- [ RunTime:0.000430s ]
ERR: 无法加载模块:Wenda

[ 2016-04-05T07:01:53+08:00 ] 127.0.0.1 /Wenda/Public/Index/Js/member.js
INFO: [ app_init ] --START--
INFO: Run Behavior\BuildLiteBehavior [ RunTime:0.000022s ]
INFO: [ app_init ] --END-- [ RunTime:0.000349s ]
ERR: 无法加载模块:Wenda

[ 2016-04-05T07:01:57+08:00 ] 127.0.0.1 /Wenda/Public/Index/Js/member.js
INFO: [ app_init ] --START--
INFO: Run Behavior\BuildLiteBehavior [ RunTime:0.000014s ]
INFO: [ app_init ] --END-- [ RunTime:0.000245s ]
ERR: 无法加载模块:Wenda

[ 2016-04-05T07:01:59+08:00 ] 127.0.0.1 /Wenda/Public/Index/Js/member.js
INFO: [ app_init ] --START--
INFO: Run Behavior\BuildLiteBehavior [ RunTime:0.000032s ]
INFO: [ app_init ] --END-- [ RunTime:0.000383s ]
ERR: 无法加载模块:Wenda

[ 2016-04-05T07:08:37+08:00 ] 127.0.0.1 /Wenda/Public/Index/Js/member.js
INFO: [ app_init ] --START--
INFO: Run Behavior\BuildLiteBehavior [ RunTime:0.000022s ]
INFO: [ app_init ] --END-- [ RunTime:0.000344s ]
ERR: 无法加载模块:Wenda

[ 2016-04-05T07:11:50+08:00 ] 127.0.0.1 /Wenda/Public/Index/Js/member.js
INFO: [ app_init ] --START--
INFO: Run Behavior\BuildLiteBehavior [ RunTime:0.000015s ]
INFO: [ app_init ] --END-- [ RunTime:0.000323s ]
ERR: 无法加载模块:Wenda

[ 2016-04-05T07:12:25+08:00 ] 127.0.0.1 /Wenda/Public/Index/Js/member.js
INFO: [ app_init ] --START--
INFO: Run Behavior\BuildLiteBehavior [ RunTime:0.000020s ]
INFO: [ app_init ] --END-- [ RunTime:0.000311s ]
ERR: 无法加载模块:Wenda

[ 2016-04-05T07:21:39+08:00 ] 127.0.0.1 /Wenda/Public/Index/Js/member.js
INFO: [ app_init ] --START--
INFO: Run Behavior\BuildLiteBehavior [ RunTime:0.000020s ]
INFO: [ app_init ] --END-- [ RunTime:0.000317s ]
ERR: 无法加载模块:Wenda

[ 2016-04-05T07:21:40+08:00 ] 127.0.0.1 /Wenda/Public/Index/Js/member.js
INFO: [ app_init ] --START--
INFO: Run Behavior\BuildLiteBehavior [ RunTime:0.000021s ]
INFO: [ app_init ] --END-- [ RunTime:0.000345s ]
ERR: 无法加载模块:Wenda

[ 2016-04-05T07:21:47+08:00 ] 127.0.0.1 /Wenda/Public/Index/Js/member.js
INFO: [ app_init ] --START--
INFO: Run Behavior\BuildLiteBehavior [ RunTime:0.000022s ]
INFO: [ app_init ] --END-- [ RunTime:0.000356s ]
ERR: 无法加载模块:Wenda

[ 2016-04-05T07:22:07+08:00 ] 127.0.0.1 /Wenda/Public/Index/Js/member.js
INFO: [ app_init ] --START--
INFO: Run Behavior\BuildLiteBehavior [ RunTime:0.000020s ]
INFO: [ app_init ] --END-- [ RunTime:0.000324s ]
ERR: 无法加载模块:Wenda

[ 2016-04-05T07:22:20+08:00 ] 127.0.0.1 /Wenda/Public/Index/Js/member.js
INFO: [ app_init ] --START--
INFO: Run Behavior\BuildLiteBehavior [ RunTime:0.000020s ]
INFO: [ app_init ] --END-- [ RunTime:0.000312s ]
ERR: 无法加载模块:Wenda

[ 2016-04-05T07:22:39+08:00 ] 127.0.0.1 /Wenda/Public/Index/Js/member.js
INFO: [ app_init ] --START--
INFO: Run Behavior\BuildLiteBehavior [ RunTime:0.000013s ]
INFO: [ app_init ] --END-- [ RunTime:0.000204s ]
ERR: 无法加载模块:Wenda

[ 2016-04-05T07:22:40+08:00 ] 127.0.0.1 /Wenda/Public/Index/Js/member.js
INFO: [ app_init ] --START--
INFO: Run Behavior\BuildLiteBehavior [ RunTime:0.000014s ]
INFO: [ app_init ] --END-- [ RunTime:0.000204s ]
ERR: 无法加载模块:Wenda

[ 2016-04-05T07:23:16+08:00 ] 127.0.0.1 /Wenda/Public/Index/Js/member.js
INFO: [ app_init ] --START--
INFO: Run Behavior\BuildLiteBehavior [ RunTime:0.000013s ]
INFO: [ app_init ] --END-- [ RunTime:0.000201s ]
ERR: 无法加载模块:Wenda

[ 2016-04-05T07:24:39+08:00 ] 127.0.0.1 /Wenda/Public/Index/Js/member.js
INFO: [ app_init ] --START--
INFO: Run Behavior\BuildLiteBehavior [ RunTime:0.000024s ]
INFO: [ app_init ] --END-- [ RunTime:0.000373s ]
ERR: 无法加载模块:Wenda

[ 2016-04-05T07:24:42+08:00 ] 127.0.0.1 /Wenda/Public/Index/Js/member.js
INFO: [ app_init ] --START--
INFO: Run Behavior\BuildLiteBehavior [ RunTime:0.000020s ]
INFO: [ app_init ] --END-- [ RunTime:0.000320s ]
ERR: 无法加载模块:Wenda

[ 2016-04-05T07:24:44+08:00 ] 127.0.0.1 /Wenda/Public/Index/Js/member.js
INFO: [ app_init ] --START--
INFO: Run Behavior\BuildLiteBehavior [ RunTime:0.000022s ]
INFO: [ app_init ] --END-- [ RunTime:0.000333s ]
ERR: 无法加载模块:Wenda

[ 2016-04-05T07:25:06+08:00 ] 127.0.0.1 /Wenda/Public/Index/Js/member.js
INFO: [ app_init ] --START--
INFO: Run Behavior\BuildLiteBehavior [ RunTime:0.000023s ]
INFO: [ app_init ] --END-- [ RunTime:0.002200s ]
ERR: 无法加载模块:Wenda

[ 2016-04-05T07:25:15+08:00 ] 127.0.0.1 /Wenda/Public/Index/Js/member.js
INFO: [ app_init ] --START--
INFO: Run Behavior\BuildLiteBehavior [ RunTime:0.000023s ]
INFO: [ app_init ] --END-- [ RunTime:0.002174s ]
ERR: 无法加载模块:Wenda

[ 2016-04-05T07:25:21+08:00 ] 127.0.0.1 /Wenda/Public/Index/Js/member.js
INFO: [ app_init ] --START--
INFO: Run Behavior\BuildLiteBehavior [ RunTime:0.000020s ]
INFO: [ app_init ] --END-- [ RunTime:0.000315s ]
ERR: 无法加载模块:Wenda

[ 2016-04-05T07:25:22+08:00 ] 127.0.0.1 /Wenda/Public/Index/Js/member.js
INFO: [ app_init ] --START--
INFO: Run Behavior\BuildLiteBehavior [ RunTime:0.000015s ]
INFO: [ app_init ] --END-- [ RunTime:0.000205s ]
ERR: 无法加载模块:Wenda

[ 2016-04-05T07:25:23+08:00 ] 127.0.0.1 /Wenda/Public/Index/Js/member.js
INFO: [ app_init ] --START--
INFO: Run Behavior\BuildLiteBehavior [ RunTime:0.000033s ]
INFO: [ app_init ] --END-- [ RunTime:0.000416s ]
ERR: 无法加载模块:Wenda

[ 2016-04-05T07:25:25+08:00 ] 127.0.0.1 /Wenda/Public/Index/Js/member.js
INFO: [ app_init ] --START--
INFO: Run Behavior\BuildLiteBehavior [ RunTime:0.000021s ]
INFO: [ app_init ] --END-- [ RunTime:0.000313s ]
ERR: 无法加载模块:Wenda

[ 2016-04-05T07:32:06+08:00 ] 127.0.0.1 /Wenda/Public/Index/Js/member.js
INFO: [ app_init ] --START--
INFO: Run Behavior\BuildLiteBehavior [ RunTime:0.000025s ]
INFO: [ app_init ] --END-- [ RunTime:0.000367s ]
ERR: 无法加载模块:Wenda

[ 2016-04-05T07:32:37+08:00 ] 127.0.0.1 /Wenda/Public/Index/Js/member.js
INFO: [ app_init ] --START--
INFO: Run Behavior\BuildLiteBehavior [ RunTime:0.000020s ]
INFO: [ app_init ] --END-- [ RunTime:0.000467s ]
ERR: 无法加载模块:Wenda

[ 2016-04-05T07:32:45+08:00 ] 127.0.0.1 /Wenda/Public/Index/Js/member.js
INFO: [ app_init ] --START--
INFO: Run Behavior\BuildLiteBehavior [ RunTime:0.000020s ]
INFO: [ app_init ] --END-- [ RunTime:0.000319s ]
ERR: 无法加载模块:Wenda

[ 2016-04-05T07:32:47+08:00 ] 127.0.0.1 /Wenda/Public/Index/Js/member.js
INFO: [ app_init ] --START--
INFO: Run Behavior\BuildLiteBehavior [ RunTime:0.000023s ]
INFO: [ app_init ] --END-- [ RunTime:0.000369s ]
ERR: 无法加载模块:Wenda

[ 2016-04-05T07:33:32+08:00 ] 127.0.0.1 /Wenda/Public/Index/Js/member.js
INFO: [ app_init ] --START--
INFO: Run Behavior\BuildLiteBehavior [ RunTime:0.000024s ]
INFO: [ app_init ] --END-- [ RunTime:0.000356s ]
ERR: 无法加载模块:Wenda

[ 2016-04-05T07:33:34+08:00 ] 127.0.0.1 /Wenda/Public/Index/Js/member.js
INFO: [ app_init ] --START--
INFO: Run Behavior\BuildLiteBehavior [ RunTime:0.000012s ]
INFO: [ app_init ] --END-- [ RunTime:0.000195s ]
ERR: 无法加载模块:Wenda

[ 2016-04-05T07:33:36+08:00 ] 127.0.0.1 /Wenda/Public/Index/Js/member.js
INFO: [ app_init ] --START--
INFO: Run Behavior\BuildLiteBehavior [ RunTime:0.000012s ]
INFO: [ app_init ] --END-- [ RunTime:0.000204s ]
ERR: 无法加载模块:Wenda

[ 2016-04-05T07:33:49+08:00 ] 127.0.0.1 /Wenda/Public/Index/Js/member.js
INFO: [ app_init ] --START--
INFO: Run Behavior\BuildLiteBehavior [ RunTime:0.000013s ]
INFO: [ app_init ] --END-- [ RunTime:0.000300s ]
ERR: 无法加载模块:Wenda

[ 2016-04-05T07:34:46+08:00 ] 127.0.0.1 /Wenda/Public/Index/Js/member.js
INFO: [ app_init ] --START--
INFO: Run Behavior\BuildLiteBehavior [ RunTime:0.000013s ]
INFO: [ app_init ] --END-- [ RunTime:0.000198s ]
ERR: 无法加载模块:Wenda

[ 2016-04-05T07:48:59+08:00 ] 127.0.0.1 /Wenda/Public/Index/Js/member.js
INFO: [ app_init ] --START--
INFO: Run Behavior\BuildLiteBehavior [ RunTime:0.000024s ]
INFO: [ app_init ] --END-- [ RunTime:0.000549s ]
ERR: 无法加载模块:Wenda

[ 2016-04-05T07:49:21+08:00 ] 127.0.0.1 /Wenda/Public/Index/Js/member.js
INFO: [ app_init ] --START--
INFO: Run Behavior\BuildLiteBehavior [ RunTime:0.000015s ]
INFO: [ app_init ] --END-- [ RunTime:0.000215s ]
ERR: 无法加载模块:Wenda

[ 2016-04-05T07:49:26+08:00 ] 127.0.0.1 /Wenda/Public/Index/Js/member.js
INFO: [ app_init ] --START--
INFO: Run Behavior\BuildLiteBehavior [ RunTime:0.000012s ]
INFO: [ app_init ] --END-- [ RunTime:0.000197s ]
ERR: 无法加载模块:Wenda

[ 2016-04-05T07:49:30+08:00 ] 127.0.0.1 /Wenda/Public/Index/Js/member.js
INFO: [ app_init ] --START--
INFO: Run Behavior\BuildLiteBehavior [ RunTime:0.000021s ]
INFO: [ app_init ] --END-- [ RunTime:0.000321s ]
ERR: 无法加载模块:Wenda

[ 2016-04-05T07:49:36+08:00 ] 127.0.0.1 /Wenda/Public/Index/Js/member.js
INFO: [ app_init ] --START--
INFO: Run Behavior\BuildLiteBehavior [ RunTime:0.000022s ]
INFO: [ app_init ] --END-- [ RunTime:0.000312s ]
ERR: 无法加载模块:Wenda

[ 2016-04-05T07:55:16+08:00 ] 127.0.0.1 /Wenda/Public/Index/Js/member.js
INFO: [ app_init ] --START--
INFO: Run Behavior\BuildLiteBehavior [ RunTime:0.000020s ]
INFO: [ app_init ] --END-- [ RunTime:0.000326s ]
ERR: 无法加载模块:Wenda

[ 2016-04-05T07:56:50+08:00 ] 127.0.0.1 /Wenda/Public/Index/Js/member.js
INFO: [ app_init ] --START--
INFO: Run Behavior\BuildLiteBehavior [ RunTime:0.000022s ]
INFO: [ app_init ] --END-- [ RunTime:0.000327s ]
ERR: 无法加载模块:Wenda

[ 2016-04-05T07:57:39+08:00 ] 127.0.0.1 /Wenda/Public/Index/Js/member.js
INFO: [ app_init ] --START--
INFO: Run Behavior\BuildLiteBehavior [ RunTime:0.000022s ]
INFO: [ app_init ] --END-- [ RunTime:0.000354s ]
ERR: 无法加载模块:Wenda

[ 2016-04-05T07:57:43+08:00 ] 127.0.0.1 /Wenda/Public/Index/Js/question.js
INFO: [ app_init ] --START--
INFO: Run Behavior\BuildLiteBehavior [ RunTime:0.000022s ]
INFO: [ app_init ] --END-- [ RunTime:0.000323s ]
ERR: 无法加载模块:Wenda

[ 2016-04-05T07:57:47+08:00 ] 127.0.0.1 /Wenda/Public/Index/Js/question.js
INFO: [ app_init ] --START--
INFO: Run Behavior\BuildLiteBehavior [ RunTime:0.000020s ]
INFO: [ app_init ] --END-- [ RunTime:0.000325s ]
ERR: 无法加载模块:Wenda

[ 2016-04-05T10:00:52+08:00 ] 127.0.0.1 /Wenda/Public/Index/Js/question.js
INFO: [ app_init ] --START--
INFO: Run Behavior\BuildLiteBehavior [ RunTime:0.000024s ]
INFO: [ app_init ] --END-- [ RunTime:0.000316s ]
ERR: 无法加载模块:Wenda

[ 2016-04-05T10:00:54+08:00 ] 127.0.0.1 /Wenda/Public/Index/Js/question.js
INFO: [ app_init ] --START--
INFO: Run Behavior\BuildLiteBehavior [ RunTime:0.000021s ]
INFO: [ app_init ] --END-- [ RunTime:0.000697s ]
ERR: 无法加载模块:Wenda

[ 2016-04-05T10:15:14+08:00 ] 127.0.0.1 /Wenda/Public/Index/Js/question.js
INFO: [ app_init ] --START--
INFO: Run Behavior\BuildLiteBehavior [ RunTime:0.000014s ]
INFO: [ app_init ] --END-- [ RunTime:0.000224s ]
ERR: 无法加载模块:Wenda

[ 2016-04-05T10:15:19+08:00 ] 127.0.0.1 /Wenda/Public/Index/Js/question.js
INFO: [ app_init ] --START--
INFO: Run Behavior\BuildLiteBehavior [ RunTime:0.000024s ]
INFO: [ app_init ] --END-- [ RunTime:0.000387s ]
ERR: 无法加载模块:Wenda

[ 2016-04-05T10:15:25+08:00 ] 127.0.0.1 /Wenda/Public/Index/Js/question.js
INFO: [ app_init ] --START--
INFO: Run Behavior\BuildLiteBehavior [ RunTime:0.000013s ]
INFO: [ app_init ] --END-- [ RunTime:0.000210s ]
ERR: 无法加载模块:Wenda

[ 2016-04-05T10:15:33+08:00 ] 127.0.0.1 /Wenda/Public/Index/Js/question.js
INFO: [ app_init ] --START--
INFO: Run Behavior\BuildLiteBehavior [ RunTime:0.000022s ]
INFO: [ app_init ] --END-- [ RunTime:0.000251s ]
ERR: 无法加载模块:Wenda

[ 2016-04-05T10:15:40+08:00 ] 127.0.0.1 /Wenda/Public/Index/Js/question.js
INFO: [ app_init ] --START--
INFO: Run Behavior\BuildLiteBehavior [ RunTime:0.000014s ]
INFO: [ app_init ] --END-- [ RunTime:0.000206s ]
ERR: 无法加载模块:Wenda

[ 2016-04-05T10:15:45+08:00 ] 127.0.0.1 /Wenda/Public/Index/Js/question.js
INFO: [ app_init ] --START--
INFO: Run Behavior\BuildLiteBehavior [ RunTime:0.000014s ]
INFO: [ app_init ] --END-- [ RunTime:0.000208s ]
ERR: 无法加载模块:Wenda

[ 2016-04-05T12:53:52+08:00 ] 127.0.0.1 /favicon.ico
INFO: [ app_init ] --START--
INFO: Run Behavior\BuildLiteBehavior [ RunTime:0.000013s ]
INFO: [ app_init ] --END-- [ RunTime:0.000214s ]
ERR: 无法加载模块:Favicon

[ 2016-04-05T13:42:18+08:00 ] 127.0.0.1 /Upload/Face/$face
INFO: [ app_init ] --START--
INFO: Run Behavior\BuildLiteBehavior [ RunTime:0.000014s ]
INFO: [ app_init ] --END-- [ RunTime:0.000202s ]
ERR: 无法加载模块:Upload

[ 2016-04-05T13:42:21+08:00 ] 127.0.0.1 /Upload/Face/$face
INFO: [ app_init ] --START--
INFO: Run Behavior\BuildLiteBehavior [ RunTime:0.000020s ]
INFO: [ app_init ] --END-- [ RunTime:0.000292s ]
ERR: 无法加载模块:Upload

[ 2016-04-05T13:43:46+08:00 ] 127.0.0.1 /Upload/Face/$face
INFO: [ app_init ] --START--
INFO: Run Behavior\BuildLiteBehavior [ RunTime:0.000020s ]
INFO: [ app_init ] --END-- [ RunTime:0.000271s ]
ERR: 无法加载模块:Upload

[ 2016-04-05T13:44:17+08:00 ] 127.0.0.1 /Upload/Face//Wenda/Public/Index/Images/noface.gif
INFO: [ app_init ] --START--
INFO: Run Behavior\BuildLiteBehavior [ RunTime:0.000015s ]
INFO: [ app_init ] --END-- [ RunTime:0.000251s ]
ERR: 无法加载模块:Upload

[ 2016-04-05T13:46:01+08:00 ] 127.0.0.1 /Upload/Face/
INFO: [ app_init ] --START--
INFO: Run Behavior\BuildLiteBehavior [ RunTime:0.000025s ]
INFO: [ app_init ] --END-- [ RunTime:0.000392s ]
ERR: 无法加载模块:Upload

[ 2016-04-05T13:46:31+08:00 ] 127.0.0.1 /Upload/Face/$face
INFO: [ app_init ] --START--
INFO: Run Behavior\BuildLiteBehavior [ RunTime:0.000022s ]
INFO: [ app_init ] --END-- [ RunTime:0.000391s ]
ERR: 无法加载模块:Upload

[ 2016-04-05T13:46:45+08:00 ] 127.0.0.1 /Upload/Face//Wenda/Public/Index/Images/noface.gif
INFO: [ app_init ] --START--
INFO: Run Behavior\BuildLiteBehavior [ RunTime:0.000023s ]
INFO: [ app_init ] --END-- [ RunTime:0.000367s ]
ERR: 无法加载模块:Upload

[ 2016-04-05T13:48:47+08:00 ] 127.0.0.1 /Upload/Face/$face
INFO: [ app_init ] --START--
INFO: Run Behavior\BuildLiteBehavior [ RunTime:0.000134s ]
INFO: [ app_init ] --END-- [ RunTime:0.000521s ]
ERR: 无法加载模块:Upload

[ 2016-04-05T13:49:31+08:00 ] 127.0.0.1 /Upload/Face/$face
INFO: [ app_init ] --START--
INFO: Run Behavior\BuildLiteBehavior [ RunTime:0.000020s ]
INFO: [ app_init ] --END-- [ RunTime:0.000334s ]
ERR: 无法加载模块:Upload

[ 2016-04-05T13:50:01+08:00 ] 127.0.0.1 /Upload/Face/$face
INFO: [ app_init ] --START--
INFO: Run Behavior\BuildLiteBehavior [ RunTime:0.000015s ]
INFO: [ app_init ] --END-- [ RunTime:0.000229s ]
ERR: 无法加载模块:Upload

[ 2016-04-05T13:50:37+08:00 ] 127.0.0.1 /Upload/Face/$face
INFO: [ app_init ] --START--
INFO: Run Behavior\BuildLiteBehavior [ RunTime:0.000025s ]
INFO: [ app_init ] --END-- [ RunTime:0.000393s ]
ERR: 无法加载模块:Upload

[ 2016-04-05T13:53:03+08:00 ] 127.0.0.1 /Upload/Face/$face
INFO: [ app_init ] --START--
INFO: Run Behavior\BuildLiteBehavior [ RunTime:0.000016s ]
INFO: [ app_init ] --END-- [ RunTime:0.000238s ]
ERR: 无法加载模块:Upload

[ 2016-04-05T13:53:32+08:00 ] 127.0.0.1 /Upload/Face/$face
INFO: [ app_init ] --START--
INFO: Run Behavior\BuildLiteBehavior [ RunTime:0.000015s ]
INFO: [ app_init ] --END-- [ RunTime:0.000229s ]
ERR: 无法加载模块:Upload

[ 2016-04-05T13:53:40+08:00 ] 127.0.0.1 /Upload/Face/$face
INFO: [ app_init ] --START--
INFO: Run Behavior\BuildLiteBehavior [ RunTime:0.000015s ]
INFO: [ app_init ] --END-- [ RunTime:0.000275s ]
ERR: 无法加载模块:Upload

[ 2016-04-05T13:53:58+08:00 ] 127.0.0.1 /Upload/Face/$faces
INFO: [ app_init ] --START--
INFO: Run Behavior\BuildLiteBehavior [ RunTime:0.000014s ]
INFO: [ app_init ] --END-- [ RunTime:0.000214s ]
ERR: 无法加载模块:Upload

[ 2016-04-05T13:54:16+08:00 ] 127.0.0.1 /Upload/Face/1
INFO: [ app_init ] --START--
INFO: Run Behavior\BuildLiteBehavior [ RunTime:0.000024s ]
INFO: [ app_init ] --END-- [ RunTime:0.000387s ]
ERR: 无法加载模块:Upload

[ 2016-04-05T15:22:46+08:00 ] 127.0.0.1 /favicon.ico
INFO: [ app_init ] --START--
INFO: Run Behavior\BuildLiteBehavior [ RunTime:0.000013s ]
INFO: [ app_init ] --END-- [ RunTime:0.000209s ]
ERR: 无法加载模块:Favicon

[ 2016-04-05T16:31:37+08:00 ] 127.0.0.1 /Uploads/Face/2016-04-05/570377e89cd12.jpg
INFO: [ app_init ] --START--
INFO: Run Behavior\BuildLiteBehavior [ RunTime:0.000038s ]
INFO: [ app_init ] --END-- [ RunTime:0.000641s ]
ERR: 无法加载模块:Uploads

[ 2016-04-05T16:31:37+08:00 ] 127.0.0.1 /Uploads/Face/2016-04-05/570377e89cd12.jpg
INFO: [ app_init ] --START--
INFO: Run Behavior\BuildLiteBehavior [ RunTime:0.000017s ]
INFO: [ app_init ] --END-- [ RunTime:0.000237s ]
ERR: 无法加载模块:Uploads

[ 2016-04-05T16:33:18+08:00 ] 127.0.0.1 /Uploads/Face/2016-04-05/570377e89cd12.jpg
INFO: [ app_init ] --START--
INFO: Run Behavior\BuildLiteBehavior [ RunTime:0.000015s ]
INFO: [ app_init ] --END-- [ RunTime:0.000261s ]
ERR: 无法加载模块:Uploads

[ 2016-04-05T16:33:18+08:00 ] 127.0.0.1 /Uploads/Face/2016-04-05/570377e89cd12.jpg
INFO: [ app_init ] --START--
INFO: Run Behavior\BuildLiteBehavior [ RunTime:0.000015s ]
INFO: [ app_init ] --END-- [ RunTime:0.000219s ]
ERR: 无法加载模块:Uploads

[ 2016-04-05T16:41:45+08:00 ] 127.0.0.1 /Uploads/Face/2016-04-05/570377e89cd12.jpg
INFO: [ app_init ] --START--
INFO: Run Behavior\BuildLiteBehavior [ RunTime:0.000099s ]
INFO: [ app_init ] --END-- [ RunTime:0.000328s ]
ERR: 无法加载模块:Uploads

[ 2016-04-05T16:48:51+08:00 ] 127.0.0.1 /Uploads/Face/2016-04-05/57037bf273775.jpg
INFO: [ app_init ] --START--
INFO: Run Behavior\BuildLiteBehavior [ RunTime:0.000013s ]
INFO: [ app_init ] --END-- [ RunTime:0.000194s ]
ERR: 无法加载模块:Uploads

[ 2016-04-05T16:48:51+08:00 ] 127.0.0.1 /Uploads/Face/2016-04-05/57037bf273775.jpg
INFO: [ app_init ] --START--
INFO: Run Behavior\BuildLiteBehavior [ RunTime:0.000014s ]
INFO: [ app_init ] --END-- [ RunTime:0.000205s ]
ERR: 无法加载模块:Uploads

[ 2016-04-05T16:49:40+08:00 ] 127.0.0.1 /Uploads/Face/2016-04-05/57037bf273775.jpg
INFO: [ app_init ] --START--
INFO: Run Behavior\BuildLiteBehavior [ RunTime:0.000023s ]
INFO: [ app_init ] --END-- [ RunTime:0.000373s ]
ERR: 无法加载模块:Uploads

[ 2016-04-05T16:49:40+08:00 ] 127.0.0.1 /Upload/Face/2016-04-05/57037bf273775.jpg
INFO: [ app_init ] --START--
INFO: Run Behavior\BuildLiteBehavior [ RunTime:0.000017s ]
INFO: [ app_init ] --END-- [ RunTime:0.000309s ]
ERR: 无法加载模块:Upload

[ 2016-04-05T16:49:40+08:00 ] 127.0.0.1 /Uploads/Face/2016-04-05/57037bf273775.jpg
INFO: [ app_init ] --START--
INFO: Run Behavior\BuildLiteBehavior [ RunTime:0.000022s ]
INFO: [ app_init ] --END-- [ RunTime:0.000427s ]
ERR: 无法加载模块:Uploads

[ 2016-04-05T16:49:49+08:00 ] 127.0.0.1 /Uploads/Face/2016-04-05/57037c2c5472f.jpg
INFO: [ app_init ] --START--
INFO: Run Behavior\BuildLiteBehavior [ RunTime:0.000015s ]
INFO: [ app_init ] --END-- [ RunTime:0.000272s ]
ERR: 无法加载模块:Uploads

[ 2016-04-05T16:49:49+08:00 ] 127.0.0.1 /Uploads/Face/2016-04-05/57037c2c5472f.jpg
INFO: [ app_init ] --START--
INFO: Run Behavior\BuildLiteBehavior [ RunTime:0.000043s ]
INFO: [ app_init ] --END-- [ RunTime:0.000484s ]
ERR: 无法加载模块:Uploads

[ 2016-04-05T16:49:58+08:00 ] 127.0.0.1 /Uploads/Face/2016-04-05/57037c3567c55.jpg
INFO: [ app_init ] --START--
INFO: Run Behavior\BuildLiteBehavior [ RunTime:0.000015s ]
INFO: [ app_init ] --END-- [ RunTime:0.000221s ]
ERR: 无法加载模块:Uploads

[ 2016-04-05T16:49:58+08:00 ] 127.0.0.1 /Uploads/Face/2016-04-05/57037c3567c55.jpg
INFO: [ app_init ] --START--
INFO: Run Behavior\BuildLiteBehavior [ RunTime:0.000016s ]
INFO: [ app_init ] --END-- [ RunTime:0.000230s ]
ERR: 无法加载模块:Uploads

[ 2016-04-05T16:52:54+08:00 ] 127.0.0.1 /Uploads/Face/2016-04-05/57037c3567c55.jpg
INFO: [ app_init ] --START--
INFO: Run Behavior\BuildLiteBehavior [ RunTime:0.000017s ]
INFO: [ app_init ] --END-- [ RunTime:0.000236s ]
ERR: 无法加载模块:Uploads

[ 2016-04-05T16:52:54+08:00 ] 127.0.0.1 /Upload/Face/2016-04-05/57037c3567c55.jpg
INFO: [ app_init ] --START--
INFO: Run Behavior\BuildLiteBehavior [ RunTime:0.000018s ]
INFO: [ app_init ] --END-- [ RunTime:0.000567s ]
ERR: 无法加载模块:Upload

[ 2016-04-05T16:54:18+08:00 ] 127.0.0.1 /Upload/Face/2016-04-05/57037c3567c55.jpg
INFO: [ app_init ] --START--
INFO: Run Behavior\BuildLiteBehavior [ RunTime:0.000022s ]
INFO: [ app_init ] --END-- [ RunTime:0.000368s ]
ERR: 无法加载模块:Upload

[ 2016-04-05T16:54:18+08:00 ] 127.0.0.1 /Uploads/Face/2016-04-05/57037c3567c55.jpg
INFO: [ app_init ] --START--
INFO: Run Behavior\BuildLiteBehavior [ RunTime:0.000020s ]
INFO: [ app_init ] --END-- [ RunTime:0.000272s ]
ERR: 无法加载模块:Uploads

[ 2016-04-05T16:54:18+08:00 ] 127.0.0.1 /Upload/Face/2016-04-05/57037c3567c55.jpg
INFO: [ app_init ] --START--
INFO: Run Behavior\BuildLiteBehavior [ RunTime:0.000021s ]
INFO: [ app_init ] --END-- [ RunTime:0.000316s ]
ERR: 无法加载模块:Upload

[ 2016-04-05T16:54:18+08:00 ] 127.0.0.1 /Uploads/Face/2016-04-05/57037c3567c55.jpg
INFO: [ app_init ] --START--
INFO: Run Behavior\BuildLiteBehavior [ RunTime:0.000049s ]
INFO: [ app_init ] --END-- [ RunTime:0.001350s ]
ERR: 无法加载模块:Uploads

[ 2016-04-05T16:56:12+08:00 ] 127.0.0.1 /Uploads/Face/2016-04-05/57037c3567c55.jpg
INFO: [ app_init ] --START--
INFO: Run Behavior\BuildLiteBehavior [ RunTime:0.000015s ]
INFO: [ app_init ] --END-- [ RunTime:0.000250s ]
ERR: 无法加载模块:Uploads

[ 2016-04-05T16:56:12+08:00 ] 127.0.0.1 /Upload/Face/2016-04-05/57037c3567c55.jpg
INFO: [ app_init ] --START--
INFO: Run Behavior\BuildLiteBehavior [ RunTime:0.000019s ]
INFO: [ app_init ] --END-- [ RunTime:0.000309s ]
ERR: 无法加载模块:Upload

[ 2016-04-05T16:56:12+08:00 ] 127.0.0.1 /Uploads/Face/2016-04-05/57037c3567c55.jpg
INFO: [ app_init ] --START--
INFO: Run Behavior\BuildLiteBehavior [ RunTime:0.000022s ]
INFO: [ app_init ] --END-- [ RunTime:0.000322s ]
ERR: 无法加载模块:Uploads

[ 2016-04-05T16:56:12+08:00 ] 127.0.0.1 /Upload/Face/2016-04-05/57037c3567c55.jpg
INFO: [ app_init ] --START--
INFO: Run Behavior\BuildLiteBehavior [ RunTime:0.000023s ]
INFO: [ app_init ] --END-- [ RunTime:0.000410s ]
ERR: 无法加载模块:Upload

[ 2016-04-05T16:56:47+08:00 ] 127.0.0.1 /Uploads/Face/2016-04-05/57037c3567c55.jpg
INFO: [ app_init ] --START--
INFO: Run Behavior\BuildLiteBehavior [ RunTime:0.000023s ]
INFO: [ app_init ] --END-- [ RunTime:0.000355s ]
ERR: 无法加载模块:Uploads

[ 2016-04-05T16:56:47+08:00 ] 127.0.0.1 /Upload/Face/2016-04-05/57037c3567c55.jpg
INFO: [ app_init ] --START--
INFO: Run Behavior\BuildLiteBehavior [ RunTime:0.000017s ]
INFO: [ app_init ] --END-- [ RunTime:0.000312s ]
ERR: 无法加载模块:Upload

[ 2016-04-05T16:56:47+08:00 ] 127.0.0.1 /Uploads/Face/2016-04-05/57037c3567c55.jpg
INFO: [ app_init ] --START--
INFO: Run Behavior\BuildLiteBehavior [ RunTime:0.000025s ]
INFO: [ app_init ] --END-- [ RunTime:0.000355s ]
ERR: 无法加载模块:Uploads

[ 2016-04-05T16:56:47+08:00 ] 127.0.0.1 /Upload/Face/2016-04-05/57037c3567c55.jpg
INFO: [ app_init ] --START--
INFO: Run Behavior\BuildLiteBehavior [ RunTime:0.000025s ]
INFO: [ app_init ] --END-- [ RunTime:0.000375s ]
ERR: 无法加载模块:Upload

[ 2016-04-05T16:57:47+08:00 ] 127.0.0.1 /Upload/Face/2016-04-05/57037c3567c55.jpg
INFO: [ app_init ] --START--
INFO: Run Behavior\BuildLiteBehavior [ RunTime:0.000015s ]
INFO: [ app_init ] --END-- [ RunTime:0.000224s ]
ERR: 无法加载模块:Upload

[ 2016-04-05T16:57:47+08:00 ] 127.0.0.1 /Uploads/Face/2016-04-05/57037c3567c55.jpg
INFO: [ app_init ] --START--
INFO: Run Behavior\BuildLiteBehavior [ RunTime:0.000018s ]
INFO: [ app_init ] --END-- [ RunTime:0.000332s ]
ERR: 无法加载模块:Uploads

[ 2016-04-05T16:57:47+08:00 ] 127.0.0.1 /Uploads/Face/2016-04-05/57037c3567c55.jpg
INFO: [ app_init ] --START--
INFO: Run Behavior\BuildLiteBehavior [ RunTime:0.000023s ]
INFO: [ app_init ] --END-- [ RunTime:0.000346s ]
ERR: 无法加载模块:Uploads

[ 2016-04-05T16:57:47+08:00 ] 127.0.0.1 /Upload/Face/2016-04-05/57037c3567c55.jpg
INFO: [ app_init ] --START--
INFO: Run Behavior\BuildLiteBehavior [ RunTime:0.000025s ]
INFO: [ app_init ] --END-- [ RunTime:0.000358s ]
ERR: 无法加载模块:Upload

[ 2016-04-05T16:58:34+08:00 ] 127.0.0.1 /Uploads/Face/2016-04-05/57037c3567c55.jpg
INFO: [ app_init ] --START--
INFO: Run Behavior\BuildLiteBehavior [ RunTime:0.000015s ]
INFO: [ app_init ] --END-- [ RunTime:0.000235s ]
ERR: 无法加载模块:Uploads

[ 2016-04-05T16:58:34+08:00 ] 127.0.0.1 /Upload/Face/2016-04-05/57037c3567c55.jpg
INFO: [ app_init ] --START--
INFO: Run Behavior\BuildLiteBehavior [ RunTime:0.000018s ]
INFO: [ app_init ] --END-- [ RunTime:0.000219s ]
ERR: 无法加载模块:Upload

[ 2016-04-05T16:58:34+08:00 ] 127.0.0.1 /Uploads/Face/2016-04-05/57037c3567c55.jpg
INFO: [ app_init ] --START--
INFO: Run Behavior\BuildLiteBehavior [ RunTime:0.000027s ]
INFO: [ app_init ] --END-- [ RunTime:0.000450s ]
ERR: 无法加载模块:Uploads

[ 2016-04-05T16:58:34+08:00 ] 127.0.0.1 /Upload/Face/2016-04-05/57037c3567c55.jpg
INFO: [ app_init ] --START--
INFO: Run Behavior\BuildLiteBehavior [ RunTime:0.000020s ]
INFO: [ app_init ] --END-- [ RunTime:0.000314s ]
ERR: 无法加载模块:Upload

[ 2016-04-05T17:02:13+08:00 ] 127.0.0.1 /Uploads/Face/2016-04-05/57037f147bea7.jpg
INFO: [ app_init ] --START--
INFO: Run Behavior\BuildLiteBehavior [ RunTime:0.000016s ]
INFO: [ app_init ] --END-- [ RunTime:0.000263s ]
ERR: 无法加载模块:Uploads

[ 2016-04-05T17:02:13+08:00 ] 127.0.0.1 /Uploads/Face/2016-04-05/57037f147bea7.jpg
INFO: [ app_init ] --START--
INFO: Run Behavior\BuildLiteBehavior [ RunTime:0.000026s ]
INFO: [ app_init ] --END-- [ RunTime:0.000418s ]
ERR: 无法加载模块:Uploads

[ 2016-04-05T17:02:59+08:00 ] 127.0.0.1 /Uploads/Face/2016-04-05/57037f42ced05.jpg
INFO: [ app_init ] --START--
INFO: Run Behavior\BuildLiteBehavior [ RunTime:0.000063s ]
INFO: [ app_init ] --END-- [ RunTime:0.000538s ]
ERR: 无法加载模块:Uploads

[ 2016-04-05T17:02:59+08:00 ] 127.0.0.1 /Uploads/Face/2016-04-05/57037f42ced05.jpg
INFO: [ app_init ] --START--
INFO: Run Behavior\BuildLiteBehavior [ RunTime:0.000021s ]
INFO: [ app_init ] --END-- [ RunTime:0.000296s ]
ERR: 无法加载模块:Uploads

[ 2016-04-05T17:03:55+08:00 ] 127.0.0.1 /Uploads/Face/2016-04-05/57037f7ad5e13.jpg
INFO: [ app_init ] --START--
INFO: Run Behavior\BuildLiteBehavior [ RunTime:0.000017s ]
INFO: [ app_init ] --END-- [ RunTime:0.000279s ]
ERR: 无法加载模块:Uploads

[ 2016-04-05T17:03:56+08:00 ] 127.0.0.1 /Uploads/Face/2016-04-05/57037f7ad5e13.jpg
INFO: [ app_init ] --START--
INFO: Run Behavior\BuildLiteBehavior [ RunTime:0.000022s ]
INFO: [ app_init ] --END-- [ RunTime:0.000358s ]
ERR: 无法加载模块:Uploads

[ 2016-04-05T17:04:14+08:00 ] 127.0.0.1 /Uploads/Face/2016-04-05/57037f8dc2f92.jpg
INFO: [ app_init ] --START--
INFO: Run Behavior\BuildLiteBehavior [ RunTime:0.000015s ]
INFO: [ app_init ] --END-- [ RunTime:0.000214s ]
ERR: 无法加载模块:Uploads

[ 2016-04-05T17:04:14+08:00 ] 127.0.0.1 /Uploads/Face/2016-04-05/57037f8dc2f92.jpg
INFO: [ app_init ] --START--
INFO: Run Behavior\BuildLiteBehavior [ RunTime:0.000015s ]
INFO: [ app_init ] --END-- [ RunTime:0.000214s ]
ERR: 无法加载模块:Uploads

[ 2016-04-05T17:05:37+08:00 ] 127.0.0.1 /Uploads/Face/2016-04-05/57037fe0cd16e.jpg
INFO: [ app_init ] --START--
INFO: Run Behavior\BuildLiteBehavior [ RunTime:0.000014s ]
INFO: [ app_init ] --END-- [ RunTime:0.000212s ]
ERR: 无法加载模块:Uploads

[ 2016-04-05T17:05:37+08:00 ] 127.0.0.1 /Uploads/Face/2016-04-05/57037fe0cd16e.jpg
INFO: [ app_init ] --START--
INFO: Run Behavior\BuildLiteBehavior [ RunTime:0.000014s ]
INFO: [ app_init ] --END-- [ RunTime:0.000207s ]
ERR: 无法加载模块:Uploads

[ 2016-04-05T17:06:18+08:00 ] 127.0.0.1 /Uploads/Face/2016-04-05/57038009d76a0.jpg
INFO: [ app_init ] --START--
INFO: Run Behavior\BuildLiteBehavior [ RunTime:0.000024s ]
INFO: [ app_init ] --END-- [ RunTime:0.000391s ]
ERR: 无法加载模块:Uploads

[ 2016-04-05T17:06:19+08:00 ] 127.0.0.1 /Uploads/Face/2016-04-05/57038009d76a0.jpg
INFO: [ app_init ] --START--
INFO: Run Behavior\BuildLiteBehavior [ RunTime:0.000020s ]
INFO: [ app_init ] --END-- [ RunTime:0.000417s ]
ERR: 无法加载模块:Uploads

[ 2016-04-05T17:10:38+08:00 ] 127.0.0.1 /Uploads/Face/2016-04-05/5703810d9b1cd.jpg
INFO: [ app_init ] --START--
INFO: Run Behavior\BuildLiteBehavior [ RunTime:0.000014s ]
INFO: [ app_init ] --END-- [ RunTime:0.000219s ]
ERR: 无法加载模块:Uploads

[ 2016-04-05T17:10:38+08:00 ] 127.0.0.1 /Uploads/Face/2016-04-05/5703810d9b1cd.jpg
INFO: [ app_init ] --START--
INFO: Run Behavior\BuildLiteBehavior [ RunTime:0.000014s ]
INFO: [ app_init ] --END-- [ RunTime:0.000212s ]
ERR: 无法加载模块:Uploads

[ 2016-04-05T17:23:49+08:00 ] 127.0.0.1 /Uploads/Face/2016-04-05/570384241c41c.jpg
INFO: [ app_init ] --START--
INFO: Run Behavior\BuildLiteBehavior [ RunTime:0.000067s ]
INFO: [ app_init ] --END-- [ RunTime:0.001007s ]
ERR: 无法加载模块:Uploads

[ 2016-04-05T17:23:49+08:00 ] 127.0.0.1 /Uploads/Face/2016-04-05/570384241c41c.jpg
INFO: [ app_init ] --START--
INFO: Run Behavior\BuildLiteBehavior [ RunTime:0.000064s ]
INFO: [ app_init ] --END-- [ RunTime:0.000669s ]
ERR: 无法加载模块:Uploads

[ 2016-04-05T17:25:26+08:00 ] 127.0.0.1 /Uploads/Face/2016-04-05/57038485a91ad.jpg
INFO: [ app_init ] --START--
INFO: Run Behavior\BuildLiteBehavior [ RunTime:0.000014s ]
INFO: [ app_init ] --END-- [ RunTime:0.000228s ]
ERR: 无法加载模块:Uploads

[ 2016-04-05T17:25:26+08:00 ] 127.0.0.1 /Uploads/Face/2016-04-05/57038485a91ad.jpg
INFO: [ app_init ] --START--
INFO: Run Behavior\BuildLiteBehavior [ RunTime:0.000014s ]
INFO: [ app_init ] --END-- [ RunTime:0.000209s ]
ERR: 无法加载模块:Uploads

[ 2016-04-05T17:27:28+08:00 ] 127.0.0.1 /Uploads/Face/2016-04-05/57038485a91ad.jpg
INFO: [ app_init ] --START--
INFO: Run Behavior\BuildLiteBehavior [ RunTime:0.000016s ]
INFO: [ app_init ] --END-- [ RunTime:0.000242s ]
ERR: 无法加载模块:Uploads

[ 2016-04-05T17:27:28+08:00 ] 127.0.0.1 /Uploads/Face/2016-04-05/57038485a91ad.jpg
INFO: [ app_init ] --START--
INFO: Run Behavior\BuildLiteBehavior [ RunTime:0.000020s ]
INFO: [ app_init ] --END-- [ RunTime:0.000376s ]
ERR: 无法加载模块:Uploads

[ 2016-04-05T17:27:33+08:00 ] 127.0.0.1 /Uploads/Face/2016-04-05/57038485a91ad.jpg
INFO: [ app_init ] --START--
INFO: Run Behavior\BuildLiteBehavior [ RunTime:0.000024s ]
INFO: [ app_init ] --END-- [ RunTime:0.000352s ]
ERR: 无法加载模块:Uploads

[ 2016-04-05T17:27:35+08:00 ] 127.0.0.1 /Uploads/Face/2016-04-05/57038485a91ad.jpg
INFO: [ app_init ] --START--
INFO: Run Behavior\BuildLiteBehavior [ RunTime:0.000014s ]
INFO: [ app_init ] --END-- [ RunTime:0.000205s ]
ERR: 无法加载模块:Uploads

[ 2016-04-05T17:27:35+08:00 ] 127.0.0.1 /Uploads/Face/2016-04-05/57038485a91ad.jpg
INFO: [ app_init ] --START--
INFO: Run Behavior\BuildLiteBehavior [ RunTime:0.000025s ]
INFO: [ app_init ] --END-- [ RunTime:0.000435s ]
ERR: 无法加载模块:Uploads

[ 2016-04-05T17:28:03+08:00 ] 127.0.0.1 /Uploads/Face/2016-04-05/57038485a91ad.jpg
INFO: [ app_init ] --START--
INFO: Run Behavior\BuildLiteBehavior [ RunTime:0.000022s ]
INFO: [ app_init ] --END-- [ RunTime:0.000342s ]
ERR: 无法加载模块:Uploads

[ 2016-04-05T17:28:03+08:00 ] 127.0.0.1 /Uploads/Face/2016-04-05/57038485a91ad.jpg
INFO: [ app_init ] --START--
INFO: Run Behavior\BuildLiteBehavior [ RunTime:0.000019s ]
INFO: [ app_init ] --END-- [ RunTime:0.000268s ]
ERR: 无法加载模块:Uploads

[ 2016-04-05T17:29:21+08:00 ] 127.0.0.1 /Uploads/Face/2016-04-05/57038485a91ad.jpg
INFO: [ app_init ] --START--
INFO: Run Behavior\BuildLiteBehavior [ RunTime:0.000014s ]
INFO: [ app_init ] --END-- [ RunTime:0.000214s ]
ERR: 无法加载模块:Uploads

[ 2016-04-05T17:29:21+08:00 ] 127.0.0.1 /Uploads/Face/2016-04-05/57038485a91ad.jpg
INFO: [ app_init ] --START--
INFO: Run Behavior\BuildLiteBehavior [ RunTime:0.000022s ]
INFO: [ app_init ] --END-- [ RunTime:0.000399s ]
ERR: 无法加载模块:Uploads

[ 2016-04-05T17:29:51+08:00 ] 127.0.0.1 /Uploads/Face/2016-04-05/57038485a91ad.jpg
INFO: [ app_init ] --START--
INFO: Run Behavior\BuildLiteBehavior [ RunTime:0.000016s ]
INFO: [ app_init ] --END-- [ RunTime:0.000219s ]
ERR: 无法加载模块:Uploads

[ 2016-04-05T17:29:51+08:00 ] 127.0.0.1 /Uploads/Face/2016-04-05/57038485a91ad.jpg
INFO: [ app_init ] --START--
INFO: Run Behavior\BuildLiteBehavior [ RunTime:0.000015s ]
INFO: [ app_init ] --END-- [ RunTime:0.000204s ]
ERR: 无法加载模块:Uploads

[ 2016-04-05T17:30:01+08:00 ] 127.0.0.1 /Uploads/Face/2016-04-05/57038485a91ad.jpg
INFO: [ app_init ] --START--
INFO: Run Behavior\BuildLiteBehavior [ RunTime:0.000015s ]
INFO: [ app_init ] --END-- [ RunTime:0.000297s ]
ERR: 无法加载模块:Uploads

[ 2016-04-05T17:30:02+08:00 ] 127.0.0.1 /Uploads/Face/2016-04-05/57038485a91ad.jpg
INFO: [ app_init ] --START--
INFO: Run Behavior\BuildLiteBehavior [ RunTime:0.000015s ]
INFO: [ app_init ] --END-- [ RunTime:0.000218s ]
ERR: 无法加载模块:Uploads

