[ 2016-03-31T07:57:59+08:00 ] 127.0.0.1 /Wenda/Public/Index/Js/question.js
INFO: [ app_init ] --START--
INFO: Run Behavior\BuildLiteBehavior [ RunTime:0.000020s ]
INFO: [ app_init ] --END-- [ RunTime:0.000323s ]
ERR: 无法加载模块:Wenda

[ 2016-03-31T07:57:59+08:00 ] 127.0.0.1 /Wenda/Public/Index/Js/question.js
INFO: [ app_init ] --START--
INFO: Run Behavior\BuildLiteBehavior [ RunTime:0.000012s ]
INFO: [ app_init ] --END-- [ RunTime:0.000199s ]
ERR: 无法加载模块:Wenda

[ 2016-03-31T07:59:04+08:00 ] 127.0.0.1 /Wenda/Public/Index/Js/question.js
INFO: [ app_init ] --START--
INFO: Run Behavior\BuildLiteBehavior [ RunTime:0.000017s ]
INFO: [ app_init ] --END-- [ RunTime:0.000299s ]
ERR: 无法加载模块:Wenda

[ 2016-03-31T07:59:04+08:00 ] 127.0.0.1 /Wenda/Public/Index/Js/question.js
INFO: [ app_init ] --START--
INFO: Run Behavior\BuildLiteBehavior [ RunTime:0.000014s ]
INFO: [ app_init ] --END-- [ RunTime:0.000231s ]
ERR: 无法加载模块:Wenda

[ 2016-03-31T08:06:27+08:00 ] 127.0.0.1 /Wenda/Public/Index/Js/question.js
INFO: [ app_init ] --START--
INFO: Run Behavior\BuildLiteBehavior [ RunTime:0.000018s ]
INFO: [ app_init ] --END-- [ RunTime:0.000279s ]
ERR: 无法加载模块:Wenda

[ 2016-03-31T08:06:27+08:00 ] 127.0.0.1 /Wenda/Public/Index/Js/question.js
INFO: [ app_init ] --START--
INFO: Run Behavior\BuildLiteBehavior [ RunTime:0.000013s ]
INFO: [ app_init ] --END-- [ RunTime:0.000193s ]
ERR: 无法加载模块:Wenda

[ 2016-03-31T08:06:45+08:00 ] 127.0.0.1 /Wenda/Public/Index/Js/question.js
INFO: [ app_init ] --START--
INFO: Run Behavior\BuildLiteBehavior [ RunTime:0.000019s ]
INFO: [ app_init ] --END-- [ RunTime:0.000277s ]
ERR: 无法加载模块:Wenda

[ 2016-03-31T08:06:45+08:00 ] 127.0.0.1 /Wenda/Public/Index/Js/question.js
INFO: [ app_init ] --START--
INFO: Run Behavior\BuildLiteBehavior [ RunTime:0.000013s ]
INFO: [ app_init ] --END-- [ RunTime:0.000197s ]
ERR: 无法加载模块:Wenda

[ 2016-03-31T08:07:05+08:00 ] 127.0.0.1 /Wenda/Public/Index/Js/question.js
INFO: [ app_init ] --START--
INFO: Run Behavior\BuildLiteBehavior [ RunTime:0.000019s ]
INFO: [ app_init ] --END-- [ RunTime:0.000314s ]
ERR: 无法加载模块:Wenda

[ 2016-03-31T08:07:05+08:00 ] 127.0.0.1 /Wenda/Public/Index/Js/question.js
INFO: [ app_init ] --START--
INFO: Run Behavior\BuildLiteBehavior [ RunTime:0.000014s ]
INFO: [ app_init ] --END-- [ RunTime:0.000207s ]
ERR: 无法加载模块:Wenda

[ 2016-03-31T08:07:06+08:00 ] 127.0.0.1 /Wenda/Public/Index/Js/question.js
INFO: [ app_init ] --START--
INFO: Run Behavior\BuildLiteBehavior [ RunTime:0.000021s ]
INFO: [ app_init ] --END-- [ RunTime:0.000308s ]
ERR: 无法加载模块:Wenda

[ 2016-03-31T08:07:06+08:00 ] 127.0.0.1 /Wenda/Public/Index/Js/question.js
INFO: [ app_init ] --START--
INFO: Run Behavior\BuildLiteBehavior [ RunTime:0.000013s ]
INFO: [ app_init ] --END-- [ RunTime:0.000194s ]
ERR: 无法加载模块:Wenda

[ 2016-03-31T08:09:54+08:00 ] 127.0.0.1 /Wenda/Public/Index/Js/question.js
INFO: [ app_init ] --START--
INFO: Run Behavior\BuildLiteBehavior [ RunTime:0.000014s ]
INFO: [ app_init ] --END-- [ RunTime:0.000224s ]
ERR: 无法加载模块:Wenda

[ 2016-03-31T08:09:54+08:00 ] 127.0.0.1 /Wenda/Public/Index/Js/question.js
INFO: [ app_init ] --START--
INFO: Run Behavior\BuildLiteBehavior [ RunTime:0.000056s ]
INFO: [ app_init ] --END-- [ RunTime:0.000287s ]
ERR: 无法加载模块:Wenda

[ 2016-03-31T08:19:43+08:00 ] 127.0.0.1 /Wenda/Public/Index/Js/question.js
INFO: [ app_init ] --START--
INFO: Run Behavior\BuildLiteBehavior [ RunTime:0.000041s ]
INFO: [ app_init ] --END-- [ RunTime:0.000252s ]
ERR: 无法加载模块:Wenda

[ 2016-03-31T08:19:43+08:00 ] 127.0.0.1 /Wenda/Public/Index/Js/question.js
INFO: [ app_init ] --START--
INFO: Run Behavior\BuildLiteBehavior [ RunTime:0.000017s ]
INFO: [ app_init ] --END-- [ RunTime:0.000303s ]
ERR: 无法加载模块:Wenda

[ 2016-03-31T08:20:11+08:00 ] 127.0.0.1 /Wenda/Public/Index/Js/question.js
INFO: [ app_init ] --START--
INFO: Run Behavior\BuildLiteBehavior [ RunTime:0.000017s ]
INFO: [ app_init ] --END-- [ RunTime:0.000258s ]
ERR: 无法加载模块:Wenda

[ 2016-03-31T08:20:11+08:00 ] 127.0.0.1 /Wenda/Public/Index/Js/question.js
INFO: [ app_init ] --START--
INFO: Run Behavior\BuildLiteBehavior [ RunTime:0.000014s ]
INFO: [ app_init ] --END-- [ RunTime:0.000200s ]
ERR: 无法加载模块:Wenda

[ 2016-03-31T08:20:39+08:00 ] 127.0.0.1 /Wenda/Public/Index/Js/question.js
INFO: [ app_init ] --START--
INFO: Run Behavior\BuildLiteBehavior [ RunTime:0.000015s ]
INFO: [ app_init ] --END-- [ RunTime:0.000231s ]
ERR: 无法加载模块:Wenda

[ 2016-03-31T08:20:39+08:00 ] 127.0.0.1 /Wenda/Public/Index/Js/question.js
INFO: [ app_init ] --START--
INFO: Run Behavior\BuildLiteBehavior [ RunTime:0.000020s ]
INFO: [ app_init ] --END-- [ RunTime:0.000225s ]
ERR: 无法加载模块:Wenda

[ 2016-03-31T08:21:11+08:00 ] 127.0.0.1 /Wenda/Public/Index/Js/question.js
INFO: [ app_init ] --START--
INFO: Run Behavior\BuildLiteBehavior [ RunTime:0.000021s ]
INFO: [ app_init ] --END-- [ RunTime:0.000308s ]
ERR: 无法加载模块:Wenda

[ 2016-03-31T08:21:11+08:00 ] 127.0.0.1 /Wenda/Public/Index/Js/question.js
INFO: [ app_init ] --START--
INFO: Run Behavior\BuildLiteBehavior [ RunTime:0.000020s ]
INFO: [ app_init ] --END-- [ RunTime:0.000380s ]
ERR: 无法加载模块:Wenda

[ 2016-03-31T08:21:58+08:00 ] 127.0.0.1 /Wenda/Public/Index/Js/question.js
INFO: [ app_init ] --START--
INFO: Run Behavior\BuildLiteBehavior [ RunTime:0.000015s ]
INFO: [ app_init ] --END-- [ RunTime:0.000238s ]
ERR: 无法加载模块:Wenda

[ 2016-03-31T08:21:58+08:00 ] 127.0.0.1 /Wenda/Public/Index/Js/question.js
INFO: [ app_init ] --START--
INFO: Run Behavior\BuildLiteBehavior [ RunTime:0.000012s ]
INFO: [ app_init ] --END-- [ RunTime:0.000188s ]
ERR: 无法加载模块:Wenda

[ 2016-03-31T08:23:15+08:00 ] 127.0.0.1 /Wenda/Public/Index/Js/question.js
INFO: [ app_init ] --START--
INFO: Run Behavior\BuildLiteBehavior [ RunTime:0.000027s ]
INFO: [ app_init ] --END-- [ RunTime:0.000433s ]
ERR: 无法加载模块:Wenda

[ 2016-03-31T08:23:15+08:00 ] 127.0.0.1 /Wenda/Public/Index/Js/question.js
INFO: [ app_init ] --START--
INFO: Run Behavior\BuildLiteBehavior [ RunTime:0.000014s ]
INFO: [ app_init ] --END-- [ RunTime:0.000207s ]
ERR: 无法加载模块:Wenda

[ 2016-03-31T08:23:20+08:00 ] 127.0.0.1 /Wenda/Public/Index/Js/question.js
INFO: [ app_init ] --START--
INFO: Run Behavior\BuildLiteBehavior [ RunTime:0.000031s ]
INFO: [ app_init ] --END-- [ RunTime:0.000480s ]
ERR: 无法加载模块:Wenda

[ 2016-03-31T08:23:20+08:00 ] 127.0.0.1 /Wenda/Public/Index/Js/question.js
INFO: [ app_init ] --START--
INFO: Run Behavior\BuildLiteBehavior [ RunTime:0.000013s ]
INFO: [ app_init ] --END-- [ RunTime:0.000203s ]
ERR: 无法加载模块:Wenda

[ 2016-03-31T08:23:38+08:00 ] 127.0.0.1 /Wenda/Public/Index/Js/question.js
INFO: [ app_init ] --START--
INFO: Run Behavior\BuildLiteBehavior [ RunTime:0.000017s ]
INFO: [ app_init ] --END-- [ RunTime:0.000251s ]
ERR: 无法加载模块:Wenda

[ 2016-03-31T08:23:38+08:00 ] 127.0.0.1 /Wenda/Public/Index/Js/question.js
INFO: [ app_init ] --START--
INFO: Run Behavior\BuildLiteBehavior [ RunTime:0.000045s ]
INFO: [ app_init ] --END-- [ RunTime:0.000301s ]
ERR: 无法加载模块:Wenda

[ 2016-03-31T11:27:09+08:00 ] 127.0.0.1 /Wenda/Public/Index/Js/question.js
INFO: [ app_init ] --START--
INFO: Run Behavior\BuildLiteBehavior [ RunTime:0.000021s ]
INFO: [ app_init ] --END-- [ RunTime:0.000291s ]
ERR: 无法加载模块:Wenda

[ 2016-03-31T11:27:09+08:00 ] 127.0.0.1 /Wenda/Public/Index/Js/question.js
INFO: [ app_init ] --START--
INFO: Run Behavior\BuildLiteBehavior [ RunTime:0.000012s ]
INFO: [ app_init ] --END-- [ RunTime:0.000190s ]
ERR: 无法加载模块:Wenda

[ 2016-03-31T11:27:16+08:00 ] 127.0.0.1 /Wenda/Public/Index/Js/question.js
INFO: [ app_init ] --START--
INFO: Run Behavior\BuildLiteBehavior [ RunTime:0.000019s ]
INFO: [ app_init ] --END-- [ RunTime:0.000269s ]
ERR: 无法加载模块:Wenda

[ 2016-03-31T11:27:16+08:00 ] 127.0.0.1 /Wenda/Public/Index/Js/question.js
INFO: [ app_init ] --START--
INFO: Run Behavior\BuildLiteBehavior [ RunTime:0.000015s ]
INFO: [ app_init ] --END-- [ RunTime:0.000218s ]
ERR: 无法加载模块:Wenda

[ 2016-03-31T12:47:59+08:00 ] 127.0.0.1 /Wenda/Public/Index/Js/question.js
INFO: [ app_init ] --START--
INFO: Run Behavior\BuildLiteBehavior [ RunTime:0.000014s ]
INFO: [ app_init ] --END-- [ RunTime:0.000209s ]
ERR: 无法加载模块:Wenda

[ 2016-03-31T12:48:30+08:00 ] 127.0.0.1 /Wenda/Public/Index/Js/question.js
INFO: [ app_init ] --START--
INFO: Run Behavior\BuildLiteBehavior [ RunTime:0.000014s ]
INFO: [ app_init ] --END-- [ RunTime:0.000226s ]
ERR: 无法加载模块:Wenda

[ 2016-03-31T12:48:30+08:00 ] 127.0.0.1 /Wenda/Public/Index/Js/question.js
INFO: [ app_init ] --START--
INFO: Run Behavior\BuildLiteBehavior [ RunTime:0.000015s ]
INFO: [ app_init ] --END-- [ RunTime:0.000224s ]
ERR: 无法加载模块:Wenda

[ 2016-03-31T12:49:05+08:00 ] 127.0.0.1 /Wenda/Public/Index/Js/question.js
INFO: [ app_init ] --START--
INFO: Run Behavior\BuildLiteBehavior [ RunTime:0.000014s ]
INFO: [ app_init ] --END-- [ RunTime:0.000199s ]
ERR: 无法加载模块:Wenda

[ 2016-03-31T12:50:22+08:00 ] 127.0.0.1 /Wenda/Public/Index/Js/question.js
INFO: [ app_init ] --START--
INFO: Run Behavior\BuildLiteBehavior [ RunTime:0.000040s ]
INFO: [ app_init ] --END-- [ RunTime:0.000873s ]
ERR: 无法加载模块:Wenda

[ 2016-03-31T12:50:23+08:00 ] 127.0.0.1 /Wenda/Public/Index/Js/question.js
INFO: [ app_init ] --START--
INFO: Run Behavior\BuildLiteBehavior [ RunTime:0.000022s ]
INFO: [ app_init ] --END-- [ RunTime:0.000321s ]
ERR: 无法加载模块:Wenda

[ 2016-03-31T12:50:59+08:00 ] 127.0.0.1 /Wenda/Public/Index/Js/question.js
INFO: [ app_init ] --START--
INFO: Run Behavior\BuildLiteBehavior [ RunTime:0.000022s ]
INFO: [ app_init ] --END-- [ RunTime:0.000330s ]
ERR: 无法加载模块:Wenda

[ 2016-03-31T12:51:17+08:00 ] 127.0.0.1 /Wenda/Public/Index/Js/question.js
INFO: [ app_init ] --START--
INFO: Run Behavior\BuildLiteBehavior [ RunTime:0.000015s ]
INFO: [ app_init ] --END-- [ RunTime:0.000242s ]
ERR: 无法加载模块:Wenda

[ 2016-03-31T12:51:21+08:00 ] 127.0.0.1 /Wenda/Public/Index/Js/question.js
INFO: [ app_init ] --START--
INFO: Run Behavior\BuildLiteBehavior [ RunTime:0.000017s ]
INFO: [ app_init ] --END-- [ RunTime:0.000237s ]
ERR: 无法加载模块:Wenda

[ 2016-03-31T12:51:21+08:00 ] 127.0.0.1 /Wenda/Public/Index/Js/question.js
INFO: [ app_init ] --START--
INFO: Run Behavior\BuildLiteBehavior [ RunTime:0.000016s ]
INFO: [ app_init ] --END-- [ RunTime:0.000324s ]
ERR: 无法加载模块:Wenda

[ 2016-03-31T12:53:38+08:00 ] 127.0.0.1 /Wenda/Public/Index/Js/question.js
INFO: [ app_init ] --START--
INFO: Run Behavior\BuildLiteBehavior [ RunTime:0.000020s ]
INFO: [ app_init ] --END-- [ RunTime:0.000277s ]
ERR: 无法加载模块:Wenda

[ 2016-03-31T12:53:38+08:00 ] 127.0.0.1 /Wenda/Public/Index/Js/question.js
INFO: [ app_init ] --START--
INFO: Run Behavior\BuildLiteBehavior [ RunTime:0.000014s ]
INFO: [ app_init ] --END-- [ RunTime:0.000225s ]
ERR: 无法加载模块:Wenda

[ 2016-03-31T12:55:34+08:00 ] 127.0.0.1 /Wenda/Public/Index/Js/question.js
INFO: [ app_init ] --START--
INFO: Run Behavior\BuildLiteBehavior [ RunTime:0.000014s ]
INFO: [ app_init ] --END-- [ RunTime:0.000261s ]
ERR: 无法加载模块:Wenda

[ 2016-03-31T12:55:34+08:00 ] 127.0.0.1 /Wenda/Public/Index/Js/question.js
INFO: [ app_init ] --START--
INFO: Run Behavior\BuildLiteBehavior [ RunTime:0.000014s ]
INFO: [ app_init ] --END-- [ RunTime:0.000211s ]
ERR: 无法加载模块:Wenda

[ 2016-03-31T14:32:16+08:00 ] 127.0.0.1 /Wenda/Public/Index/Js/question.js
INFO: [ app_init ] --START--
INFO: Run Behavior\BuildLiteBehavior [ RunTime:0.000017s ]
INFO: [ app_init ] --END-- [ RunTime:0.000257s ]
ERR: 无法加载模块:Wenda

[ 2016-03-31T14:32:16+08:00 ] 127.0.0.1 /Wenda/Public/Index/Js/question.js
INFO: [ app_init ] --START--
INFO: Run Behavior\BuildLiteBehavior [ RunTime:0.000013s ]
INFO: [ app_init ] --END-- [ RunTime:0.000196s ]
ERR: 无法加载模块:Wenda

[ 2016-03-31T14:36:02+08:00 ] 127.0.0.1 /Wenda/Public/Index/Js/question.js
INFO: [ app_init ] --START--
INFO: Run Behavior\BuildLiteBehavior [ RunTime:0.000023s ]
INFO: [ app_init ] --END-- [ RunTime:0.000245s ]
ERR: 无法加载模块:Wenda

[ 2016-03-31T14:36:02+08:00 ] 127.0.0.1 /Wenda/Public/Index/Js/question.js
INFO: [ app_init ] --START--
INFO: Run Behavior\BuildLiteBehavior [ RunTime:0.000014s ]
INFO: [ app_init ] --END-- [ RunTime:0.000219s ]
ERR: 无法加载模块:Wenda

[ 2016-03-31T14:37:18+08:00 ] 127.0.0.1 /Wenda/Public/Index/Js/question.js
INFO: [ app_init ] --START--
INFO: Run Behavior\BuildLiteBehavior [ RunTime:0.000028s ]
INFO: [ app_init ] --END-- [ RunTime:0.000391s ]
ERR: 无法加载模块:Wenda

[ 2016-03-31T14:37:18+08:00 ] 127.0.0.1 /Wenda/Public/Index/Js/question.js
INFO: [ app_init ] --START--
INFO: Run Behavior\BuildLiteBehavior [ RunTime:0.000014s ]
INFO: [ app_init ] --END-- [ RunTime:0.000216s ]
ERR: 无法加载模块:Wenda

[ 2016-03-31T14:39:32+08:00 ] 127.0.0.1 /Wenda/Public/Index/Js/question.js
INFO: [ app_init ] --START--
INFO: Run Behavior\BuildLiteBehavior [ RunTime:0.000025s ]
INFO: [ app_init ] --END-- [ RunTime:0.000466s ]
ERR: 无法加载模块:Wenda

[ 2016-03-31T14:39:32+08:00 ] 127.0.0.1 /Wenda/Public/Index/Js/question.js
INFO: [ app_init ] --START--
INFO: Run Behavior\BuildLiteBehavior [ RunTime:0.000016s ]
INFO: [ app_init ] --END-- [ RunTime:0.000225s ]
ERR: 无法加载模块:Wenda

[ 2016-03-31T14:49:48+08:00 ] 127.0.0.1 /Wenda/Public/Index/Js/question.js
INFO: [ app_init ] --START--
INFO: Run Behavior\BuildLiteBehavior [ RunTime:0.000037s ]
INFO: [ app_init ] --END-- [ RunTime:0.000480s ]
ERR: 无法加载模块:Wenda

[ 2016-03-31T14:49:48+08:00 ] 127.0.0.1 /Wenda/Public/Index/Js/question.js
INFO: [ app_init ] --START--
INFO: Run Behavior\BuildLiteBehavior [ RunTime:0.000013s ]
INFO: [ app_init ] --END-- [ RunTime:0.000203s ]
ERR: 无法加载模块:Wenda

[ 2016-03-31T15:25:19+08:00 ] 127.0.0.1 /Wenda/Public/Index/Js/question.js
INFO: [ app_init ] --START--
INFO: Run Behavior\BuildLiteBehavior [ RunTime:0.000013s ]
INFO: [ app_init ] --END-- [ RunTime:0.000215s ]
ERR: 无法加载模块:Wenda

[ 2016-03-31T15:25:19+08:00 ] 127.0.0.1 /Wenda/Public/Index/Js/question.js
INFO: [ app_init ] --START--
INFO: Run Behavior\BuildLiteBehavior [ RunTime:0.000031s ]
INFO: [ app_init ] --END-- [ RunTime:0.000265s ]
ERR: 无法加载模块:Wenda

[ 2016-03-31T15:27:25+08:00 ] 127.0.0.1 /Wenda/Public/Index/Js/question.js
INFO: [ app_init ] --START--
INFO: Run Behavior\BuildLiteBehavior [ RunTime:0.000015s ]
INFO: [ app_init ] --END-- [ RunTime:0.000216s ]
ERR: 无法加载模块:Wenda

[ 2016-03-31T15:27:25+08:00 ] 127.0.0.1 /Wenda/Public/Index/Js/question.js
INFO: [ app_init ] --START--
INFO: Run Behavior\BuildLiteBehavior [ RunTime:0.000014s ]
INFO: [ app_init ] --END-- [ RunTime:0.000204s ]
ERR: 无法加载模块:Wenda

[ 2016-03-31T15:28:01+08:00 ] 127.0.0.1 /Wenda/Public/Index/Js/question.js
INFO: [ app_init ] --START--
INFO: Run Behavior\BuildLiteBehavior [ RunTime:0.000015s ]
INFO: [ app_init ] --END-- [ RunTime:0.000257s ]
ERR: 无法加载模块:Wenda

[ 2016-03-31T15:28:01+08:00 ] 127.0.0.1 /Wenda/Public/Index/Js/question.js
INFO: [ app_init ] --START--
INFO: Run Behavior\BuildLiteBehavior [ RunTime:0.000012s ]
INFO: [ app_init ] --END-- [ RunTime:0.000189s ]
ERR: 无法加载模块:Wenda

[ 2016-03-31T15:30:50+08:00 ] 127.0.0.1 /Wenda/Public/Index/Js/question.js
INFO: [ app_init ] --START--
INFO: Run Behavior\BuildLiteBehavior [ RunTime:0.000013s ]
INFO: [ app_init ] --END-- [ RunTime:0.000228s ]
ERR: 无法加载模块:Wenda

[ 2016-03-31T15:31:13+08:00 ] 127.0.0.1 /Wenda/Public/Index/Js/question.js
INFO: [ app_init ] --START--
INFO: Run Behavior\BuildLiteBehavior [ RunTime:0.000020s ]
INFO: [ app_init ] --END-- [ RunTime:0.000321s ]
ERR: 无法加载模块:Wenda

[ 2016-03-31T15:31:13+08:00 ] 127.0.0.1 /Wenda/Public/Index/Js/question.js
INFO: [ app_init ] --START--
INFO: Run Behavior\BuildLiteBehavior [ RunTime:0.000013s ]
INFO: [ app_init ] --END-- [ RunTime:0.000230s ]
ERR: 无法加载模块:Wenda

[ 2016-03-31T15:31:53+08:00 ] 127.0.0.1 /Wenda/Public/Index/Js/question.js
INFO: [ app_init ] --START--
INFO: Run Behavior\BuildLiteBehavior [ RunTime:0.000023s ]
INFO: [ app_init ] --END-- [ RunTime:0.000380s ]
ERR: 无法加载模块:Wenda

[ 2016-03-31T15:31:53+08:00 ] 127.0.0.1 /Wenda/Public/Index/Js/question.js
INFO: [ app_init ] --START--
INFO: Run Behavior\BuildLiteBehavior [ RunTime:0.000014s ]
INFO: [ app_init ] --END-- [ RunTime:0.000201s ]
ERR: 无法加载模块:Wenda

[ 2016-03-31T15:42:38+08:00 ] 127.0.0.1 /Wenda/Public/Index/Js/question.js
INFO: [ app_init ] --START--
INFO: Run Behavior\BuildLiteBehavior [ RunTime:0.000041s ]
INFO: [ app_init ] --END-- [ RunTime:0.000779s ]
ERR: 无法加载模块:Wenda

[ 2016-03-31T15:42:38+08:00 ] 127.0.0.1 /Wenda/Public/Index/Js/question.js
INFO: [ app_init ] --START--
INFO: Run Behavior\BuildLiteBehavior [ RunTime:0.000013s ]
INFO: [ app_init ] --END-- [ RunTime:0.000190s ]
ERR: 无法加载模块:Wenda

[ 2016-03-31T15:43:21+08:00 ] 127.0.0.1 /Wenda/Public/Index/Js/question.js
INFO: [ app_init ] --START--
INFO: Run Behavior\BuildLiteBehavior [ RunTime:0.000016s ]
INFO: [ app_init ] --END-- [ RunTime:0.000259s ]
ERR: 无法加载模块:Wenda

[ 2016-03-31T15:43:21+08:00 ] 127.0.0.1 /Wenda/Public/Index/Js/question.js
INFO: [ app_init ] --START--
INFO: Run Behavior\BuildLiteBehavior [ RunTime:0.000012s ]
INFO: [ app_init ] --END-- [ RunTime:0.000188s ]
ERR: 无法加载模块:Wenda

[ 2016-03-31T15:46:57+08:00 ] 127.0.0.1 /Wenda/Public/Index/Js/question.js
INFO: [ app_init ] --START--
INFO: Run Behavior\BuildLiteBehavior [ RunTime:0.000042s ]
INFO: [ app_init ] --END-- [ RunTime:0.000654s ]
ERR: 无法加载模块:Wenda

[ 2016-03-31T15:46:57+08:00 ] 127.0.0.1 /Wenda/Public/Index/Js/question.js
INFO: [ app_init ] --START--
INFO: Run Behavior\BuildLiteBehavior [ RunTime:0.000013s ]
INFO: [ app_init ] --END-- [ RunTime:0.000209s ]
ERR: 无法加载模块:Wenda

[ 2016-03-31T15:46:58+08:00 ] 127.0.0.1 /Wenda/Public/Index/Js/question.js
INFO: [ app_init ] --START--
INFO: Run Behavior\BuildLiteBehavior [ RunTime:0.000015s ]
INFO: [ app_init ] --END-- [ RunTime:0.000220s ]
ERR: 无法加载模块:Wenda

[ 2016-03-31T15:46:58+08:00 ] 127.0.0.1 /Wenda/Public/Index/Js/question.js
INFO: [ app_init ] --START--
INFO: Run Behavior\BuildLiteBehavior [ RunTime:0.000013s ]
INFO: [ app_init ] --END-- [ RunTime:0.000192s ]
ERR: 无法加载模块:Wenda

[ 2016-03-31T15:48:41+08:00 ] 127.0.0.1 /Wenda/Public/Index/Js/question.js
INFO: [ app_init ] --START--
INFO: Run Behavior\BuildLiteBehavior [ RunTime:0.000014s ]
INFO: [ app_init ] --END-- [ RunTime:0.000201s ]
ERR: 无法加载模块:Wenda

[ 2016-03-31T15:48:41+08:00 ] 127.0.0.1 /Wenda/Public/Index/Js/question.js
INFO: [ app_init ] --START--
INFO: Run Behavior\BuildLiteBehavior [ RunTime:0.000015s ]
INFO: [ app_init ] --END-- [ RunTime:0.000213s ]
ERR: 无法加载模块:Wenda

[ 2016-03-31T15:48:42+08:00 ] 127.0.0.1 /Wenda/Public/Index/Js/question.js
INFO: [ app_init ] --START--
INFO: Run Behavior\BuildLiteBehavior [ RunTime:0.000014s ]
INFO: [ app_init ] --END-- [ RunTime:0.000206s ]
ERR: 无法加载模块:Wenda

[ 2016-03-31T15:48:42+08:00 ] 127.0.0.1 /Wenda/Public/Index/Js/question.js
INFO: [ app_init ] --START--
INFO: Run Behavior\BuildLiteBehavior [ RunTime:0.000014s ]
INFO: [ app_init ] --END-- [ RunTime:0.000210s ]
ERR: 无法加载模块:Wenda

[ 2016-03-31T15:48:43+08:00 ] 127.0.0.1 /Wenda/Public/Index/Js/question.js
INFO: [ app_init ] --START--
INFO: Run Behavior\BuildLiteBehavior [ RunTime:0.000022s ]
INFO: [ app_init ] --END-- [ RunTime:0.000327s ]
ERR: 无法加载模块:Wenda

[ 2016-03-31T15:48:43+08:00 ] 127.0.0.1 /Wenda/Public/Index/Js/question.js
INFO: [ app_init ] --START--
INFO: Run Behavior\BuildLiteBehavior [ RunTime:0.000014s ]
INFO: [ app_init ] --END-- [ RunTime:0.000209s ]
ERR: 无法加载模块:Wenda

[ 2016-03-31T15:48:44+08:00 ] 127.0.0.1 /Wenda/Public/Index/Js/question.js
INFO: [ app_init ] --START--
INFO: Run Behavior\BuildLiteBehavior [ RunTime:0.000014s ]
INFO: [ app_init ] --END-- [ RunTime:0.000210s ]
ERR: 无法加载模块:Wenda

[ 2016-03-31T15:48:44+08:00 ] 127.0.0.1 /Wenda/Public/Index/Js/question.js
INFO: [ app_init ] --START--
INFO: Run Behavior\BuildLiteBehavior [ RunTime:0.000013s ]
INFO: [ app_init ] --END-- [ RunTime:0.000203s ]
ERR: 无法加载模块:Wenda

[ 2016-03-31T15:49:16+08:00 ] 127.0.0.1 /Wenda/Public/Index/Js/question.js
INFO: [ app_init ] --START--
INFO: Run Behavior\BuildLiteBehavior [ RunTime:0.000020s ]
INFO: [ app_init ] --END-- [ RunTime:0.000335s ]
ERR: 无法加载模块:Wenda

[ 2016-03-31T15:49:16+08:00 ] 127.0.0.1 /Wenda/Public/Index/Js/question.js
INFO: [ app_init ] --START--
INFO: Run Behavior\BuildLiteBehavior [ RunTime:0.000014s ]
INFO: [ app_init ] --END-- [ RunTime:0.000199s ]
ERR: 无法加载模块:Wenda

[ 2016-03-31T15:49:26+08:00 ] 127.0.0.1 /Wenda/Public/Index/Js/question.js
INFO: [ app_init ] --START--
INFO: Run Behavior\BuildLiteBehavior [ RunTime:0.000013s ]
INFO: [ app_init ] --END-- [ RunTime:0.000209s ]
ERR: 无法加载模块:Wenda

[ 2016-03-31T15:49:26+08:00 ] 127.0.0.1 /Wenda/Public/Index/Js/question.js
INFO: [ app_init ] --START--
INFO: Run Behavior\BuildLiteBehavior [ RunTime:0.000014s ]
INFO: [ app_init ] --END-- [ RunTime:0.000195s ]
ERR: 无法加载模块:Wenda

[ 2016-03-31T16:02:50+08:00 ] 127.0.0.1 /Wenda/Public/Index/Js/question.js
INFO: [ app_init ] --START--
INFO: Run Behavior\BuildLiteBehavior [ RunTime:0.000014s ]
INFO: [ app_init ] --END-- [ RunTime:0.000201s ]
ERR: 无法加载模块:Wenda

[ 2016-03-31T16:03:54+08:00 ] 127.0.0.1 /Wenda/Public/Index/Js/question.js
INFO: [ app_init ] --START--
INFO: Run Behavior\BuildLiteBehavior [ RunTime:0.000014s ]
INFO: [ app_init ] --END-- [ RunTime:0.000202s ]
ERR: 无法加载模块:Wenda

[ 2016-03-31T16:03:54+08:00 ] 127.0.0.1 /Wenda/Public/Index/Js/question.js
INFO: [ app_init ] --START--
INFO: Run Behavior\BuildLiteBehavior [ RunTime:0.000013s ]
INFO: [ app_init ] --END-- [ RunTime:0.000200s ]
ERR: 无法加载模块:Wenda

[ 2016-03-31T16:04:07+08:00 ] 127.0.0.1 /Wenda/Public/Index/Js/question.js
INFO: [ app_init ] --START--
INFO: Run Behavior\BuildLiteBehavior [ RunTime:0.000021s ]
INFO: [ app_init ] --END-- [ RunTime:0.000312s ]
ERR: 无法加载模块:Wenda

[ 2016-03-31T16:04:07+08:00 ] 127.0.0.1 /Wenda/Public/Index/Js/question.js
INFO: [ app_init ] --START--
INFO: Run Behavior\BuildLiteBehavior [ RunTime:0.000015s ]
INFO: [ app_init ] --END-- [ RunTime:0.000267s ]
ERR: 无法加载模块:Wenda

[ 2016-03-31T16:05:28+08:00 ] 127.0.0.1 /Wenda/Public/Index/Js/question.js
INFO: [ app_init ] --START--
INFO: Run Behavior\BuildLiteBehavior [ RunTime:0.000018s ]
INFO: [ app_init ] --END-- [ RunTime:0.000246s ]
ERR: 无法加载模块:Wenda

[ 2016-03-31T16:05:28+08:00 ] 127.0.0.1 /Wenda/Public/Index/Js/question.js
INFO: [ app_init ] --START--
INFO: Run Behavior\BuildLiteBehavior [ RunTime:0.000014s ]
INFO: [ app_init ] --END-- [ RunTime:0.000205s ]
ERR: 无法加载模块:Wenda

[ 2016-03-31T16:18:33+08:00 ] 127.0.0.1 /Wenda/Public/Index/Js/question.js
INFO: [ app_init ] --START--
INFO: Run Behavior\BuildLiteBehavior [ RunTime:0.000016s ]
INFO: [ app_init ] --END-- [ RunTime:0.000277s ]
ERR: 无法加载模块:Wenda

[ 2016-03-31T16:18:33+08:00 ] 127.0.0.1 /Wenda/Public/Index/Js/question.js
INFO: [ app_init ] --START--
INFO: Run Behavior\BuildLiteBehavior [ RunTime:0.000012s ]
INFO: [ app_init ] --END-- [ RunTime:0.000189s ]
ERR: 无法加载模块:Wenda

[ 2016-03-31T16:20:23+08:00 ] 127.0.0.1 /Wenda/Public/Index/Js/question.js
INFO: [ app_init ] --START--
INFO: Run Behavior\BuildLiteBehavior [ RunTime:0.000016s ]
INFO: [ app_init ] --END-- [ RunTime:0.000281s ]
ERR: 无法加载模块:Wenda

[ 2016-03-31T16:20:24+08:00 ] 127.0.0.1 /Wenda/Public/Index/Js/question.js
INFO: [ app_init ] --START--
INFO: Run Behavior\BuildLiteBehavior [ RunTime:0.000013s ]
INFO: [ app_init ] --END-- [ RunTime:0.000200s ]
ERR: 无法加载模块:Wenda

[ 2016-03-31T16:36:55+08:00 ] 127.0.0.1 /Wenda/Public/Index/Js/question.js
INFO: [ app_init ] --START--
INFO: Run Behavior\BuildLiteBehavior [ RunTime:0.000014s ]
INFO: [ app_init ] --END-- [ RunTime:0.000205s ]
ERR: 无法加载模块:Wenda

[ 2016-03-31T16:36:55+08:00 ] 127.0.0.1 /Wenda/Public/Index/Js/question.js
INFO: [ app_init ] --START--
INFO: Run Behavior\BuildLiteBehavior [ RunTime:0.000014s ]
INFO: [ app_init ] --END-- [ RunTime:0.000211s ]
ERR: 无法加载模块:Wenda

[ 2016-03-31T16:37:09+08:00 ] 127.0.0.1 /Wenda/Public/Index/Js/question.js
INFO: [ app_init ] --START--
INFO: Run Behavior\BuildLiteBehavior [ RunTime:0.000024s ]
INFO: [ app_init ] --END-- [ RunTime:0.000579s ]
ERR: 无法加载模块:Wenda

[ 2016-03-31T16:37:09+08:00 ] 127.0.0.1 /Wenda/Public/Index/Js/question.js
INFO: [ app_init ] --START--
INFO: Run Behavior\BuildLiteBehavior [ RunTime:0.000015s ]
INFO: [ app_init ] --END-- [ RunTime:0.000308s ]
ERR: 无法加载模块:Wenda

[ 2016-03-31T16:37:18+08:00 ] 127.0.0.1 /Wenda/Public/Index/Js/question.js
INFO: [ app_init ] --START--
INFO: Run Behavior\BuildLiteBehavior [ RunTime:0.000024s ]
INFO: [ app_init ] --END-- [ RunTime:0.000349s ]
ERR: 无法加载模块:Wenda

[ 2016-03-31T16:37:18+08:00 ] 127.0.0.1 /Wenda/Public/Index/Js/question.js
INFO: [ app_init ] --START--
INFO: Run Behavior\BuildLiteBehavior [ RunTime:0.000013s ]
INFO: [ app_init ] --END-- [ RunTime:0.000200s ]
ERR: 无法加载模块:Wenda

[ 2016-03-31T16:39:57+08:00 ] 127.0.0.1 /Wenda/Public/Index/Js/question.js
INFO: [ app_init ] --START--
INFO: Run Behavior\BuildLiteBehavior [ RunTime:0.000017s ]
INFO: [ app_init ] --END-- [ RunTime:0.000264s ]
ERR: 无法加载模块:Wenda

[ 2016-03-31T16:39:57+08:00 ] 127.0.0.1 /Wenda/Public/Index/Js/question.js
INFO: [ app_init ] --START--
INFO: Run Behavior\BuildLiteBehavior [ RunTime:0.000013s ]
INFO: [ app_init ] --END-- [ RunTime:0.000206s ]
ERR: 无法加载模块:Wenda

[ 2016-03-31T16:41:00+08:00 ] 127.0.0.1 /Wenda/Public/Index/Js/question.js
INFO: [ app_init ] --START--
INFO: Run Behavior\BuildLiteBehavior [ RunTime:0.000022s ]
INFO: [ app_init ] --END-- [ RunTime:0.000260s ]
ERR: 无法加载模块:Wenda

[ 2016-03-31T16:41:00+08:00 ] 127.0.0.1 /Wenda/Public/Index/Js/question.js
INFO: [ app_init ] --START--
INFO: Run Behavior\BuildLiteBehavior [ RunTime:0.000014s ]
INFO: [ app_init ] --END-- [ RunTime:0.000204s ]
ERR: 无法加载模块:Wenda

[ 2016-03-31T16:41:57+08:00 ] 127.0.0.1 /Wenda/Public/Index/Js/question.js
INFO: [ app_init ] --START--
INFO: Run Behavior\BuildLiteBehavior [ RunTime:0.000019s ]
INFO: [ app_init ] --END-- [ RunTime:0.000321s ]
ERR: 无法加载模块:Wenda

[ 2016-03-31T16:41:57+08:00 ] 127.0.0.1 /Wenda/Public/Index/Js/question.js
INFO: [ app_init ] --START--
INFO: Run Behavior\BuildLiteBehavior [ RunTime:0.000014s ]
INFO: [ app_init ] --END-- [ RunTime:0.000194s ]
ERR: 无法加载模块:Wenda

[ 2016-03-31T16:43:19+08:00 ] 127.0.0.1 /Wenda/Public/Index/Js/question.js
INFO: [ app_init ] --START--
INFO: Run Behavior\BuildLiteBehavior [ RunTime:0.000023s ]
INFO: [ app_init ] --END-- [ RunTime:0.000374s ]
ERR: 无法加载模块:Wenda

[ 2016-03-31T16:43:19+08:00 ] 127.0.0.1 /Wenda/Public/Index/Js/question.js
INFO: [ app_init ] --START--
INFO: Run Behavior\BuildLiteBehavior [ RunTime:0.000018s ]
INFO: [ app_init ] --END-- [ RunTime:0.000270s ]
ERR: 无法加载模块:Wenda

[ 2016-03-31T16:46:53+08:00 ] 127.0.0.1 /Wenda/Public/Index/Js/question.js
INFO: [ app_init ] --START--
INFO: Run Behavior\BuildLiteBehavior [ RunTime:0.000015s ]
INFO: [ app_init ] --END-- [ RunTime:0.000217s ]
ERR: 无法加载模块:Wenda

[ 2016-03-31T16:46:53+08:00 ] 127.0.0.1 /Wenda/Public/Index/Js/question.js
INFO: [ app_init ] --START--
INFO: Run Behavior\BuildLiteBehavior [ RunTime:0.000014s ]
INFO: [ app_init ] --END-- [ RunTime:0.000222s ]
ERR: 无法加载模块:Wenda

[ 2016-03-31T16:47:21+08:00 ] 127.0.0.1 /Wenda/Public/Index/Js/question.js
INFO: [ app_init ] --START--
INFO: Run Behavior\BuildLiteBehavior [ RunTime:0.000029s ]
INFO: [ app_init ] --END-- [ RunTime:0.000448s ]
ERR: 无法加载模块:Wenda

[ 2016-03-31T16:47:21+08:00 ] 127.0.0.1 /Wenda/Public/Index/Js/question.js
INFO: [ app_init ] --START--
INFO: Run Behavior\BuildLiteBehavior [ RunTime:0.000013s ]
INFO: [ app_init ] --END-- [ RunTime:0.000195s ]
ERR: 无法加载模块:Wenda

[ 2016-03-31T16:49:04+08:00 ] 127.0.0.1 /Wenda/Public/Index/Js/question.js
INFO: [ app_init ] --START--
INFO: Run Behavior\BuildLiteBehavior [ RunTime:0.000015s ]
INFO: [ app_init ] --END-- [ RunTime:0.000238s ]
ERR: 无法加载模块:Wenda

[ 2016-03-31T16:49:04+08:00 ] 127.0.0.1 /Wenda/Public/Index/Js/question.js
INFO: [ app_init ] --START--
INFO: Run Behavior\BuildLiteBehavior [ RunTime:0.000013s ]
INFO: [ app_init ] --END-- [ RunTime:0.000191s ]
ERR: 无法加载模块:Wenda

[ 2016-03-31T16:49:21+08:00 ] 127.0.0.1 /Wenda/Public/Index/Js/question.js
INFO: [ app_init ] --START--
INFO: Run Behavior\BuildLiteBehavior [ RunTime:0.000022s ]
INFO: [ app_init ] --END-- [ RunTime:0.000343s ]
ERR: 无法加载模块:Wenda

[ 2016-03-31T16:49:21+08:00 ] 127.0.0.1 /Wenda/Public/Index/Js/question.js
INFO: [ app_init ] --START--
INFO: Run Behavior\BuildLiteBehavior [ RunTime:0.000012s ]
INFO: [ app_init ] --END-- [ RunTime:0.000206s ]
ERR: 无法加载模块:Wenda

[ 2016-03-31T16:49:47+08:00 ] 127.0.0.1 /Wenda/Public/Index/Js/question.js
INFO: [ app_init ] --START--
INFO: Run Behavior\BuildLiteBehavior [ RunTime:0.000022s ]
INFO: [ app_init ] --END-- [ RunTime:0.000344s ]
ERR: 无法加载模块:Wenda

[ 2016-03-31T16:49:47+08:00 ] 127.0.0.1 /Wenda/Public/Index/Js/question.js
INFO: [ app_init ] --START--
INFO: Run Behavior\BuildLiteBehavior [ RunTime:0.000014s ]
INFO: [ app_init ] --END-- [ RunTime:0.000220s ]
ERR: 无法加载模块:Wenda

[ 2016-03-31T16:49:48+08:00 ] 127.0.0.1 /Wenda/Public/Index/Js/question.js
INFO: [ app_init ] --START--
INFO: Run Behavior\BuildLiteBehavior [ RunTime:0.000014s ]
INFO: [ app_init ] --END-- [ RunTime:0.000209s ]
ERR: 无法加载模块:Wenda

[ 2016-03-31T16:49:48+08:00 ] 127.0.0.1 /Wenda/Public/Index/Js/question.js
INFO: [ app_init ] --START--
INFO: Run Behavior\BuildLiteBehavior [ RunTime:0.000015s ]
INFO: [ app_init ] --END-- [ RunTime:0.000263s ]
ERR: 无法加载模块:Wenda

[ 2016-03-31T16:49:49+08:00 ] 127.0.0.1 /Wenda/Public/Index/Js/question.js
INFO: [ app_init ] --START--
INFO: Run Behavior\BuildLiteBehavior [ RunTime:0.000019s ]
INFO: [ app_init ] --END-- [ RunTime:0.000286s ]
ERR: 无法加载模块:Wenda

[ 2016-03-31T16:49:49+08:00 ] 127.0.0.1 /Wenda/Public/Index/Js/question.js
INFO: [ app_init ] --START--
INFO: Run Behavior\BuildLiteBehavior [ RunTime:0.000022s ]
INFO: [ app_init ] --END-- [ RunTime:0.000412s ]
ERR: 无法加载模块:Wenda

[ 2016-03-31T16:50:00+08:00 ] 127.0.0.1 /Wenda/Public/Index/Js/question.js
INFO: [ app_init ] --START--
INFO: Run Behavior\BuildLiteBehavior [ RunTime:0.000030s ]
INFO: [ app_init ] --END-- [ RunTime:0.000753s ]
ERR: 无法加载模块:Wenda

[ 2016-03-31T16:50:00+08:00 ] 127.0.0.1 /Wenda/Public/Index/Js/question.js
INFO: [ app_init ] --START--
INFO: Run Behavior\BuildLiteBehavior [ RunTime:0.000014s ]
INFO: [ app_init ] --END-- [ RunTime:0.000200s ]
ERR: 无法加载模块:Wenda

[ 2016-03-31T17:09:55+08:00 ] 127.0.0.1 /Wenda/Public/Index/Js/question.js
INFO: [ app_init ] --START--
INFO: Run Behavior\BuildLiteBehavior [ RunTime:0.000013s ]
INFO: [ app_init ] --END-- [ RunTime:0.000209s ]
ERR: 无法加载模块:Wenda

[ 2016-03-31T17:11:03+08:00 ] 127.0.0.1 /Wenda/Public/Index/Js/question.js
INFO: [ app_init ] --START--
INFO: Run Behavior\BuildLiteBehavior [ RunTime:0.000023s ]
INFO: [ app_init ] --END-- [ RunTime:0.000390s ]
ERR: 无法加载模块:Wenda

[ 2016-03-31T17:11:03+08:00 ] 127.0.0.1 /Wenda/Public/Index/Js/question.js
INFO: [ app_init ] --START--
INFO: Run Behavior\BuildLiteBehavior [ RunTime:0.000012s ]
INFO: [ app_init ] --END-- [ RunTime:0.000186s ]
ERR: 无法加载模块:Wenda

[ 2016-03-31T17:11:05+08:00 ] 127.0.0.1 /Wenda/Public/Index/Js/question.js
INFO: [ app_init ] --START--
INFO: Run Behavior\BuildLiteBehavior [ RunTime:0.000013s ]
INFO: [ app_init ] --END-- [ RunTime:0.000207s ]
ERR: 无法加载模块:Wenda

[ 2016-03-31T17:11:05+08:00 ] 127.0.0.1 /Wenda/Public/Index/Js/question.js
INFO: [ app_init ] --START--
INFO: Run Behavior\BuildLiteBehavior [ RunTime:0.000013s ]
INFO: [ app_init ] --END-- [ RunTime:0.000197s ]
ERR: 无法加载模块:Wenda

[ 2016-03-31T17:11:06+08:00 ] 127.0.0.1 /Wenda/Public/Index/Js/question.js
INFO: [ app_init ] --START--
INFO: Run Behavior\BuildLiteBehavior [ RunTime:0.000021s ]
INFO: [ app_init ] --END-- [ RunTime:0.000348s ]
ERR: 无法加载模块:Wenda

[ 2016-03-31T17:11:06+08:00 ] 127.0.0.1 /Wenda/Public/Index/Js/question.js
INFO: [ app_init ] --START--
INFO: Run Behavior\BuildLiteBehavior [ RunTime:0.000012s ]
INFO: [ app_init ] --END-- [ RunTime:0.000196s ]
ERR: 无法加载模块:Wenda

[ 2016-03-31T17:15:21+08:00 ] 127.0.0.1 /Wenda/Public/Index/Js/question.js
INFO: [ app_init ] --START--
INFO: Run Behavior\BuildLiteBehavior [ RunTime:0.000016s ]
INFO: [ app_init ] --END-- [ RunTime:0.000223s ]
ERR: 无法加载模块:Wenda

[ 2016-03-31T17:15:21+08:00 ] 127.0.0.1 /Wenda/Public/Index/Js/question.js
INFO: [ app_init ] --START--
INFO: Run Behavior\BuildLiteBehavior [ RunTime:0.000015s ]
INFO: [ app_init ] --END-- [ RunTime:0.000214s ]
ERR: 无法加载模块:Wenda

[ 2016-03-31T17:35:14+08:00 ] 127.0.0.1 /Wenda/Public/Index/Js/question.js
INFO: [ app_init ] --START--
INFO: Run Behavior\BuildLiteBehavior [ RunTime:0.000020s ]
INFO: [ app_init ] --END-- [ RunTime:0.000347s ]
ERR: 无法加载模块:Wenda

[ 2016-03-31T17:35:14+08:00 ] 127.0.0.1 /Wenda/Public/Index/Js/question.js
INFO: [ app_init ] --START--
INFO: Run Behavior\BuildLiteBehavior [ RunTime:0.000012s ]
INFO: [ app_init ] --END-- [ RunTime:0.000189s ]
ERR: 无法加载模块:Wenda

[ 2016-03-31T17:38:23+08:00 ] 127.0.0.1 /Wenda/Public/Index/Js/question.js
INFO: [ app_init ] --START--
INFO: Run Behavior\BuildLiteBehavior [ RunTime:0.000018s ]
INFO: [ app_init ] --END-- [ RunTime:0.000245s ]
ERR: 无法加载模块:Wenda

[ 2016-03-31T17:38:23+08:00 ] 127.0.0.1 /Wenda/Public/Index/Js/question.js
INFO: [ app_init ] --START--
INFO: Run Behavior\BuildLiteBehavior [ RunTime:0.000014s ]
INFO: [ app_init ] --END-- [ RunTime:0.000196s ]
ERR: 无法加载模块:Wenda

[ 2016-03-31T17:56:42+08:00 ] 127.0.0.1 /Wenda/Public/Index/Js/question.js
INFO: [ app_init ] --START--
INFO: Run Behavior\BuildLiteBehavior [ RunTime:0.000015s ]
INFO: [ app_init ] --END-- [ RunTime:0.000223s ]
ERR: 无法加载模块:Wenda

[ 2016-03-31T17:56:42+08:00 ] 127.0.0.1 /Wenda/Public/Index/Js/question.js
INFO: [ app_init ] --START--
INFO: Run Behavior\BuildLiteBehavior [ RunTime:0.000021s ]
INFO: [ app_init ] --END-- [ RunTime:0.000320s ]
ERR: 无法加载模块:Wenda

[ 2016-03-31T17:59:53+08:00 ] 127.0.0.1 /Wenda/Public/Index/Js/question.js
INFO: [ app_init ] --START--
INFO: Run Behavior\BuildLiteBehavior [ RunTime:0.000016s ]
INFO: [ app_init ] --END-- [ RunTime:0.000254s ]
ERR: 无法加载模块:Wenda

[ 2016-03-31T17:59:53+08:00 ] 127.0.0.1 /Wenda/Public/Index/Js/question.js
INFO: [ app_init ] --START--
INFO: Run Behavior\BuildLiteBehavior [ RunTime:0.000016s ]
INFO: [ app_init ] --END-- [ RunTime:0.000229s ]
ERR: 无法加载模块:Wenda

[ 2016-03-31T17:59:55+08:00 ] 127.0.0.1 /Wenda/Public/Index/Js/question.js
INFO: [ app_init ] --START--
INFO: Run Behavior\BuildLiteBehavior [ RunTime:0.000022s ]
INFO: [ app_init ] --END-- [ RunTime:0.000303s ]
ERR: 无法加载模块:Wenda

[ 2016-03-31T17:59:55+08:00 ] 127.0.0.1 /Wenda/Public/Index/Js/question.js
INFO: [ app_init ] --START--
INFO: Run Behavior\BuildLiteBehavior [ RunTime:0.000014s ]
INFO: [ app_init ] --END-- [ RunTime:0.000214s ]
ERR: 无法加载模块:Wenda

[ 2016-03-31T17:59:59+08:00 ] 127.0.0.1 /Wenda/Public/Index/Js/question.js
INFO: [ app_init ] --START--
INFO: Run Behavior\BuildLiteBehavior [ RunTime:0.000039s ]
INFO: [ app_init ] --END-- [ RunTime:0.000836s ]
ERR: 无法加载模块:Wenda

[ 2016-03-31T17:59:59+08:00 ] 127.0.0.1 /Wenda/Public/Index/Js/question.js
INFO: [ app_init ] --START--
INFO: Run Behavior\BuildLiteBehavior [ RunTime:0.000014s ]
INFO: [ app_init ] --END-- [ RunTime:0.000227s ]
ERR: 无法加载模块:Wenda

[ 2016-03-31T18:00:01+08:00 ] 127.0.0.1 /Wenda/Public/Index/Js/question.js
INFO: [ app_init ] --START--
INFO: Run Behavior\BuildLiteBehavior [ RunTime:0.000016s ]
INFO: [ app_init ] --END-- [ RunTime:0.000233s ]
ERR: 无法加载模块:Wenda

[ 2016-03-31T18:00:01+08:00 ] 127.0.0.1 /Wenda/Public/Index/Js/question.js
INFO: [ app_init ] --START--
INFO: Run Behavior\BuildLiteBehavior [ RunTime:0.000018s ]
INFO: [ app_init ] --END-- [ RunTime:0.000285s ]
ERR: 无法加载模块:Wenda

[ 2016-03-31T18:01:11+08:00 ] 127.0.0.1 /Wenda/Public/Index/Js/question.js
INFO: [ app_init ] --START--
INFO: Run Behavior\BuildLiteBehavior [ RunTime:0.000015s ]
INFO: [ app_init ] --END-- [ RunTime:0.000215s ]
ERR: 无法加载模块:Wenda

[ 2016-03-31T18:01:12+08:00 ] 127.0.0.1 /Wenda/Public/Index/Js/question.js
INFO: [ app_init ] --START--
INFO: Run Behavior\BuildLiteBehavior [ RunTime:0.000012s ]
INFO: [ app_init ] --END-- [ RunTime:0.000199s ]
ERR: 无法加载模块:Wenda

[ 2016-03-31T18:01:30+08:00 ] 127.0.0.1 /Wenda/Public/Index/Js/question.js
INFO: [ app_init ] --START--
INFO: Run Behavior\BuildLiteBehavior [ RunTime:0.000017s ]
INFO: [ app_init ] --END-- [ RunTime:0.000766s ]
ERR: 无法加载模块:Wenda

[ 2016-03-31T18:01:30+08:00 ] 127.0.0.1 /Wenda/Public/Index/Js/question.js
INFO: [ app_init ] --START--
INFO: Run Behavior\BuildLiteBehavior [ RunTime:0.000018s ]
INFO: [ app_init ] --END-- [ RunTime:0.000263s ]
ERR: 无法加载模块:Wenda

[ 2016-03-31T18:01:51+08:00 ] 127.0.0.1 /Wenda/Public/Index/Js/question.js
INFO: [ app_init ] --START--
INFO: Run Behavior\BuildLiteBehavior [ RunTime:0.000024s ]
INFO: [ app_init ] --END-- [ RunTime:0.000395s ]
ERR: 无法加载模块:Wenda

[ 2016-03-31T18:01:51+08:00 ] 127.0.0.1 /Wenda/Public/Index/Js/question.js
INFO: [ app_init ] --START--
INFO: Run Behavior\BuildLiteBehavior [ RunTime:0.000013s ]
INFO: [ app_init ] --END-- [ RunTime:0.000191s ]
ERR: 无法加载模块:Wenda

[ 2016-03-31T18:32:04+08:00 ] 127.0.0.1 /Wenda/Public/Index/Js/question.js
INFO: [ app_init ] --START--
INFO: Run Behavior\BuildLiteBehavior [ RunTime:0.000015s ]
INFO: [ app_init ] --END-- [ RunTime:0.000213s ]
ERR: 无法加载模块:Wenda

[ 2016-03-31T18:32:04+08:00 ] 127.0.0.1 /Wenda/Public/Index/Js/question.js
INFO: [ app_init ] --START--
INFO: Run Behavior\BuildLiteBehavior [ RunTime:0.000015s ]
INFO: [ app_init ] --END-- [ RunTime:0.000314s ]
ERR: 无法加载模块:Wenda

[ 2016-03-31T18:59:58+08:00 ] 127.0.0.1 /Wenda/Public/Index/Js/question.js
INFO: [ app_init ] --START--
INFO: Run Behavior\BuildLiteBehavior [ RunTime:0.000013s ]
INFO: [ app_init ] --END-- [ RunTime:0.000210s ]
ERR: 无法加载模块:Wenda

[ 2016-03-31T18:59:58+08:00 ] 127.0.0.1 /Wenda/Public/Index/Js/question.js
INFO: [ app_init ] --START--
INFO: Run Behavior\BuildLiteBehavior [ RunTime:0.000013s ]
INFO: [ app_init ] --END-- [ RunTime:0.000196s ]
ERR: 无法加载模块:Wenda

[ 2016-03-31T19:00:41+08:00 ] 127.0.0.1 /Wenda/Public/Index/Js/question.js
INFO: [ app_init ] --START--
INFO: Run Behavior\BuildLiteBehavior [ RunTime:0.000020s ]
INFO: [ app_init ] --END-- [ RunTime:0.000257s ]
ERR: 无法加载模块:Wenda

[ 2016-03-31T19:00:41+08:00 ] 127.0.0.1 /Wenda/Public/Index/Js/question.js
INFO: [ app_init ] --START--
INFO: Run Behavior\BuildLiteBehavior [ RunTime:0.000013s ]
INFO: [ app_init ] --END-- [ RunTime:0.000265s ]
ERR: 无法加载模块:Wenda

