[ 2016-03-23T11:08:59+08:00 ] 127.0.0.1 /__CSS__/common.css
INFO: [ app_init ] --START--
INFO: Run Behavior\BuildLiteBehavior [ RunTime:0.000021s ]
INFO: [ app_init ] --END-- [ RunTime:0.000302s ]
ERR: 无法加载模块:__CSS__

[ 2016-03-23T11:08:59+08:00 ] 127.0.0.1 /__JS__/jquery-1.7.2.min.js
INFO: [ app_init ] --START--
INFO: Run Behavior\BuildLiteBehavior [ RunTime:0.000021s ]
INFO: [ app_init ] --END-- [ RunTime:0.000326s ]
ERR: 无法加载模块:__JS__

[ 2016-03-23T11:08:59+08:00 ] 127.0.0.1 /__JS__/index.js
INFO: [ app_init ] --START--
INFO: Run Behavior\BuildLiteBehavior [ RunTime:0.000025s ]
INFO: [ app_init ] --END-- [ RunTime:0.000355s ]
ERR: 无法加载模块:__JS__

[ 2016-03-23T11:08:59+08:00 ] 127.0.0.1 /__JS__/top-bar.js
INFO: [ app_init ] --START--
INFO: Run Behavior\BuildLiteBehavior [ RunTime:0.000023s ]
INFO: [ app_init ] --END-- [ RunTime:0.000363s ]
ERR: 无法加载模块:__JS__

[ 2016-03-23T11:08:59+08:00 ] 127.0.0.1 /__CSS__/index.css
INFO: [ app_init ] --START--
INFO: Run Behavior\BuildLiteBehavior [ RunTime:0.000022s ]
INFO: [ app_init ] --END-- [ RunTime:0.000525s ]
ERR: 无法加载模块:__CSS__

[ 2016-03-23T11:08:59+08:00 ] 127.0.0.1 /__IMAGE__/animate1.jpg
INFO: [ app_init ] --START--
INFO: Run Behavior\BuildLiteBehavior [ RunTime:0.000022s ]
INFO: [ app_init ] --END-- [ RunTime:0.000317s ]
ERR: 无法加载模块:__IMAGE__

[ 2016-03-23T11:08:59+08:00 ] 127.0.0.1 /__IMAGE__/animate2.jpg
INFO: [ app_init ] --START--
INFO: Run Behavior\BuildLiteBehavior [ RunTime:0.000021s ]
INFO: [ app_init ] --END-- [ RunTime:0.000300s ]
ERR: 无法加载模块:__IMAGE__

[ 2016-03-23T11:08:59+08:00 ] 127.0.0.1 /__IMAGE__/animate3.jpg
INFO: [ app_init ] --START--
INFO: Run Behavior\BuildLiteBehavior [ RunTime:0.000020s ]
INFO: [ app_init ] --END-- [ RunTime:0.000295s ]
ERR: 无法加载模块:__IMAGE__

[ 2016-03-23T11:08:59+08:00 ] 127.0.0.1 /__IMAGE__/animate1.jpg
INFO: [ app_init ] --START--
INFO: Run Behavior\BuildLiteBehavior [ RunTime:0.000021s ]
INFO: [ app_init ] --END-- [ RunTime:0.000319s ]
ERR: 无法加载模块:__IMAGE__

[ 2016-03-23T11:08:59+08:00 ] 127.0.0.1 /__IMAGE__/animate3.jpg
INFO: [ app_init ] --START--
INFO: Run Behavior\BuildLiteBehavior [ RunTime:0.000114s ]
INFO: [ app_init ] --END-- [ RunTime:0.000439s ]
ERR: 无法加载模块:__IMAGE__

[ 2016-03-23T11:08:59+08:00 ] 127.0.0.1 /__IMAGE__/animate2.jpg
INFO: [ app_init ] --START--
INFO: Run Behavior\BuildLiteBehavior [ RunTime:0.000022s ]
INFO: [ app_init ] --END-- [ RunTime:0.000570s ]
ERR: 无法加载模块:__IMAGE__

[ 2016-03-23T11:09:39+08:00 ] 127.0.0.1 /__JS__/jquery-1.7.2.min.js
INFO: [ app_init ] --START--
INFO: Run Behavior\BuildLiteBehavior [ RunTime:0.000021s ]
INFO: [ app_init ] --END-- [ RunTime:0.000316s ]
ERR: 无法加载模块:__JS__

[ 2016-03-23T11:09:39+08:00 ] 127.0.0.1 /__JS__/top-bar.js
INFO: [ app_init ] --START--
INFO: Run Behavior\BuildLiteBehavior [ RunTime:0.000018s ]
INFO: [ app_init ] --END-- [ RunTime:0.000283s ]
ERR: 无法加载模块:__JS__

[ 2016-03-23T11:09:39+08:00 ] 127.0.0.1 /__CSS__/common.css
INFO: [ app_init ] --START--
INFO: Run Behavior\BuildLiteBehavior [ RunTime:0.000022s ]
INFO: [ app_init ] --END-- [ RunTime:0.000542s ]
ERR: 无法加载模块:__CSS__

[ 2016-03-23T11:09:39+08:00 ] 127.0.0.1 /__JS__/index.js
INFO: [ app_init ] --START--
INFO: Run Behavior\BuildLiteBehavior [ RunTime:0.000023s ]
INFO: [ app_init ] --END-- [ RunTime:0.000314s ]
ERR: 无法加载模块:__JS__

[ 2016-03-23T11:09:39+08:00 ] 127.0.0.1 /__IMAGE__/animate1.jpg
INFO: [ app_init ] --START--
INFO: Run Behavior\BuildLiteBehavior [ RunTime:0.000023s ]
INFO: [ app_init ] --END-- [ RunTime:0.000325s ]
ERR: 无法加载模块:__IMAGE__

[ 2016-03-23T11:09:39+08:00 ] 127.0.0.1 /__CSS__/index.css
INFO: [ app_init ] --START--
INFO: Run Behavior\BuildLiteBehavior [ RunTime:0.000022s ]
INFO: [ app_init ] --END-- [ RunTime:0.000373s ]
ERR: 无法加载模块:__CSS__

[ 2016-03-23T11:09:39+08:00 ] 127.0.0.1 /__IMAGE__/animate2.jpg
INFO: [ app_init ] --START--
INFO: Run Behavior\BuildLiteBehavior [ RunTime:0.000083s ]
INFO: [ app_init ] --END-- [ RunTime:0.000533s ]
ERR: 无法加载模块:__IMAGE__

[ 2016-03-23T11:09:39+08:00 ] 127.0.0.1 /__IMAGE__/animate3.jpg
INFO: [ app_init ] --START--
INFO: Run Behavior\BuildLiteBehavior [ RunTime:0.000022s ]
INFO: [ app_init ] --END-- [ RunTime:0.000378s ]
ERR: 无法加载模块:__IMAGE__

[ 2016-03-23T11:09:39+08:00 ] 127.0.0.1 /__IMAGE__/animate1.jpg
INFO: [ app_init ] --START--
INFO: Run Behavior\BuildLiteBehavior [ RunTime:0.000013s ]
INFO: [ app_init ] --END-- [ RunTime:0.000192s ]
ERR: 无法加载模块:__IMAGE__

[ 2016-03-23T11:09:39+08:00 ] 127.0.0.1 /__IMAGE__/animate3.jpg
INFO: [ app_init ] --START--
INFO: Run Behavior\BuildLiteBehavior [ RunTime:0.000014s ]
INFO: [ app_init ] --END-- [ RunTime:0.000212s ]
ERR: 无法加载模块:__IMAGE__

[ 2016-03-23T11:09:39+08:00 ] 127.0.0.1 /__IMAGE__/animate1.jpg
INFO: [ app_init ] --START--
INFO: Run Behavior\BuildLiteBehavior [ RunTime:0.000019s ]
INFO: [ app_init ] --END-- [ RunTime:0.000301s ]
ERR: 无法加载模块:__IMAGE__

[ 2016-03-23T11:09:39+08:00 ] 127.0.0.1 /__IMAGE__/animate2.jpg
INFO: [ app_init ] --START--
INFO: Run Behavior\BuildLiteBehavior [ RunTime:0.000021s ]
INFO: [ app_init ] --END-- [ RunTime:0.000332s ]
ERR: 无法加载模块:__IMAGE__

[ 2016-03-23T11:12:40+08:00 ] 127.0.0.1 /__CSS__/common.css
INFO: [ app_init ] --START--
INFO: Run Behavior\BuildLiteBehavior [ RunTime:0.000021s ]
INFO: [ app_init ] --END-- [ RunTime:0.000301s ]
ERR: 无法加载模块:__CSS__

[ 2016-03-23T11:12:40+08:00 ] 127.0.0.1 /__JS__/top-bar.js
INFO: [ app_init ] --START--
INFO: Run Behavior\BuildLiteBehavior [ RunTime:0.000021s ]
INFO: [ app_init ] --END-- [ RunTime:0.000335s ]
ERR: 无法加载模块:__JS__

[ 2016-03-23T11:12:40+08:00 ] 127.0.0.1 /__JS__/jquery-1.7.2.min.js
INFO: [ app_init ] --START--
INFO: Run Behavior\BuildLiteBehavior [ RunTime:0.000021s ]
INFO: [ app_init ] --END-- [ RunTime:0.000315s ]
ERR: 无法加载模块:__JS__

[ 2016-03-23T11:12:40+08:00 ] 127.0.0.1 /__CSS__/index.css
INFO: [ app_init ] --START--
INFO: Run Behavior\BuildLiteBehavior [ RunTime:0.000025s ]
INFO: [ app_init ] --END-- [ RunTime:0.000326s ]
ERR: 无法加载模块:__CSS__

[ 2016-03-23T11:12:40+08:00 ] 127.0.0.1 /__JS__/index.js
INFO: [ app_init ] --START--
INFO: Run Behavior\BuildLiteBehavior [ RunTime:0.000022s ]
INFO: [ app_init ] --END-- [ RunTime:0.000374s ]
ERR: 无法加载模块:__JS__

[ 2016-03-23T11:12:40+08:00 ] 127.0.0.1 /__IMAGE__/animate1.jpg
INFO: [ app_init ] --START--
INFO: Run Behavior\BuildLiteBehavior [ RunTime:0.000173s ]
INFO: [ app_init ] --END-- [ RunTime:0.000810s ]
ERR: 无法加载模块:__IMAGE__

[ 2016-03-23T11:12:40+08:00 ] 127.0.0.1 /__IMAGE__/animate2.jpg
INFO: [ app_init ] --START--
INFO: Run Behavior\BuildLiteBehavior [ RunTime:0.000014s ]
INFO: [ app_init ] --END-- [ RunTime:0.000209s ]
ERR: 无法加载模块:__IMAGE__

[ 2016-03-23T11:12:40+08:00 ] 127.0.0.1 /__IMAGE__/animate3.jpg
INFO: [ app_init ] --START--
INFO: Run Behavior\BuildLiteBehavior [ RunTime:0.000016s ]
INFO: [ app_init ] --END-- [ RunTime:0.000331s ]
ERR: 无法加载模块:__IMAGE__

[ 2016-03-23T11:12:40+08:00 ] 127.0.0.1 /__IMAGE__/animate1.jpg
INFO: [ app_init ] --START--
INFO: Run Behavior\BuildLiteBehavior [ RunTime:0.000016s ]
INFO: [ app_init ] --END-- [ RunTime:0.000230s ]
ERR: 无法加载模块:__IMAGE__

[ 2016-03-23T11:12:40+08:00 ] 127.0.0.1 /__IMAGE__/animate3.jpg
INFO: [ app_init ] --START--
INFO: Run Behavior\BuildLiteBehavior [ RunTime:0.000024s ]
INFO: [ app_init ] --END-- [ RunTime:0.000525s ]
ERR: 无法加载模块:__IMAGE__

[ 2016-03-23T11:12:40+08:00 ] 127.0.0.1 /__IMAGE__/animate2.jpg
INFO: [ app_init ] --START--
INFO: Run Behavior\BuildLiteBehavior [ RunTime:0.000023s ]
INFO: [ app_init ] --END-- [ RunTime:0.000331s ]
ERR: 无法加载模块:__IMAGE__

[ 2016-03-23T11:12:43+08:00 ] 127.0.0.1 /__CSS__/common.css
INFO: [ app_init ] --START--
INFO: Run Behavior\BuildLiteBehavior [ RunTime:0.000023s ]
INFO: [ app_init ] --END-- [ RunTime:0.000325s ]
ERR: 无法加载模块:__CSS__

[ 2016-03-23T11:12:43+08:00 ] 127.0.0.1 /__JS__/jquery-1.7.2.min.js
INFO: [ app_init ] --START--
INFO: Run Behavior\BuildLiteBehavior [ RunTime:0.000021s ]
INFO: [ app_init ] --END-- [ RunTime:0.000333s ]
ERR: 无法加载模块:__JS__

[ 2016-03-23T11:12:43+08:00 ] 127.0.0.1 /__JS__/top-bar.js
INFO: [ app_init ] --START--
INFO: Run Behavior\BuildLiteBehavior [ RunTime:0.000023s ]
INFO: [ app_init ] --END-- [ RunTime:0.000387s ]
ERR: 无法加载模块:__JS__

[ 2016-03-23T11:12:43+08:00 ] 127.0.0.1 /__JS__/index.js
INFO: [ app_init ] --START--
INFO: Run Behavior\BuildLiteBehavior [ RunTime:0.000022s ]
INFO: [ app_init ] --END-- [ RunTime:0.000314s ]
ERR: 无法加载模块:__JS__

[ 2016-03-23T11:12:43+08:00 ] 127.0.0.1 /__CSS__/index.css
INFO: [ app_init ] --START--
INFO: Run Behavior\BuildLiteBehavior [ RunTime:0.000022s ]
INFO: [ app_init ] --END-- [ RunTime:0.000382s ]
ERR: 无法加载模块:__CSS__

[ 2016-03-23T11:12:43+08:00 ] 127.0.0.1 /__IMAGE__/animate1.jpg
INFO: [ app_init ] --START--
INFO: Run Behavior\BuildLiteBehavior [ RunTime:0.000022s ]
INFO: [ app_init ] --END-- [ RunTime:0.000344s ]
ERR: 无法加载模块:__IMAGE__

[ 2016-03-23T11:12:43+08:00 ] 127.0.0.1 /__IMAGE__/animate3.jpg
INFO: [ app_init ] --START--
INFO: Run Behavior\BuildLiteBehavior [ RunTime:0.000021s ]
INFO: [ app_init ] --END-- [ RunTime:0.000333s ]
ERR: 无法加载模块:__IMAGE__

[ 2016-03-23T11:12:43+08:00 ] 127.0.0.1 /__IMAGE__/animate2.jpg
INFO: [ app_init ] --START--
INFO: Run Behavior\BuildLiteBehavior [ RunTime:0.000022s ]
INFO: [ app_init ] --END-- [ RunTime:0.000324s ]
ERR: 无法加载模块:__IMAGE__

[ 2016-03-23T11:12:43+08:00 ] 127.0.0.1 /__IMAGE__/animate1.jpg
INFO: [ app_init ] --START--
INFO: Run Behavior\BuildLiteBehavior [ RunTime:0.000024s ]
INFO: [ app_init ] --END-- [ RunTime:0.000350s ]
ERR: 无法加载模块:__IMAGE__

[ 2016-03-23T11:13:49+08:00 ] 127.0.0.1 /__CSS__/common.css
INFO: [ app_init ] --START--
INFO: Run Behavior\BuildLiteBehavior [ RunTime:0.000023s ]
INFO: [ app_init ] --END-- [ RunTime:0.000459s ]
ERR: 无法加载模块:__CSS__

[ 2016-03-23T11:13:49+08:00 ] 127.0.0.1 /__JS__/jquery-1.7.2.min.js
INFO: [ app_init ] --START--
INFO: Run Behavior\BuildLiteBehavior [ RunTime:0.000029s ]
INFO: [ app_init ] --END-- [ RunTime:0.001703s ]
ERR: 无法加载模块:__JS__

[ 2016-03-23T11:13:49+08:00 ] 127.0.0.1 /__JS__/top-bar.js
INFO: [ app_init ] --START--
INFO: Run Behavior\BuildLiteBehavior [ RunTime:0.000026s ]
INFO: [ app_init ] --END-- [ RunTime:0.000734s ]
ERR: 无法加载模块:__JS__

[ 2016-03-23T11:13:49+08:00 ] 127.0.0.1 /__CSS__/index.css
INFO: [ app_init ] --START--
INFO: Run Behavior\BuildLiteBehavior [ RunTime:0.000021s ]
INFO: [ app_init ] --END-- [ RunTime:0.000327s ]
ERR: 无法加载模块:__CSS__

[ 2016-03-23T11:13:49+08:00 ] 127.0.0.1 /__JS__/index.js
INFO: [ app_init ] --START--
INFO: Run Behavior\BuildLiteBehavior [ RunTime:0.000025s ]
INFO: [ app_init ] --END-- [ RunTime:0.000728s ]
ERR: 无法加载模块:__JS__

[ 2016-03-23T11:13:49+08:00 ] 127.0.0.1 /__IMAGE__/animate1.jpg
INFO: [ app_init ] --START--
INFO: Run Behavior\BuildLiteBehavior [ RunTime:0.000024s ]
INFO: [ app_init ] --END-- [ RunTime:0.000350s ]
ERR: 无法加载模块:__IMAGE__

[ 2016-03-23T11:13:49+08:00 ] 127.0.0.1 /__IMAGE__/animate3.jpg
INFO: [ app_init ] --START--
INFO: Run Behavior\BuildLiteBehavior [ RunTime:0.000014s ]
INFO: [ app_init ] --END-- [ RunTime:0.000200s ]
ERR: 无法加载模块:__IMAGE__

[ 2016-03-23T11:13:49+08:00 ] 127.0.0.1 /__IMAGE__/animate2.jpg
INFO: [ app_init ] --START--
INFO: Run Behavior\BuildLiteBehavior [ RunTime:0.000020s ]
INFO: [ app_init ] --END-- [ RunTime:0.000335s ]
ERR: 无法加载模块:__IMAGE__

[ 2016-03-23T11:13:49+08:00 ] 127.0.0.1 /__IMAGE__/animate1.jpg
INFO: [ app_init ] --START--
INFO: Run Behavior\BuildLiteBehavior [ RunTime:0.000014s ]
INFO: [ app_init ] --END-- [ RunTime:0.000199s ]
ERR: 无法加载模块:__IMAGE__

[ 2016-03-23T11:13:49+08:00 ] 127.0.0.1 /__IMAGE__/animate3.jpg
INFO: [ app_init ] --START--
INFO: Run Behavior\BuildLiteBehavior [ RunTime:0.000022s ]
INFO: [ app_init ] --END-- [ RunTime:0.000315s ]
ERR: 无法加载模块:__IMAGE__

[ 2016-03-23T11:13:49+08:00 ] 127.0.0.1 /__IMAGE__/animate2.jpg
INFO: [ app_init ] --START--
INFO: Run Behavior\BuildLiteBehavior [ RunTime:0.000014s ]
INFO: [ app_init ] --END-- [ RunTime:0.000268s ]
ERR: 无法加载模块:__IMAGE__

[ 2016-03-23T11:14:17+08:00 ] 127.0.0.1 /__CSS__/common.css
INFO: [ app_init ] --START--
INFO: Run Behavior\BuildLiteBehavior [ RunTime:0.000020s ]
INFO: [ app_init ] --END-- [ RunTime:0.000296s ]
ERR: 无法加载模块:__CSS__

[ 2016-03-23T11:14:17+08:00 ] 127.0.0.1 /__CSS__/index.css
INFO: [ app_init ] --START--
INFO: Run Behavior\BuildLiteBehavior [ RunTime:0.000017s ]
INFO: [ app_init ] --END-- [ RunTime:0.000306s ]
ERR: 无法加载模块:__CSS__

[ 2016-03-23T11:14:17+08:00 ] 127.0.0.1 /__JS__/jquery-1.7.2.min.js
INFO: [ app_init ] --START--
INFO: Run Behavior\BuildLiteBehavior [ RunTime:0.000023s ]
INFO: [ app_init ] --END-- [ RunTime:0.000345s ]
ERR: 无法加载模块:__JS__

[ 2016-03-23T11:14:17+08:00 ] 127.0.0.1 /__IMAGE__/animate1.jpg
INFO: [ app_init ] --START--
INFO: Run Behavior\BuildLiteBehavior [ RunTime:0.000021s ]
INFO: [ app_init ] --END-- [ RunTime:0.000314s ]
ERR: 无法加载模块:__IMAGE__

[ 2016-03-23T11:14:17+08:00 ] 127.0.0.1 /__JS__/top-bar.js
INFO: [ app_init ] --START--
INFO: Run Behavior\BuildLiteBehavior [ RunTime:0.000024s ]
INFO: [ app_init ] --END-- [ RunTime:0.000369s ]
ERR: 无法加载模块:__JS__

[ 2016-03-23T11:14:17+08:00 ] 127.0.0.1 /__JS__/index.js
INFO: [ app_init ] --START--
INFO: Run Behavior\BuildLiteBehavior [ RunTime:0.000028s ]
INFO: [ app_init ] --END-- [ RunTime:0.000383s ]
ERR: 无法加载模块:__JS__

[ 2016-03-23T11:14:17+08:00 ] 127.0.0.1 /__IMAGE__/animate3.jpg
INFO: [ app_init ] --START--
INFO: Run Behavior\BuildLiteBehavior [ RunTime:0.000023s ]
INFO: [ app_init ] --END-- [ RunTime:0.000337s ]
ERR: 无法加载模块:__IMAGE__

[ 2016-03-23T11:14:17+08:00 ] 127.0.0.1 /__IMAGE__/animate2.jpg
INFO: [ app_init ] --START--
INFO: Run Behavior\BuildLiteBehavior [ RunTime:0.000021s ]
INFO: [ app_init ] --END-- [ RunTime:0.000496s ]
ERR: 无法加载模块:__IMAGE__

[ 2016-03-23T11:14:17+08:00 ] 127.0.0.1 /__IMAGE__/animate1.jpg
INFO: [ app_init ] --START--
INFO: Run Behavior\BuildLiteBehavior [ RunTime:0.000032s ]
INFO: [ app_init ] --END-- [ RunTime:0.000575s ]
ERR: 无法加载模块:__IMAGE__

[ 2016-03-23T11:14:17+08:00 ] 127.0.0.1 /__IMAGE__/animate2.jpg
INFO: [ app_init ] --START--
INFO: Run Behavior\BuildLiteBehavior [ RunTime:0.000021s ]
INFO: [ app_init ] --END-- [ RunTime:0.000305s ]
ERR: 无法加载模块:__IMAGE__

[ 2016-03-23T11:14:17+08:00 ] 127.0.0.1 /__IMAGE__/animate3.jpg
INFO: [ app_init ] --START--
INFO: Run Behavior\BuildLiteBehavior [ RunTime:0.000022s ]
INFO: [ app_init ] --END-- [ RunTime:0.000322s ]
ERR: 无法加载模块:__IMAGE__

[ 2016-03-23T11:14:17+08:00 ] 127.0.0.1 /__IMAGE__/animate1.jpg
INFO: [ app_init ] --START--
INFO: Run Behavior\BuildLiteBehavior [ RunTime:0.000021s ]
INFO: [ app_init ] --END-- [ RunTime:0.000333s ]
ERR: 无法加载模块:__IMAGE__

[ 2016-03-23T11:20:29+08:00 ] 127.0.0.1 /__JS__/jquery-1.7.2.min.js
INFO: [ app_init ] --START--
INFO: Run Behavior\BuildLiteBehavior [ RunTime:0.000022s ]
INFO: [ app_init ] --END-- [ RunTime:0.000332s ]
ERR: 无法加载模块:__JS__

[ 2016-03-23T11:20:29+08:00 ] 127.0.0.1 /__CSS__/common.css
INFO: [ app_init ] --START--
INFO: Run Behavior\BuildLiteBehavior [ RunTime:0.000023s ]
INFO: [ app_init ] --END-- [ RunTime:0.000330s ]
ERR: 无法加载模块:__CSS__

[ 2016-03-23T11:20:29+08:00 ] 127.0.0.1 /__JS__/top-bar.js
INFO: [ app_init ] --START--
INFO: Run Behavior\BuildLiteBehavior [ RunTime:0.001017s ]
INFO: [ app_init ] --END-- [ RunTime:0.002364s ]
ERR: 无法加载模块:__JS__

[ 2016-03-23T11:20:29+08:00 ] 127.0.0.1 /__CSS__/index.css
INFO: [ app_init ] --START--
INFO: Run Behavior\BuildLiteBehavior [ RunTime:0.000021s ]
INFO: [ app_init ] --END-- [ RunTime:0.000305s ]
ERR: 无法加载模块:__CSS__

[ 2016-03-23T11:20:29+08:00 ] 127.0.0.1 /__JS__/index.js
INFO: [ app_init ] --START--
INFO: Run Behavior\BuildLiteBehavior [ RunTime:0.000018s ]
INFO: [ app_init ] --END-- [ RunTime:0.000288s ]
ERR: 无法加载模块:__JS__

[ 2016-03-23T11:20:29+08:00 ] 127.0.0.1 /__IMAGE__/animate1.jpg
INFO: [ app_init ] --START--
INFO: Run Behavior\BuildLiteBehavior [ RunTime:0.000018s ]
INFO: [ app_init ] --END-- [ RunTime:0.000294s ]
ERR: 无法加载模块:__IMAGE__

[ 2016-03-23T11:20:29+08:00 ] 127.0.0.1 /__IMAGE__/animate2.jpg
INFO: [ app_init ] --START--
INFO: Run Behavior\BuildLiteBehavior [ RunTime:0.000022s ]
INFO: [ app_init ] --END-- [ RunTime:0.000359s ]
ERR: 无法加载模块:__IMAGE__

[ 2016-03-23T11:20:29+08:00 ] 127.0.0.1 /__IMAGE__/animate3.jpg
INFO: [ app_init ] --START--
INFO: Run Behavior\BuildLiteBehavior [ RunTime:0.000032s ]
INFO: [ app_init ] --END-- [ RunTime:0.000628s ]
ERR: 无法加载模块:__IMAGE__

[ 2016-03-23T11:20:29+08:00 ] 127.0.0.1 /__IMAGE__/animate1.jpg
INFO: [ app_init ] --START--
INFO: Run Behavior\BuildLiteBehavior [ RunTime:0.000015s ]
INFO: [ app_init ] --END-- [ RunTime:0.000219s ]
ERR: 无法加载模块:__IMAGE__

[ 2016-03-23T11:22:35+08:00 ] 127.0.0.1 /__JS__/jquery-1.7.2.min.js
INFO: [ app_init ] --START--
INFO: Run Behavior\BuildLiteBehavior [ RunTime:0.000019s ]
INFO: [ app_init ] --END-- [ RunTime:0.000300s ]
ERR: 无法加载模块:__JS__

[ 2016-03-23T11:22:35+08:00 ] 127.0.0.1 /__CSS__/common.css
INFO: [ app_init ] --START--
INFO: Run Behavior\BuildLiteBehavior [ RunTime:0.000020s ]
INFO: [ app_init ] --END-- [ RunTime:0.000316s ]
ERR: 无法加载模块:__CSS__

[ 2016-03-23T11:22:35+08:00 ] 127.0.0.1 /__JS__/top-bar.js
INFO: [ app_init ] --START--
INFO: Run Behavior\BuildLiteBehavior [ RunTime:0.000020s ]
INFO: [ app_init ] --END-- [ RunTime:0.000307s ]
ERR: 无法加载模块:__JS__

[ 2016-03-23T11:22:35+08:00 ] 127.0.0.1 /__CSS__/index.css
INFO: [ app_init ] --START--
INFO: Run Behavior\BuildLiteBehavior [ RunTime:0.000023s ]
INFO: [ app_init ] --END-- [ RunTime:0.000340s ]
ERR: 无法加载模块:__CSS__

[ 2016-03-23T11:22:35+08:00 ] 127.0.0.1 /__JS__/index.js
INFO: [ app_init ] --START--
INFO: Run Behavior\BuildLiteBehavior [ RunTime:0.000022s ]
INFO: [ app_init ] --END-- [ RunTime:0.000323s ]
ERR: 无法加载模块:__JS__

[ 2016-03-23T11:22:35+08:00 ] 127.0.0.1 /__IMAGE__/animate1.jpg
INFO: [ app_init ] --START--
INFO: Run Behavior\BuildLiteBehavior [ RunTime:0.000022s ]
INFO: [ app_init ] --END-- [ RunTime:0.000324s ]
ERR: 无法加载模块:__IMAGE__

[ 2016-03-23T11:22:35+08:00 ] 127.0.0.1 /__IMAGE__/animate2.jpg
INFO: [ app_init ] --START--
INFO: Run Behavior\BuildLiteBehavior [ RunTime:0.000023s ]
INFO: [ app_init ] --END-- [ RunTime:0.000543s ]
ERR: 无法加载模块:__IMAGE__

[ 2016-03-23T11:22:35+08:00 ] 127.0.0.1 /__IMAGE__/animate3.jpg
INFO: [ app_init ] --START--
INFO: Run Behavior\BuildLiteBehavior [ RunTime:0.000022s ]
INFO: [ app_init ] --END-- [ RunTime:0.000370s ]
ERR: 无法加载模块:__IMAGE__

[ 2016-03-23T11:22:35+08:00 ] 127.0.0.1 /__IMAGE__/animate2.jpg
INFO: [ app_init ] --START--
INFO: Run Behavior\BuildLiteBehavior [ RunTime:0.000020s ]
INFO: [ app_init ] --END-- [ RunTime:0.000318s ]
ERR: 无法加载模块:__IMAGE__

[ 2016-03-23T11:22:35+08:00 ] 127.0.0.1 /__IMAGE__/animate3.jpg
INFO: [ app_init ] --START--
INFO: Run Behavior\BuildLiteBehavior [ RunTime:0.000020s ]
INFO: [ app_init ] --END-- [ RunTime:0.000325s ]
ERR: 无法加载模块:__IMAGE__

[ 2016-03-23T11:22:35+08:00 ] 127.0.0.1 /__IMAGE__/animate1.jpg
INFO: [ app_init ] --START--
INFO: Run Behavior\BuildLiteBehavior [ RunTime:0.000022s ]
INFO: [ app_init ] --END-- [ RunTime:0.000356s ]
ERR: 无法加载模块:__IMAGE__

[ 2016-03-23T11:22:55+08:00 ] 127.0.0.1 /__JS__/top-bar.js
INFO: [ app_init ] --START--
INFO: Run Behavior\BuildLiteBehavior [ RunTime:0.000020s ]
INFO: [ app_init ] --END-- [ RunTime:0.000315s ]
ERR: 无法加载模块:__JS__

[ 2016-03-23T11:22:55+08:00 ] 127.0.0.1 /__CSS__/common.css
INFO: [ app_init ] --START--
INFO: Run Behavior\BuildLiteBehavior [ RunTime:0.000020s ]
INFO: [ app_init ] --END-- [ RunTime:0.000314s ]
ERR: 无法加载模块:__CSS__

[ 2016-03-23T11:22:55+08:00 ] 127.0.0.1 /__JS__/jquery-1.7.2.min.js
INFO: [ app_init ] --START--
INFO: Run Behavior\BuildLiteBehavior [ RunTime:0.000024s ]
INFO: [ app_init ] --END-- [ RunTime:0.000335s ]
ERR: 无法加载模块:__JS__

[ 2016-03-23T11:22:55+08:00 ] 127.0.0.1 /__CSS__/index.css
INFO: [ app_init ] --START--
INFO: Run Behavior\BuildLiteBehavior [ RunTime:0.000022s ]
INFO: [ app_init ] --END-- [ RunTime:0.000368s ]
ERR: 无法加载模块:__CSS__

[ 2016-03-23T11:22:55+08:00 ] 127.0.0.1 /__JS__/index.js
INFO: [ app_init ] --START--
INFO: Run Behavior\BuildLiteBehavior [ RunTime:0.000026s ]
INFO: [ app_init ] --END-- [ RunTime:0.001642s ]
ERR: 无法加载模块:__JS__

[ 2016-03-23T11:22:55+08:00 ] 127.0.0.1 /__IMAGE__/animate1.jpg
INFO: [ app_init ] --START--
INFO: Run Behavior\BuildLiteBehavior [ RunTime:0.000022s ]
INFO: [ app_init ] --END-- [ RunTime:0.000301s ]
ERR: 无法加载模块:__IMAGE__

[ 2016-03-23T11:22:55+08:00 ] 127.0.0.1 /__IMAGE__/animate2.jpg
INFO: [ app_init ] --START--
INFO: Run Behavior\BuildLiteBehavior [ RunTime:0.000028s ]
INFO: [ app_init ] --END-- [ RunTime:0.000406s ]
ERR: 无法加载模块:__IMAGE__

[ 2016-03-23T11:22:55+08:00 ] 127.0.0.1 /__IMAGE__/animate3.jpg
INFO: [ app_init ] --START--
INFO: Run Behavior\BuildLiteBehavior [ RunTime:0.000015s ]
INFO: [ app_init ] --END-- [ RunTime:0.000223s ]
ERR: 无法加载模块:__IMAGE__

[ 2016-03-23T11:22:55+08:00 ] 127.0.0.1 /__IMAGE__/animate1.jpg
INFO: [ app_init ] --START--
INFO: Run Behavior\BuildLiteBehavior [ RunTime:0.000014s ]
INFO: [ app_init ] --END-- [ RunTime:0.000207s ]
ERR: 无法加载模块:__IMAGE__

[ 2016-03-23T11:23:07+08:00 ] 127.0.0.1 /__CSS__/common.css
INFO: [ app_init ] --START--
INFO: Run Behavior\BuildLiteBehavior [ RunTime:0.000031s ]
INFO: [ app_init ] --END-- [ RunTime:0.000342s ]
ERR: 无法加载模块:__CSS__

[ 2016-03-23T11:23:07+08:00 ] 127.0.0.1 /__JS__/jquery-1.7.2.min.js
INFO: [ app_init ] --START--
INFO: Run Behavior\BuildLiteBehavior [ RunTime:0.000021s ]
INFO: [ app_init ] --END-- [ RunTime:0.000373s ]
ERR: 无法加载模块:__JS__

[ 2016-03-23T11:23:07+08:00 ] 127.0.0.1 /__JS__/top-bar.js
INFO: [ app_init ] --START--
INFO: Run Behavior\BuildLiteBehavior [ RunTime:0.000019s ]
INFO: [ app_init ] --END-- [ RunTime:0.000310s ]
ERR: 无法加载模块:__JS__

[ 2016-03-23T11:23:07+08:00 ] 127.0.0.1 /__JS__/index.js
INFO: [ app_init ] --START--
INFO: Run Behavior\BuildLiteBehavior [ RunTime:0.000018s ]
INFO: [ app_init ] --END-- [ RunTime:0.000321s ]
ERR: 无法加载模块:__JS__

[ 2016-03-23T11:23:07+08:00 ] 127.0.0.1 /__CSS__/index.css
INFO: [ app_init ] --START--
INFO: Run Behavior\BuildLiteBehavior [ RunTime:0.000021s ]
INFO: [ app_init ] --END-- [ RunTime:0.000299s ]
ERR: 无法加载模块:__CSS__

[ 2016-03-23T11:23:07+08:00 ] 127.0.0.1 /__IMAGE__/animate1.jpg
INFO: [ app_init ] --START--
INFO: Run Behavior\BuildLiteBehavior [ RunTime:0.000019s ]
INFO: [ app_init ] --END-- [ RunTime:0.000323s ]
ERR: 无法加载模块:__IMAGE__

[ 2016-03-23T11:23:07+08:00 ] 127.0.0.1 /__IMAGE__/animate2.jpg
INFO: [ app_init ] --START--
INFO: Run Behavior\BuildLiteBehavior [ RunTime:0.000021s ]
INFO: [ app_init ] --END-- [ RunTime:0.000301s ]
ERR: 无法加载模块:__IMAGE__

[ 2016-03-23T11:23:07+08:00 ] 127.0.0.1 /__IMAGE__/animate3.jpg
INFO: [ app_init ] --START--
INFO: Run Behavior\BuildLiteBehavior [ RunTime:0.000021s ]
INFO: [ app_init ] --END-- [ RunTime:0.000319s ]
ERR: 无法加载模块:__IMAGE__

[ 2016-03-23T11:23:07+08:00 ] 127.0.0.1 /__IMAGE__/animate2.jpg
INFO: [ app_init ] --START--
INFO: Run Behavior\BuildLiteBehavior [ RunTime:0.000020s ]
INFO: [ app_init ] --END-- [ RunTime:0.000330s ]
ERR: 无法加载模块:__IMAGE__

[ 2016-03-23T11:23:07+08:00 ] 127.0.0.1 /__IMAGE__/animate1.jpg
INFO: [ app_init ] --START--
INFO: Run Behavior\BuildLiteBehavior [ RunTime:0.000020s ]
INFO: [ app_init ] --END-- [ RunTime:0.000331s ]
ERR: 无法加载模块:__IMAGE__

[ 2016-03-23T11:23:07+08:00 ] 127.0.0.1 /__IMAGE__/animate3.jpg
INFO: [ app_init ] --START--
INFO: Run Behavior\BuildLiteBehavior [ RunTime:0.000015s ]
INFO: [ app_init ] --END-- [ RunTime:0.000303s ]
ERR: 无法加载模块:__IMAGE__

[ 2016-03-23T11:26:00+08:00 ] 127.0.0.1 /__JS__/jquery-1.7.2.min.js
INFO: [ app_init ] --START--
INFO: Run Behavior\BuildLiteBehavior [ RunTime:0.000018s ]
INFO: [ app_init ] --END-- [ RunTime:0.000284s ]
ERR: 无法加载模块:__JS__

[ 2016-03-23T11:26:00+08:00 ] 127.0.0.1 /__JS__/top-bar.js
INFO: [ app_init ] --START--
INFO: Run Behavior\BuildLiteBehavior [ RunTime:0.000025s ]
INFO: [ app_init ] --END-- [ RunTime:0.000669s ]
ERR: 无法加载模块:__JS__

[ 2016-03-23T11:26:00+08:00 ] 127.0.0.1 /__CSS__/common.css
INFO: [ app_init ] --START--
INFO: Run Behavior\BuildLiteBehavior [ RunTime:0.000018s ]
INFO: [ app_init ] --END-- [ RunTime:0.000303s ]
ERR: 无法加载模块:__CSS__

[ 2016-03-23T11:26:00+08:00 ] 127.0.0.1 /__CSS__/index.css
INFO: [ app_init ] --START--
INFO: Run Behavior\BuildLiteBehavior [ RunTime:0.000021s ]
INFO: [ app_init ] --END-- [ RunTime:0.000348s ]
ERR: 无法加载模块:__CSS__

[ 2016-03-23T11:26:00+08:00 ] 127.0.0.1 /__JS__/index.js
INFO: [ app_init ] --START--
INFO: Run Behavior\BuildLiteBehavior [ RunTime:0.000022s ]
INFO: [ app_init ] --END-- [ RunTime:0.000326s ]
ERR: 无法加载模块:__JS__

[ 2016-03-23T11:26:00+08:00 ] 127.0.0.1 /__IMAGE__/animate1.jpg
INFO: [ app_init ] --START--
INFO: Run Behavior\BuildLiteBehavior [ RunTime:0.000020s ]
INFO: [ app_init ] --END-- [ RunTime:0.000307s ]
ERR: 无法加载模块:__IMAGE__

[ 2016-03-23T11:26:00+08:00 ] 127.0.0.1 /__IMAGE__/animate3.jpg
INFO: [ app_init ] --START--
INFO: Run Behavior\BuildLiteBehavior [ RunTime:0.000030s ]
INFO: [ app_init ] --END-- [ RunTime:0.000403s ]
ERR: 无法加载模块:__IMAGE__

[ 2016-03-23T11:26:00+08:00 ] 127.0.0.1 /__IMAGE__/animate2.jpg
INFO: [ app_init ] --START--
INFO: Run Behavior\BuildLiteBehavior [ RunTime:0.000023s ]
INFO: [ app_init ] --END-- [ RunTime:0.000392s ]
ERR: 无法加载模块:__IMAGE__

[ 2016-03-23T11:26:00+08:00 ] 127.0.0.1 /__IMAGE__/animate1.jpg
INFO: [ app_init ] --START--
INFO: Run Behavior\BuildLiteBehavior [ RunTime:0.000014s ]
INFO: [ app_init ] --END-- [ RunTime:0.000211s ]
ERR: 无法加载模块:__IMAGE__

[ 2016-03-23T11:28:05+08:00 ] 127.0.0.1 /__JS__/jquery-1.7.2.min.js
INFO: [ app_init ] --START--
INFO: Run Behavior\BuildLiteBehavior [ RunTime:0.000020s ]
INFO: [ app_init ] --END-- [ RunTime:0.000330s ]
ERR: 无法加载模块:__JS__

[ 2016-03-23T11:28:05+08:00 ] 127.0.0.1 /__CSS__/common.css
INFO: [ app_init ] --START--
INFO: Run Behavior\BuildLiteBehavior [ RunTime:0.000023s ]
INFO: [ app_init ] --END-- [ RunTime:0.000358s ]
ERR: 无法加载模块:__CSS__

[ 2016-03-23T11:28:05+08:00 ] 127.0.0.1 /__JS__/top-bar.js
INFO: [ app_init ] --START--
INFO: Run Behavior\BuildLiteBehavior [ RunTime:0.000023s ]
INFO: [ app_init ] --END-- [ RunTime:0.001087s ]
ERR: 无法加载模块:__JS__

[ 2016-03-23T11:28:05+08:00 ] 127.0.0.1 /__CSS__/index.css
INFO: [ app_init ] --START--
INFO: Run Behavior\BuildLiteBehavior [ RunTime:0.000022s ]
INFO: [ app_init ] --END-- [ RunTime:0.000327s ]
ERR: 无法加载模块:__CSS__

[ 2016-03-23T11:28:05+08:00 ] 127.0.0.1 /__IMAGE__/animate1.jpg
INFO: [ app_init ] --START--
INFO: Run Behavior\BuildLiteBehavior [ RunTime:0.000019s ]
INFO: [ app_init ] --END-- [ RunTime:0.000321s ]
ERR: 无法加载模块:__IMAGE__

[ 2016-03-23T11:28:05+08:00 ] 127.0.0.1 /__JS__/index.js
INFO: [ app_init ] --START--
INFO: Run Behavior\BuildLiteBehavior [ RunTime:0.000020s ]
INFO: [ app_init ] --END-- [ RunTime:0.000307s ]
ERR: 无法加载模块:__JS__

[ 2016-03-23T11:28:05+08:00 ] 127.0.0.1 /__IMAGE__/animate2.jpg
INFO: [ app_init ] --START--
INFO: Run Behavior\BuildLiteBehavior [ RunTime:0.000025s ]
INFO: [ app_init ] --END-- [ RunTime:0.000393s ]
ERR: 无法加载模块:__IMAGE__

[ 2016-03-23T11:28:05+08:00 ] 127.0.0.1 /__IMAGE__/animate3.jpg
INFO: [ app_init ] --START--
INFO: Run Behavior\BuildLiteBehavior [ RunTime:0.000024s ]
INFO: [ app_init ] --END-- [ RunTime:0.000396s ]
ERR: 无法加载模块:__IMAGE__

[ 2016-03-23T11:28:05+08:00 ] 127.0.0.1 /__IMAGE__/animate1.jpg
INFO: [ app_init ] --START--
INFO: Run Behavior\BuildLiteBehavior [ RunTime:0.000025s ]
INFO: [ app_init ] --END-- [ RunTime:0.000345s ]
ERR: 无法加载模块:__IMAGE__

[ 2016-03-23T11:28:05+08:00 ] 127.0.0.1 /__IMAGE__/animate3.jpg
INFO: [ app_init ] --START--
INFO: Run Behavior\BuildLiteBehavior [ RunTime:0.000026s ]
INFO: [ app_init ] --END-- [ RunTime:0.000361s ]
ERR: 无法加载模块:__IMAGE__

[ 2016-03-23T11:28:05+08:00 ] 127.0.0.1 /__IMAGE__/animate2.jpg
INFO: [ app_init ] --START--
INFO: Run Behavior\BuildLiteBehavior [ RunTime:0.000020s ]
INFO: [ app_init ] --END-- [ RunTime:0.000303s ]
ERR: 无法加载模块:__IMAGE__

[ 2016-03-23T11:29:05+08:00 ] 127.0.0.1 /__CSS__/common.css
INFO: [ app_init ] --START--
INFO: Run Behavior\BuildLiteBehavior [ RunTime:0.000020s ]
INFO: [ app_init ] --END-- [ RunTime:0.000296s ]
ERR: 无法加载模块:__CSS__

[ 2016-03-23T11:29:05+08:00 ] 127.0.0.1 /__JS__/top-bar.js
INFO: [ app_init ] --START--
INFO: Run Behavior\BuildLiteBehavior [ RunTime:0.000019s ]
INFO: [ app_init ] --END-- [ RunTime:0.000287s ]
ERR: 无法加载模块:__JS__

[ 2016-03-23T11:29:05+08:00 ] 127.0.0.1 /__JS__/jquery-1.7.2.min.js
INFO: [ app_init ] --START--
INFO: Run Behavior\BuildLiteBehavior [ RunTime:0.000020s ]
INFO: [ app_init ] --END-- [ RunTime:0.000471s ]
ERR: 无法加载模块:__JS__

[ 2016-03-23T11:29:05+08:00 ] 127.0.0.1 /__CSS__/index.css
INFO: [ app_init ] --START--
INFO: Run Behavior\BuildLiteBehavior [ RunTime:0.000024s ]
INFO: [ app_init ] --END-- [ RunTime:0.000331s ]
ERR: 无法加载模块:__CSS__

[ 2016-03-23T11:29:05+08:00 ] 127.0.0.1 /__JS__/index.js
INFO: [ app_init ] --START--
INFO: Run Behavior\BuildLiteBehavior [ RunTime:0.000024s ]
INFO: [ app_init ] --END-- [ RunTime:0.000356s ]
ERR: 无法加载模块:__JS__

[ 2016-03-23T11:29:05+08:00 ] 127.0.0.1 /__IMAGE__/animate1.jpg
INFO: [ app_init ] --START--
INFO: Run Behavior\BuildLiteBehavior [ RunTime:0.000025s ]
INFO: [ app_init ] --END-- [ RunTime:0.001119s ]
ERR: 无法加载模块:__IMAGE__

[ 2016-03-23T11:29:05+08:00 ] 127.0.0.1 /__IMAGE__/animate2.jpg
INFO: [ app_init ] --START--
INFO: Run Behavior\BuildLiteBehavior [ RunTime:0.000022s ]
INFO: [ app_init ] --END-- [ RunTime:0.000330s ]
ERR: 无法加载模块:__IMAGE__

[ 2016-03-23T11:29:05+08:00 ] 127.0.0.1 /__IMAGE__/animate3.jpg
INFO: [ app_init ] --START--
INFO: Run Behavior\BuildLiteBehavior [ RunTime:0.000021s ]
INFO: [ app_init ] --END-- [ RunTime:0.000325s ]
ERR: 无法加载模块:__IMAGE__

[ 2016-03-23T11:29:05+08:00 ] 127.0.0.1 /__IMAGE__/animate1.jpg
INFO: [ app_init ] --START--
INFO: Run Behavior\BuildLiteBehavior [ RunTime:0.000013s ]
INFO: [ app_init ] --END-- [ RunTime:0.000202s ]
ERR: 无法加载模块:__IMAGE__

[ 2016-03-23T11:29:10+08:00 ] 127.0.0.1 /__CSS__/common.css
INFO: [ app_init ] --START--
INFO: Run Behavior\BuildLiteBehavior [ RunTime:0.000020s ]
INFO: [ app_init ] --END-- [ RunTime:0.000295s ]
ERR: 无法加载模块:__CSS__

[ 2016-03-23T11:29:10+08:00 ] 127.0.0.1 /__JS__/top-bar.js
INFO: [ app_init ] --START--
INFO: Run Behavior\BuildLiteBehavior [ RunTime:0.000018s ]
INFO: [ app_init ] --END-- [ RunTime:0.000301s ]
ERR: 无法加载模块:__JS__

[ 2016-03-23T11:29:10+08:00 ] 127.0.0.1 /__JS__/jquery-1.7.2.min.js
INFO: [ app_init ] --START--
INFO: Run Behavior\BuildLiteBehavior [ RunTime:0.000021s ]
INFO: [ app_init ] --END-- [ RunTime:0.000513s ]
ERR: 无法加载模块:__JS__

[ 2016-03-23T11:29:10+08:00 ] 127.0.0.1 /__CSS__/index.css
INFO: [ app_init ] --START--
INFO: Run Behavior\BuildLiteBehavior [ RunTime:0.000022s ]
INFO: [ app_init ] --END-- [ RunTime:0.000318s ]
ERR: 无法加载模块:__CSS__

[ 2016-03-23T11:29:10+08:00 ] 127.0.0.1 /__IMAGE__/animate1.jpg
INFO: [ app_init ] --START--
INFO: Run Behavior\BuildLiteBehavior [ RunTime:0.000021s ]
INFO: [ app_init ] --END-- [ RunTime:0.000316s ]
ERR: 无法加载模块:__IMAGE__

[ 2016-03-23T11:29:10+08:00 ] 127.0.0.1 /__JS__/index.js
INFO: [ app_init ] --START--
INFO: Run Behavior\BuildLiteBehavior [ RunTime:0.000024s ]
INFO: [ app_init ] --END-- [ RunTime:0.000828s ]
ERR: 无法加载模块:__JS__

[ 2016-03-23T11:29:10+08:00 ] 127.0.0.1 /__IMAGE__/animate2.jpg
INFO: [ app_init ] --START--
INFO: Run Behavior\BuildLiteBehavior [ RunTime:0.000020s ]
INFO: [ app_init ] --END-- [ RunTime:0.000294s ]
ERR: 无法加载模块:__IMAGE__

[ 2016-03-23T11:29:10+08:00 ] 127.0.0.1 /__IMAGE__/animate3.jpg
INFO: [ app_init ] --START--
INFO: Run Behavior\BuildLiteBehavior [ RunTime:0.000019s ]
INFO: [ app_init ] --END-- [ RunTime:0.000308s ]
ERR: 无法加载模块:__IMAGE__

[ 2016-03-23T11:29:10+08:00 ] 127.0.0.1 /__IMAGE__/animate1.jpg
INFO: [ app_init ] --START--
INFO: Run Behavior\BuildLiteBehavior [ RunTime:0.000033s ]
INFO: [ app_init ] --END-- [ RunTime:0.000507s ]
ERR: 无法加载模块:__IMAGE__

[ 2016-03-23T11:29:12+08:00 ] 127.0.0.1 /__JS__/jquery-1.7.2.min.js
INFO: [ app_init ] --START--
INFO: Run Behavior\BuildLiteBehavior [ RunTime:0.000020s ]
INFO: [ app_init ] --END-- [ RunTime:0.000305s ]
ERR: 无法加载模块:__JS__

[ 2016-03-23T11:29:12+08:00 ] 127.0.0.1 /__JS__/top-bar.js
INFO: [ app_init ] --START--
INFO: Run Behavior\BuildLiteBehavior [ RunTime:0.000020s ]
INFO: [ app_init ] --END-- [ RunTime:0.000322s ]
ERR: 无法加载模块:__JS__

[ 2016-03-23T11:29:12+08:00 ] 127.0.0.1 /__CSS__/common.css
INFO: [ app_init ] --START--
INFO: Run Behavior\BuildLiteBehavior [ RunTime:0.000025s ]
INFO: [ app_init ] --END-- [ RunTime:0.000373s ]
ERR: 无法加载模块:__CSS__

[ 2016-03-23T11:29:12+08:00 ] 127.0.0.1 /__JS__/index.js
INFO: [ app_init ] --START--
INFO: Run Behavior\BuildLiteBehavior [ RunTime:0.000022s ]
INFO: [ app_init ] --END-- [ RunTime:0.000317s ]
ERR: 无法加载模块:__JS__

[ 2016-03-23T11:29:12+08:00 ] 127.0.0.1 /__IMAGE__/animate1.jpg
INFO: [ app_init ] --START--
INFO: Run Behavior\BuildLiteBehavior [ RunTime:0.000036s ]
INFO: [ app_init ] --END-- [ RunTime:0.000441s ]
ERR: 无法加载模块:__IMAGE__

[ 2016-03-23T11:29:12+08:00 ] 127.0.0.1 /__CSS__/index.css
INFO: [ app_init ] --START--
INFO: Run Behavior\BuildLiteBehavior [ RunTime:0.000047s ]
INFO: [ app_init ] --END-- [ RunTime:0.000462s ]
ERR: 无法加载模块:__CSS__

[ 2016-03-23T11:29:12+08:00 ] 127.0.0.1 /__IMAGE__/animate2.jpg
INFO: [ app_init ] --START--
INFO: Run Behavior\BuildLiteBehavior [ RunTime:0.000022s ]
INFO: [ app_init ] --END-- [ RunTime:0.000331s ]
ERR: 无法加载模块:__IMAGE__

[ 2016-03-23T11:29:12+08:00 ] 127.0.0.1 /__IMAGE__/animate3.jpg
INFO: [ app_init ] --START--
INFO: Run Behavior\BuildLiteBehavior [ RunTime:0.000021s ]
INFO: [ app_init ] --END-- [ RunTime:0.000346s ]
ERR: 无法加载模块:__IMAGE__

[ 2016-03-23T11:29:12+08:00 ] 127.0.0.1 /__IMAGE__/animate1.jpg
INFO: [ app_init ] --START--
INFO: Run Behavior\BuildLiteBehavior [ RunTime:0.000025s ]
INFO: [ app_init ] --END-- [ RunTime:0.000366s ]
ERR: 无法加载模块:__IMAGE__

[ 2016-03-23T11:29:33+08:00 ] 127.0.0.1 /__JS__/top-bar.js
INFO: [ app_init ] --START--
INFO: Run Behavior\BuildLiteBehavior [ RunTime:0.000021s ]
INFO: [ app_init ] --END-- [ RunTime:0.000325s ]
ERR: 无法加载模块:__JS__

[ 2016-03-23T11:29:33+08:00 ] 127.0.0.1 /__JS__/jquery-1.7.2.min.js
INFO: [ app_init ] --START--
INFO: Run Behavior\BuildLiteBehavior [ RunTime:0.000021s ]
INFO: [ app_init ] --END-- [ RunTime:0.000331s ]
ERR: 无法加载模块:__JS__

[ 2016-03-23T11:29:33+08:00 ] 127.0.0.1 /__JS__/index.js
INFO: [ app_init ] --START--
INFO: Run Behavior\BuildLiteBehavior [ RunTime:0.000023s ]
INFO: [ app_init ] --END-- [ RunTime:0.000337s ]
ERR: 无法加载模块:__JS__

[ 2016-03-23T11:29:33+08:00 ] 127.0.0.1 /__CSS__/common.css
INFO: [ app_init ] --START--
INFO: Run Behavior\BuildLiteBehavior [ RunTime:0.000022s ]
INFO: [ app_init ] --END-- [ RunTime:0.000318s ]
ERR: 无法加载模块:__CSS__

[ 2016-03-23T11:29:33+08:00 ] 127.0.0.1 /__CSS__/index.css
INFO: [ app_init ] --START--
INFO: Run Behavior\BuildLiteBehavior [ RunTime:0.000020s ]
INFO: [ app_init ] --END-- [ RunTime:0.000306s ]
ERR: 无法加载模块:__CSS__

[ 2016-03-23T11:29:33+08:00 ] 127.0.0.1 /__IMAGE__/animate1.jpg
INFO: [ app_init ] --START--
INFO: Run Behavior\BuildLiteBehavior [ RunTime:0.000018s ]
INFO: [ app_init ] --END-- [ RunTime:0.000305s ]
ERR: 无法加载模块:__IMAGE__

[ 2016-03-23T11:29:33+08:00 ] 127.0.0.1 /__IMAGE__/animate3.jpg
INFO: [ app_init ] --START--
INFO: Run Behavior\BuildLiteBehavior [ RunTime:0.000024s ]
INFO: [ app_init ] --END-- [ RunTime:0.000331s ]
ERR: 无法加载模块:__IMAGE__

[ 2016-03-23T11:29:33+08:00 ] 127.0.0.1 /__IMAGE__/animate2.jpg
INFO: [ app_init ] --START--
INFO: Run Behavior\BuildLiteBehavior [ RunTime:0.000026s ]
INFO: [ app_init ] --END-- [ RunTime:0.000358s ]
ERR: 无法加载模块:__IMAGE__

[ 2016-03-23T11:29:33+08:00 ] 127.0.0.1 /__IMAGE__/animate1.jpg
INFO: [ app_init ] --START--
INFO: Run Behavior\BuildLiteBehavior [ RunTime:0.000027s ]
INFO: [ app_init ] --END-- [ RunTime:0.000440s ]
ERR: 无法加载模块:__IMAGE__

[ 2016-03-23T11:29:33+08:00 ] 127.0.0.1 /__IMAGE__/animate1.jpg
INFO: [ app_init ] --START--
INFO: Run Behavior\BuildLiteBehavior [ RunTime:0.000020s ]
INFO: [ app_init ] --END-- [ RunTime:0.000310s ]
ERR: 无法加载模块:__IMAGE__

[ 2016-03-23T11:29:33+08:00 ] 127.0.0.1 /__IMAGE__/animate2.jpg
INFO: [ app_init ] --START--
INFO: Run Behavior\BuildLiteBehavior [ RunTime:0.000020s ]
INFO: [ app_init ] --END-- [ RunTime:0.000310s ]
ERR: 无法加载模块:__IMAGE__

[ 2016-03-23T11:29:33+08:00 ] 127.0.0.1 /__IMAGE__/animate3.jpg
INFO: [ app_init ] --START--
INFO: Run Behavior\BuildLiteBehavior [ RunTime:0.000019s ]
INFO: [ app_init ] --END-- [ RunTime:0.000317s ]
ERR: 无法加载模块:__IMAGE__

[ 2016-03-23T11:30:15+08:00 ] 127.0.0.1 /__CSS__/common.css
INFO: [ app_init ] --START--
INFO: Run Behavior\BuildLiteBehavior [ RunTime:0.000019s ]
INFO: [ app_init ] --END-- [ RunTime:0.000294s ]
ERR: 无法加载模块:__CSS__

[ 2016-03-23T11:30:15+08:00 ] 127.0.0.1 /__JS__/jquery-1.7.2.min.js
INFO: [ app_init ] --START--
INFO: Run Behavior\BuildLiteBehavior [ RunTime:0.000019s ]
INFO: [ app_init ] --END-- [ RunTime:0.000293s ]
ERR: 无法加载模块:__JS__

[ 2016-03-23T11:30:15+08:00 ] 127.0.0.1 /__JS__/top-bar.js
INFO: [ app_init ] --START--
INFO: Run Behavior\BuildLiteBehavior [ RunTime:0.000018s ]
INFO: [ app_init ] --END-- [ RunTime:0.000306s ]
ERR: 无法加载模块:__JS__

[ 2016-03-23T11:30:15+08:00 ] 127.0.0.1 /__JS__/index.js
INFO: [ app_init ] --START--
INFO: Run Behavior\BuildLiteBehavior [ RunTime:0.000021s ]
INFO: [ app_init ] --END-- [ RunTime:0.000288s ]
ERR: 无法加载模块:__JS__

[ 2016-03-23T11:30:15+08:00 ] 127.0.0.1 /__CSS__/index.css
INFO: [ app_init ] --START--
INFO: Run Behavior\BuildLiteBehavior [ RunTime:0.000022s ]
INFO: [ app_init ] --END-- [ RunTime:0.000328s ]
ERR: 无法加载模块:__CSS__

[ 2016-03-23T11:30:15+08:00 ] 127.0.0.1 /__IMAGE__/animate1.jpg
INFO: [ app_init ] --START--
INFO: Run Behavior\BuildLiteBehavior [ RunTime:0.000023s ]
INFO: [ app_init ] --END-- [ RunTime:0.000980s ]
ERR: 无法加载模块:__IMAGE__

[ 2016-03-23T11:30:15+08:00 ] 127.0.0.1 /__IMAGE__/animate2.jpg
INFO: [ app_init ] --START--
INFO: Run Behavior\BuildLiteBehavior [ RunTime:0.000021s ]
INFO: [ app_init ] --END-- [ RunTime:0.000302s ]
ERR: 无法加载模块:__IMAGE__

[ 2016-03-23T11:30:15+08:00 ] 127.0.0.1 /__IMAGE__/animate3.jpg
INFO: [ app_init ] --START--
INFO: Run Behavior\BuildLiteBehavior [ RunTime:0.000020s ]
INFO: [ app_init ] --END-- [ RunTime:0.000312s ]
ERR: 无法加载模块:__IMAGE__

[ 2016-03-23T11:30:15+08:00 ] 127.0.0.1 /__IMAGE__/animate1.jpg
INFO: [ app_init ] --START--
INFO: Run Behavior\BuildLiteBehavior [ RunTime:0.000013s ]
INFO: [ app_init ] --END-- [ RunTime:0.000198s ]
ERR: 无法加载模块:__IMAGE__

[ 2016-03-23T11:31:33+08:00 ] 127.0.0.1 /__JS__/jquery-1.7.2.min.js
INFO: [ app_init ] --START--
INFO: Run Behavior\BuildLiteBehavior [ RunTime:0.000022s ]
INFO: [ app_init ] --END-- [ RunTime:0.000319s ]
ERR: 无法加载模块:__JS__

[ 2016-03-23T11:31:33+08:00 ] 127.0.0.1 /__CSS__/common.css
INFO: [ app_init ] --START--
INFO: Run Behavior\BuildLiteBehavior [ RunTime:0.000020s ]
INFO: [ app_init ] --END-- [ RunTime:0.000293s ]
ERR: 无法加载模块:__CSS__

[ 2016-03-23T11:31:33+08:00 ] 127.0.0.1 /__JS__/top-bar.js
INFO: [ app_init ] --START--
INFO: Run Behavior\BuildLiteBehavior [ RunTime:0.000021s ]
INFO: [ app_init ] --END-- [ RunTime:0.000340s ]
ERR: 无法加载模块:__JS__

[ 2016-03-23T11:31:33+08:00 ] 127.0.0.1 /__JS__/index.js
INFO: [ app_init ] --START--
INFO: Run Behavior\BuildLiteBehavior [ RunTime:0.000020s ]
INFO: [ app_init ] --END-- [ RunTime:0.000318s ]
ERR: 无法加载模块:__JS__

[ 2016-03-23T11:31:33+08:00 ] 127.0.0.1 /__CSS__/index.css
INFO: [ app_init ] --START--
INFO: Run Behavior\BuildLiteBehavior [ RunTime:0.000022s ]
INFO: [ app_init ] --END-- [ RunTime:0.000301s ]
ERR: 无法加载模块:__CSS__

[ 2016-03-23T11:31:33+08:00 ] 127.0.0.1 /__IMAGE__/animate1.jpg
INFO: [ app_init ] --START--
INFO: Run Behavior\BuildLiteBehavior [ RunTime:0.000029s ]
INFO: [ app_init ] --END-- [ RunTime:0.000446s ]
ERR: 无法加载模块:__IMAGE__

[ 2016-03-23T11:31:33+08:00 ] 127.0.0.1 /__IMAGE__/animate2.jpg
INFO: [ app_init ] --START--
INFO: Run Behavior\BuildLiteBehavior [ RunTime:0.000022s ]
INFO: [ app_init ] --END-- [ RunTime:0.000320s ]
ERR: 无法加载模块:__IMAGE__

[ 2016-03-23T11:31:33+08:00 ] 127.0.0.1 /__IMAGE__/animate3.jpg
INFO: [ app_init ] --START--
INFO: Run Behavior\BuildLiteBehavior [ RunTime:0.000029s ]
INFO: [ app_init ] --END-- [ RunTime:0.000724s ]
ERR: 无法加载模块:__IMAGE__

[ 2016-03-23T11:31:33+08:00 ] 127.0.0.1 /__IMAGE__/animate1.jpg
INFO: [ app_init ] --START--
INFO: Run Behavior\BuildLiteBehavior [ RunTime:0.000013s ]
INFO: [ app_init ] --END-- [ RunTime:0.000198s ]
ERR: 无法加载模块:__IMAGE__

[ 2016-03-23T11:32:03+08:00 ] 127.0.0.1 /__JS__/jquery-1.7.2.min.js
INFO: [ app_init ] --START--
INFO: Run Behavior\BuildLiteBehavior [ RunTime:0.000020s ]
INFO: [ app_init ] --END-- [ RunTime:0.000332s ]
ERR: 无法加载模块:__JS__

[ 2016-03-23T11:32:03+08:00 ] 127.0.0.1 /__CSS__/common.css
INFO: [ app_init ] --START--
INFO: Run Behavior\BuildLiteBehavior [ RunTime:0.000023s ]
INFO: [ app_init ] --END-- [ RunTime:0.000343s ]
ERR: 无法加载模块:__CSS__

[ 2016-03-23T11:32:03+08:00 ] 127.0.0.1 /__JS__/top-bar.js
INFO: [ app_init ] --START--
INFO: Run Behavior\BuildLiteBehavior [ RunTime:0.000022s ]
INFO: [ app_init ] --END-- [ RunTime:0.000675s ]
ERR: 无法加载模块:__JS__

[ 2016-03-23T11:32:03+08:00 ] 127.0.0.1 /__JS__/index.js
INFO: [ app_init ] --START--
INFO: Run Behavior\BuildLiteBehavior [ RunTime:0.000021s ]
INFO: [ app_init ] --END-- [ RunTime:0.000301s ]
ERR: 无法加载模块:__JS__

[ 2016-03-23T11:32:03+08:00 ] 127.0.0.1 /__CSS__/index.css
INFO: [ app_init ] --START--
INFO: Run Behavior\BuildLiteBehavior [ RunTime:0.000021s ]
INFO: [ app_init ] --END-- [ RunTime:0.000304s ]
ERR: 无法加载模块:__CSS__

[ 2016-03-23T11:32:03+08:00 ] 127.0.0.1 /__IMAGE__/animate1.jpg
INFO: [ app_init ] --START--
INFO: Run Behavior\BuildLiteBehavior [ RunTime:0.000023s ]
INFO: [ app_init ] --END-- [ RunTime:0.005239s ]
ERR: 无法加载模块:__IMAGE__

[ 2016-03-23T11:32:03+08:00 ] 127.0.0.1 /__IMAGE__/animate3.jpg
INFO: [ app_init ] --START--
INFO: Run Behavior\BuildLiteBehavior [ RunTime:0.000019s ]
INFO: [ app_init ] --END-- [ RunTime:0.000494s ]
ERR: 无法加载模块:__IMAGE__

[ 2016-03-23T11:32:03+08:00 ] 127.0.0.1 /__IMAGE__/animate2.jpg
INFO: [ app_init ] --START--
INFO: Run Behavior\BuildLiteBehavior [ RunTime:0.000027s ]
INFO: [ app_init ] --END-- [ RunTime:0.000444s ]
ERR: 无法加载模块:__IMAGE__

[ 2016-03-23T11:32:03+08:00 ] 127.0.0.1 /__IMAGE__/animate1.jpg
INFO: [ app_init ] --START--
INFO: Run Behavior\BuildLiteBehavior [ RunTime:0.000020s ]
INFO: [ app_init ] --END-- [ RunTime:0.000255s ]
ERR: 无法加载模块:__IMAGE__

[ 2016-03-23T11:32:03+08:00 ] 127.0.0.1 /__IMAGE__/animate3.jpg
INFO: [ app_init ] --START--
INFO: Run Behavior\BuildLiteBehavior [ RunTime:0.000015s ]
INFO: [ app_init ] --END-- [ RunTime:0.000248s ]
ERR: 无法加载模块:__IMAGE__

[ 2016-03-23T11:32:03+08:00 ] 127.0.0.1 /__IMAGE__/animate2.jpg
INFO: [ app_init ] --START--
INFO: Run Behavior\BuildLiteBehavior [ RunTime:0.000021s ]
INFO: [ app_init ] --END-- [ RunTime:0.000315s ]
ERR: 无法加载模块:__IMAGE__

[ 2016-03-23T11:32:03+08:00 ] 127.0.0.1 /__IMAGE__/animate1.jpg
INFO: [ app_init ] --START--
INFO: Run Behavior\BuildLiteBehavior [ RunTime:0.000013s ]
INFO: [ app_init ] --END-- [ RunTime:0.000207s ]
ERR: 无法加载模块:__IMAGE__

[ 2016-03-23T11:32:32+08:00 ] 127.0.0.1 /__JS__/jquery-1.7.2.min.js
INFO: [ app_init ] --START--
INFO: Run Behavior\BuildLiteBehavior [ RunTime:0.000022s ]
INFO: [ app_init ] --END-- [ RunTime:0.000313s ]
ERR: 无法加载模块:__JS__

[ 2016-03-23T11:32:32+08:00 ] 127.0.0.1 /__CSS__/common.css
INFO: [ app_init ] --START--
INFO: Run Behavior\BuildLiteBehavior [ RunTime:0.000019s ]
INFO: [ app_init ] --END-- [ RunTime:0.000316s ]
ERR: 无法加载模块:__CSS__

[ 2016-03-23T11:32:32+08:00 ] 127.0.0.1 /__JS__/top-bar.js
INFO: [ app_init ] --START--
INFO: Run Behavior\BuildLiteBehavior [ RunTime:0.000023s ]
INFO: [ app_init ] --END-- [ RunTime:0.000364s ]
ERR: 无法加载模块:__JS__

[ 2016-03-23T11:32:32+08:00 ] 127.0.0.1 /__CSS__/index.css
INFO: [ app_init ] --START--
INFO: Run Behavior\BuildLiteBehavior [ RunTime:0.000020s ]
INFO: [ app_init ] --END-- [ RunTime:0.000314s ]
ERR: 无法加载模块:__CSS__

[ 2016-03-23T11:32:32+08:00 ] 127.0.0.1 /__JS__/index.js
INFO: [ app_init ] --START--
INFO: Run Behavior\BuildLiteBehavior [ RunTime:0.000020s ]
INFO: [ app_init ] --END-- [ RunTime:0.000268s ]
ERR: 无法加载模块:__JS__

[ 2016-03-23T11:32:32+08:00 ] 127.0.0.1 /__IMAGE__/animate1.jpg
INFO: [ app_init ] --START--
INFO: Run Behavior\BuildLiteBehavior [ RunTime:0.000027s ]
INFO: [ app_init ] --END-- [ RunTime:0.000628s ]
ERR: 无法加载模块:__IMAGE__

[ 2016-03-23T11:32:32+08:00 ] 127.0.0.1 /__IMAGE__/animate3.jpg
INFO: [ app_init ] --START--
INFO: Run Behavior\BuildLiteBehavior [ RunTime:0.000020s ]
INFO: [ app_init ] --END-- [ RunTime:0.000326s ]
ERR: 无法加载模块:__IMAGE__

[ 2016-03-23T11:32:32+08:00 ] 127.0.0.1 /__IMAGE__/animate2.jpg
INFO: [ app_init ] --START--
INFO: Run Behavior\BuildLiteBehavior [ RunTime:0.000070s ]
INFO: [ app_init ] --END-- [ RunTime:0.000375s ]
ERR: 无法加载模块:__IMAGE__

[ 2016-03-23T11:32:32+08:00 ] 127.0.0.1 /__IMAGE__/animate1.jpg
INFO: [ app_init ] --START--
INFO: Run Behavior\BuildLiteBehavior [ RunTime:0.000026s ]
INFO: [ app_init ] --END-- [ RunTime:0.000388s ]
ERR: 无法加载模块:__IMAGE__

[ 2016-03-23T11:32:32+08:00 ] 127.0.0.1 /__IMAGE__/animate3.jpg
INFO: [ app_init ] --START--
INFO: Run Behavior\BuildLiteBehavior [ RunTime:0.000022s ]
INFO: [ app_init ] --END-- [ RunTime:0.000320s ]
ERR: 无法加载模块:__IMAGE__

[ 2016-03-23T11:32:32+08:00 ] 127.0.0.1 /__IMAGE__/animate2.jpg
INFO: [ app_init ] --START--
INFO: Run Behavior\BuildLiteBehavior [ RunTime:0.000019s ]
INFO: [ app_init ] --END-- [ RunTime:0.000311s ]
ERR: 无法加载模块:__IMAGE__

[ 2016-03-23T11:32:32+08:00 ] 127.0.0.1 /__IMAGE__/animate1.jpg
INFO: [ app_init ] --START--
INFO: Run Behavior\BuildLiteBehavior [ RunTime:0.000020s ]
INFO: [ app_init ] --END-- [ RunTime:0.000341s ]
ERR: 无法加载模块:__IMAGE__

[ 2016-03-23T11:32:34+08:00 ] 127.0.0.1 /__JS__/top-bar.js
INFO: [ app_init ] --START--
INFO: Run Behavior\BuildLiteBehavior [ RunTime:0.000020s ]
INFO: [ app_init ] --END-- [ RunTime:0.000303s ]
ERR: 无法加载模块:__JS__

[ 2016-03-23T11:32:34+08:00 ] 127.0.0.1 /__CSS__/common.css
INFO: [ app_init ] --START--
INFO: Run Behavior\BuildLiteBehavior [ RunTime:0.000020s ]
INFO: [ app_init ] --END-- [ RunTime:0.000304s ]
ERR: 无法加载模块:__CSS__

[ 2016-03-23T11:32:35+08:00 ] 127.0.0.1 /__JS__/jquery-1.7.2.min.js
INFO: [ app_init ] --START--
INFO: Run Behavior\BuildLiteBehavior [ RunTime:0.000021s ]
INFO: [ app_init ] --END-- [ RunTime:0.000317s ]
ERR: 无法加载模块:__JS__

[ 2016-03-23T11:32:35+08:00 ] 127.0.0.1 /__JS__/index.js
INFO: [ app_init ] --START--
INFO: Run Behavior\BuildLiteBehavior [ RunTime:0.000020s ]
INFO: [ app_init ] --END-- [ RunTime:0.000293s ]
ERR: 无法加载模块:__JS__

[ 2016-03-23T11:32:35+08:00 ] 127.0.0.1 /__IMAGE__/animate1.jpg
INFO: [ app_init ] --START--
INFO: Run Behavior\BuildLiteBehavior [ RunTime:0.000026s ]
INFO: [ app_init ] --END-- [ RunTime:0.000746s ]
ERR: 无法加载模块:__IMAGE__

[ 2016-03-23T11:32:35+08:00 ] 127.0.0.1 /__CSS__/index.css
INFO: [ app_init ] --START--
INFO: Run Behavior\BuildLiteBehavior [ RunTime:0.000022s ]
INFO: [ app_init ] --END-- [ RunTime:0.000338s ]
ERR: 无法加载模块:__CSS__

[ 2016-03-23T11:32:35+08:00 ] 127.0.0.1 /__IMAGE__/animate2.jpg
INFO: [ app_init ] --START--
INFO: Run Behavior\BuildLiteBehavior [ RunTime:0.000022s ]
INFO: [ app_init ] --END-- [ RunTime:0.000449s ]
ERR: 无法加载模块:__IMAGE__

[ 2016-03-23T11:32:35+08:00 ] 127.0.0.1 /__IMAGE__/animate3.jpg
INFO: [ app_init ] --START--
INFO: Run Behavior\BuildLiteBehavior [ RunTime:0.000019s ]
INFO: [ app_init ] --END-- [ RunTime:0.000292s ]
ERR: 无法加载模块:__IMAGE__

[ 2016-03-23T11:32:35+08:00 ] 127.0.0.1 /__IMAGE__/animate1.jpg
INFO: [ app_init ] --START--
INFO: Run Behavior\BuildLiteBehavior [ RunTime:0.000023s ]
INFO: [ app_init ] --END-- [ RunTime:0.000341s ]
ERR: 无法加载模块:__IMAGE__

[ 2016-03-23T11:32:35+08:00 ] 127.0.0.1 /__IMAGE__/animate1.jpg
INFO: [ app_init ] --START--
INFO: Run Behavior\BuildLiteBehavior [ RunTime:0.000020s ]
INFO: [ app_init ] --END-- [ RunTime:0.000301s ]
ERR: 无法加载模块:__IMAGE__

[ 2016-03-23T11:32:35+08:00 ] 127.0.0.1 /__IMAGE__/animate2.jpg
INFO: [ app_init ] --START--
INFO: Run Behavior\BuildLiteBehavior [ RunTime:0.000020s ]
INFO: [ app_init ] --END-- [ RunTime:0.000301s ]
ERR: 无法加载模块:__IMAGE__

[ 2016-03-23T11:32:35+08:00 ] 127.0.0.1 /__IMAGE__/animate3.jpg
INFO: [ app_init ] --START--
INFO: Run Behavior\BuildLiteBehavior [ RunTime:0.000020s ]
INFO: [ app_init ] --END-- [ RunTime:0.000325s ]
ERR: 无法加载模块:__IMAGE__

[ 2016-03-23T11:32:46+08:00 ] 127.0.0.1 /__CSS__/common.css
INFO: [ app_init ] --START--
INFO: Run Behavior\BuildLiteBehavior [ RunTime:0.000022s ]
INFO: [ app_init ] --END-- [ RunTime:0.000318s ]
ERR: 无法加载模块:__CSS__

[ 2016-03-23T11:32:46+08:00 ] 127.0.0.1 /__JS__/jquery-1.7.2.min.js
INFO: [ app_init ] --START--
INFO: Run Behavior\BuildLiteBehavior [ RunTime:0.000020s ]
INFO: [ app_init ] --END-- [ RunTime:0.000546s ]
ERR: 无法加载模块:__JS__

[ 2016-03-23T11:32:46+08:00 ] 127.0.0.1 /__JS__/top-bar.js
INFO: [ app_init ] --START--
INFO: Run Behavior\BuildLiteBehavior [ RunTime:0.000021s ]
INFO: [ app_init ] --END-- [ RunTime:0.000312s ]
ERR: 无法加载模块:__JS__

[ 2016-03-23T11:32:46+08:00 ] 127.0.0.1 /__CSS__/index.css
INFO: [ app_init ] --START--
INFO: Run Behavior\BuildLiteBehavior [ RunTime:0.000022s ]
INFO: [ app_init ] --END-- [ RunTime:0.000313s ]
ERR: 无法加载模块:__CSS__

[ 2016-03-23T11:32:46+08:00 ] 127.0.0.1 /__JS__/index.js
INFO: [ app_init ] --START--
INFO: Run Behavior\BuildLiteBehavior [ RunTime:0.000022s ]
INFO: [ app_init ] --END-- [ RunTime:0.000310s ]
ERR: 无法加载模块:__JS__

[ 2016-03-23T11:32:46+08:00 ] 127.0.0.1 /__IMAGE__/animate1.jpg
INFO: [ app_init ] --START--
INFO: Run Behavior\BuildLiteBehavior [ RunTime:0.000026s ]
INFO: [ app_init ] --END-- [ RunTime:0.000721s ]
ERR: 无法加载模块:__IMAGE__

[ 2016-03-23T11:32:46+08:00 ] 127.0.0.1 /__IMAGE__/animate3.jpg
INFO: [ app_init ] --START--
INFO: Run Behavior\BuildLiteBehavior [ RunTime:0.000023s ]
INFO: [ app_init ] --END-- [ RunTime:0.000365s ]
ERR: 无法加载模块:__IMAGE__

[ 2016-03-23T11:32:46+08:00 ] 127.0.0.1 /__IMAGE__/animate2.jpg
INFO: [ app_init ] --START--
INFO: Run Behavior\BuildLiteBehavior [ RunTime:0.000026s ]
INFO: [ app_init ] --END-- [ RunTime:0.000405s ]
ERR: 无法加载模块:__IMAGE__

[ 2016-03-23T11:32:46+08:00 ] 127.0.0.1 /__IMAGE__/animate1.jpg
INFO: [ app_init ] --START--
INFO: Run Behavior\BuildLiteBehavior [ RunTime:0.000014s ]
INFO: [ app_init ] --END-- [ RunTime:0.000204s ]
ERR: 无法加载模块:__IMAGE__

[ 2016-03-23T11:32:46+08:00 ] 127.0.0.1 /__IMAGE__/animate3.jpg
INFO: [ app_init ] --START--
INFO: Run Behavior\BuildLiteBehavior [ RunTime:0.000022s ]
INFO: [ app_init ] --END-- [ RunTime:0.000359s ]
ERR: 无法加载模块:__IMAGE__

[ 2016-03-23T11:32:46+08:00 ] 127.0.0.1 /__IMAGE__/animate2.jpg
INFO: [ app_init ] --START--
INFO: Run Behavior\BuildLiteBehavior [ RunTime:0.000021s ]
INFO: [ app_init ] --END-- [ RunTime:0.000363s ]
ERR: 无法加载模块:__IMAGE__

[ 2016-03-23T11:58:47+08:00 ] 127.0.0.1 /__CSS__/common.css
INFO: [ app_init ] --START--
INFO: Run Behavior\BuildLiteBehavior [ RunTime:0.000020s ]
INFO: [ app_init ] --END-- [ RunTime:0.000299s ]
ERR: 无法加载模块:__CSS__

[ 2016-03-23T11:58:47+08:00 ] 127.0.0.1 /__JS__/jquery-1.7.2.min.js
INFO: [ app_init ] --START--
INFO: Run Behavior\BuildLiteBehavior [ RunTime:0.000020s ]
INFO: [ app_init ] --END-- [ RunTime:0.000314s ]
ERR: 无法加载模块:__JS__

[ 2016-03-23T11:58:47+08:00 ] 127.0.0.1 /__JS__/top-bar.js
INFO: [ app_init ] --START--
INFO: Run Behavior\BuildLiteBehavior [ RunTime:0.000019s ]
INFO: [ app_init ] --END-- [ RunTime:0.000324s ]
ERR: 无法加载模块:__JS__

[ 2016-03-23T11:58:47+08:00 ] 127.0.0.1 /__CSS__/index.css
INFO: [ app_init ] --START--
INFO: Run Behavior\BuildLiteBehavior [ RunTime:0.000021s ]
INFO: [ app_init ] --END-- [ RunTime:0.000299s ]
ERR: 无法加载模块:__CSS__

[ 2016-03-23T11:58:47+08:00 ] 127.0.0.1 /__IMAGE__/animate1.jpg
INFO: [ app_init ] --START--
INFO: Run Behavior\BuildLiteBehavior [ RunTime:0.000027s ]
INFO: [ app_init ] --END-- [ RunTime:0.001130s ]
ERR: 无法加载模块:__IMAGE__

[ 2016-03-23T11:58:47+08:00 ] 127.0.0.1 /__JS__/index.js
INFO: [ app_init ] --START--
INFO: Run Behavior\BuildLiteBehavior [ RunTime:0.000023s ]
INFO: [ app_init ] --END-- [ RunTime:0.000731s ]
ERR: 无法加载模块:__JS__

[ 2016-03-23T11:58:47+08:00 ] 127.0.0.1 /__IMAGE__/animate2.jpg
INFO: [ app_init ] --START--
INFO: Run Behavior\BuildLiteBehavior [ RunTime:0.000025s ]
INFO: [ app_init ] --END-- [ RunTime:0.000335s ]
ERR: 无法加载模块:__IMAGE__

[ 2016-03-23T11:58:47+08:00 ] 127.0.0.1 /__IMAGE__/animate3.jpg
INFO: [ app_init ] --START--
INFO: Run Behavior\BuildLiteBehavior [ RunTime:0.000054s ]
INFO: [ app_init ] --END-- [ RunTime:0.001637s ]
ERR: 无法加载模块:__IMAGE__

[ 2016-03-23T11:58:47+08:00 ] 127.0.0.1 /__IMAGE__/animate1.jpg
INFO: [ app_init ] --START--
INFO: Run Behavior\BuildLiteBehavior [ RunTime:0.000014s ]
INFO: [ app_init ] --END-- [ RunTime:0.000201s ]
ERR: 无法加载模块:__IMAGE__

[ 2016-03-23T11:58:47+08:00 ] 127.0.0.1 /__IMAGE__/animate1.jpg
INFO: [ app_init ] --START--
INFO: Run Behavior\BuildLiteBehavior [ RunTime:0.000021s ]
INFO: [ app_init ] --END-- [ RunTime:0.000304s ]
ERR: 无法加载模块:__IMAGE__

[ 2016-03-23T11:58:47+08:00 ] 127.0.0.1 /__IMAGE__/animate2.jpg
INFO: [ app_init ] --START--
INFO: Run Behavior\BuildLiteBehavior [ RunTime:0.000019s ]
INFO: [ app_init ] --END-- [ RunTime:0.000284s ]
ERR: 无法加载模块:__IMAGE__

[ 2016-03-23T11:58:47+08:00 ] 127.0.0.1 /__IMAGE__/animate3.jpg
INFO: [ app_init ] --START--
INFO: Run Behavior\BuildLiteBehavior [ RunTime:0.000026s ]
INFO: [ app_init ] --END-- [ RunTime:0.000484s ]
ERR: 无法加载模块:__IMAGE__

[ 2016-03-23T11:59:10+08:00 ] 127.0.0.1 /__JS__/top-bar.js
INFO: [ app_init ] --START--
INFO: Run Behavior\BuildLiteBehavior [ RunTime:0.000022s ]
INFO: [ app_init ] --END-- [ RunTime:0.000317s ]
ERR: 无法加载模块:__JS__

[ 2016-03-23T11:59:10+08:00 ] 127.0.0.1 /__JS__/jquery-1.7.2.min.js
INFO: [ app_init ] --START--
INFO: Run Behavior\BuildLiteBehavior [ RunTime:0.000018s ]
INFO: [ app_init ] --END-- [ RunTime:0.000306s ]
ERR: 无法加载模块:__JS__

[ 2016-03-23T11:59:10+08:00 ] 127.0.0.1 /__CSS__/common.css
INFO: [ app_init ] --START--
INFO: Run Behavior\BuildLiteBehavior [ RunTime:0.000019s ]
INFO: [ app_init ] --END-- [ RunTime:0.000310s ]
ERR: 无法加载模块:__CSS__

[ 2016-03-23T11:59:10+08:00 ] 127.0.0.1 /__CSS__/index.css
INFO: [ app_init ] --START--
INFO: Run Behavior\BuildLiteBehavior [ RunTime:0.000019s ]
INFO: [ app_init ] --END-- [ RunTime:0.000294s ]
ERR: 无法加载模块:__CSS__

[ 2016-03-23T11:59:10+08:00 ] 127.0.0.1 /__JS__/index.js
INFO: [ app_init ] --START--
INFO: Run Behavior\BuildLiteBehavior [ RunTime:0.000023s ]
INFO: [ app_init ] --END-- [ RunTime:0.000331s ]
ERR: 无法加载模块:__JS__

[ 2016-03-23T11:59:10+08:00 ] 127.0.0.1 /__IMAGE__/animate1.jpg
INFO: [ app_init ] --START--
INFO: Run Behavior\BuildLiteBehavior [ RunTime:0.000040s ]
INFO: [ app_init ] --END-- [ RunTime:0.001223s ]
ERR: 无法加载模块:__IMAGE__

[ 2016-03-23T11:59:10+08:00 ] 127.0.0.1 /__IMAGE__/animate3.jpg
INFO: [ app_init ] --START--
INFO: Run Behavior\BuildLiteBehavior [ RunTime:0.000012s ]
INFO: [ app_init ] --END-- [ RunTime:0.000192s ]
ERR: 无法加载模块:__IMAGE__

[ 2016-03-23T11:59:10+08:00 ] 127.0.0.1 /__IMAGE__/animate2.jpg
INFO: [ app_init ] --START--
INFO: Run Behavior\BuildLiteBehavior [ RunTime:0.000021s ]
INFO: [ app_init ] --END-- [ RunTime:0.000321s ]
ERR: 无法加载模块:__IMAGE__

[ 2016-03-23T11:59:10+08:00 ] 127.0.0.1 /__IMAGE__/animate1.jpg
INFO: [ app_init ] --START--
INFO: Run Behavior\BuildLiteBehavior [ RunTime:0.000014s ]
INFO: [ app_init ] --END-- [ RunTime:0.000207s ]
ERR: 无法加载模块:__IMAGE__

[ 2016-03-23T11:59:13+08:00 ] 127.0.0.1 /__JS__/jquery-1.7.2.min.js
INFO: [ app_init ] --START--
INFO: Run Behavior\BuildLiteBehavior [ RunTime:0.000021s ]
INFO: [ app_init ] --END-- [ RunTime:0.000315s ]
ERR: 无法加载模块:__JS__

[ 2016-03-23T11:59:13+08:00 ] 127.0.0.1 /__CSS__/common.css
INFO: [ app_init ] --START--
INFO: Run Behavior\BuildLiteBehavior [ RunTime:0.000021s ]
INFO: [ app_init ] --END-- [ RunTime:0.000301s ]
ERR: 无法加载模块:__CSS__

[ 2016-03-23T11:59:13+08:00 ] 127.0.0.1 /__JS__/top-bar.js
INFO: [ app_init ] --START--
INFO: Run Behavior\BuildLiteBehavior [ RunTime:0.000022s ]
INFO: [ app_init ] --END-- [ RunTime:0.000340s ]
ERR: 无法加载模块:__JS__

[ 2016-03-23T11:59:13+08:00 ] 127.0.0.1 /__CSS__/index.css
INFO: [ app_init ] --START--
INFO: Run Behavior\BuildLiteBehavior [ RunTime:0.000032s ]
INFO: [ app_init ] --END-- [ RunTime:0.000414s ]
ERR: 无法加载模块:__CSS__

[ 2016-03-23T11:59:13+08:00 ] 127.0.0.1 /__JS__/index.js
INFO: [ app_init ] --START--
INFO: Run Behavior\BuildLiteBehavior [ RunTime:0.000023s ]
INFO: [ app_init ] --END-- [ RunTime:0.000323s ]
ERR: 无法加载模块:__JS__

[ 2016-03-23T11:59:13+08:00 ] 127.0.0.1 /__IMAGE__/animate1.jpg
INFO: [ app_init ] --START--
INFO: Run Behavior\BuildLiteBehavior [ RunTime:0.000056s ]
INFO: [ app_init ] --END-- [ RunTime:0.000461s ]
ERR: 无法加载模块:__IMAGE__

[ 2016-03-23T11:59:13+08:00 ] 127.0.0.1 /__IMAGE__/animate2.jpg
INFO: [ app_init ] --START--
INFO: Run Behavior\BuildLiteBehavior [ RunTime:0.000030s ]
INFO: [ app_init ] --END-- [ RunTime:0.001765s ]
ERR: 无法加载模块:__IMAGE__

[ 2016-03-23T11:59:13+08:00 ] 127.0.0.1 /__IMAGE__/animate3.jpg
INFO: [ app_init ] --START--
INFO: Run Behavior\BuildLiteBehavior [ RunTime:0.000020s ]
INFO: [ app_init ] --END-- [ RunTime:0.000301s ]
ERR: 无法加载模块:__IMAGE__

[ 2016-03-23T11:59:13+08:00 ] 127.0.0.1 /__IMAGE__/animate1.jpg
INFO: [ app_init ] --START--
INFO: Run Behavior\BuildLiteBehavior [ RunTime:0.000022s ]
INFO: [ app_init ] --END-- [ RunTime:0.000266s ]
ERR: 无法加载模块:__IMAGE__

[ 2016-03-23T11:59:15+08:00 ] 127.0.0.1 /__CSS__/index.css
INFO: [ app_init ] --START--
INFO: Run Behavior\BuildLiteBehavior [ RunTime:0.000025s ]
INFO: [ app_init ] --END-- [ RunTime:0.000340s ]
ERR: 无法加载模块:__CSS__

[ 2016-03-23T11:59:15+08:00 ] 127.0.0.1 /__CSS__/common.css
INFO: [ app_init ] --START--
INFO: Run Behavior\BuildLiteBehavior [ RunTime:0.000019s ]
INFO: [ app_init ] --END-- [ RunTime:0.000296s ]
ERR: 无法加载模块:__CSS__

[ 2016-03-23T11:59:15+08:00 ] 127.0.0.1 /__JS__/top-bar.js
INFO: [ app_init ] --START--
INFO: Run Behavior\BuildLiteBehavior [ RunTime:0.000022s ]
INFO: [ app_init ] --END-- [ RunTime:0.000330s ]
ERR: 无法加载模块:__JS__

[ 2016-03-23T11:59:15+08:00 ] 127.0.0.1 /__JS__/jquery-1.7.2.min.js
INFO: [ app_init ] --START--
INFO: Run Behavior\BuildLiteBehavior [ RunTime:0.000260s ]
INFO: [ app_init ] --END-- [ RunTime:0.001403s ]
ERR: 无法加载模块:__JS__

[ 2016-03-23T11:59:15+08:00 ] 127.0.0.1 /__JS__/index.js
INFO: [ app_init ] --START--
INFO: Run Behavior\BuildLiteBehavior [ RunTime:0.000022s ]
INFO: [ app_init ] --END-- [ RunTime:0.000320s ]
ERR: 无法加载模块:__JS__

[ 2016-03-23T11:59:15+08:00 ] 127.0.0.1 /__IMAGE__/animate1.jpg
INFO: [ app_init ] --START--
INFO: Run Behavior\BuildLiteBehavior [ RunTime:0.000042s ]
INFO: [ app_init ] --END-- [ RunTime:0.001101s ]
ERR: 无法加载模块:__IMAGE__

[ 2016-03-23T11:59:15+08:00 ] 127.0.0.1 /__IMAGE__/animate2.jpg
INFO: [ app_init ] --START--
INFO: Run Behavior\BuildLiteBehavior [ RunTime:0.000025s ]
INFO: [ app_init ] --END-- [ RunTime:0.000563s ]
ERR: 无法加载模块:__IMAGE__

[ 2016-03-23T11:59:15+08:00 ] 127.0.0.1 /__IMAGE__/animate3.jpg
INFO: [ app_init ] --START--
INFO: Run Behavior\BuildLiteBehavior [ RunTime:0.000015s ]
INFO: [ app_init ] --END-- [ RunTime:0.000223s ]
ERR: 无法加载模块:__IMAGE__

[ 2016-03-23T11:59:15+08:00 ] 127.0.0.1 /__IMAGE__/animate1.jpg
INFO: [ app_init ] --START--
INFO: Run Behavior\BuildLiteBehavior [ RunTime:0.000016s ]
INFO: [ app_init ] --END-- [ RunTime:0.000250s ]
ERR: 无法加载模块:__IMAGE__

[ 2016-03-23T12:02:56+08:00 ] 127.0.0.1 /__JS__/jquery-1.7.2.min.js
INFO: [ app_init ] --START--
INFO: Run Behavior\BuildLiteBehavior [ RunTime:0.000020s ]
INFO: [ app_init ] --END-- [ RunTime:0.000301s ]
ERR: 无法加载模块:__JS__

[ 2016-03-23T12:02:56+08:00 ] 127.0.0.1 /__JS__/top-bar.js
INFO: [ app_init ] --START--
INFO: Run Behavior\BuildLiteBehavior [ RunTime:0.000020s ]
INFO: [ app_init ] --END-- [ RunTime:0.000314s ]
ERR: 无法加载模块:__JS__

[ 2016-03-23T12:02:56+08:00 ] 127.0.0.1 /__CSS__/common.css
INFO: [ app_init ] --START--
INFO: Run Behavior\BuildLiteBehavior [ RunTime:0.000016s ]
INFO: [ app_init ] --END-- [ RunTime:0.000262s ]
ERR: 无法加载模块:__CSS__

[ 2016-03-23T12:02:56+08:00 ] 127.0.0.1 /__CSS__/index.css
INFO: [ app_init ] --START--
INFO: Run Behavior\BuildLiteBehavior [ RunTime:0.000023s ]
INFO: [ app_init ] --END-- [ RunTime:0.000305s ]
ERR: 无法加载模块:__CSS__

[ 2016-03-23T12:02:56+08:00 ] 127.0.0.1 /__JS__/index.js
INFO: [ app_init ] --START--
INFO: Run Behavior\BuildLiteBehavior [ RunTime:0.000021s ]
INFO: [ app_init ] --END-- [ RunTime:0.000327s ]
ERR: 无法加载模块:__JS__

[ 2016-03-23T12:02:56+08:00 ] 127.0.0.1 /__IMAGE__/animate1.jpg
INFO: [ app_init ] --START--
INFO: Run Behavior\BuildLiteBehavior [ RunTime:0.000026s ]
INFO: [ app_init ] --END-- [ RunTime:0.000363s ]
ERR: 无法加载模块:__IMAGE__

[ 2016-03-23T12:02:56+08:00 ] 127.0.0.1 /__IMAGE__/animate2.jpg
INFO: [ app_init ] --START--
INFO: Run Behavior\BuildLiteBehavior [ RunTime:0.000021s ]
INFO: [ app_init ] --END-- [ RunTime:0.000317s ]
ERR: 无法加载模块:__IMAGE__

[ 2016-03-23T12:02:56+08:00 ] 127.0.0.1 /__IMAGE__/animate3.jpg
INFO: [ app_init ] --START--
INFO: Run Behavior\BuildLiteBehavior [ RunTime:0.000022s ]
INFO: [ app_init ] --END-- [ RunTime:0.000377s ]
ERR: 无法加载模块:__IMAGE__

[ 2016-03-23T12:02:56+08:00 ] 127.0.0.1 /__IMAGE__/animate2.jpg
INFO: [ app_init ] --START--
INFO: Run Behavior\BuildLiteBehavior [ RunTime:0.000019s ]
INFO: [ app_init ] --END-- [ RunTime:0.000321s ]
ERR: 无法加载模块:__IMAGE__

[ 2016-03-23T12:02:56+08:00 ] 127.0.0.1 /__IMAGE__/animate1.jpg
INFO: [ app_init ] --START--
INFO: Run Behavior\BuildLiteBehavior [ RunTime:0.000022s ]
INFO: [ app_init ] --END-- [ RunTime:0.000316s ]
ERR: 无法加载模块:__IMAGE__

[ 2016-03-23T12:02:56+08:00 ] 127.0.0.1 /__IMAGE__/animate3.jpg
INFO: [ app_init ] --START--
INFO: Run Behavior\BuildLiteBehavior [ RunTime:0.000022s ]
INFO: [ app_init ] --END-- [ RunTime:0.000346s ]
ERR: 无法加载模块:__IMAGE__

[ 2016-03-23T12:03:40+08:00 ] 127.0.0.1 /__CSS__/common.css
INFO: [ app_init ] --START--
INFO: Run Behavior\BuildLiteBehavior [ RunTime:0.000021s ]
INFO: [ app_init ] --END-- [ RunTime:0.000306s ]
ERR: 无法加载模块:__CSS__

[ 2016-03-23T12:03:40+08:00 ] 127.0.0.1 /__JS__/jquery-1.7.2.min.js
INFO: [ app_init ] --START--
INFO: Run Behavior\BuildLiteBehavior [ RunTime:0.000020s ]
INFO: [ app_init ] --END-- [ RunTime:0.000309s ]
ERR: 无法加载模块:__JS__

[ 2016-03-23T12:03:40+08:00 ] 127.0.0.1 /__JS__/top-bar.js
INFO: [ app_init ] --START--
INFO: Run Behavior\BuildLiteBehavior [ RunTime:0.000032s ]
INFO: [ app_init ] --END-- [ RunTime:0.001242s ]
ERR: 无法加载模块:__JS__

[ 2016-03-23T12:03:40+08:00 ] 127.0.0.1 /__CSS__/index.css
INFO: [ app_init ] --START--
INFO: Run Behavior\BuildLiteBehavior [ RunTime:0.000020s ]
INFO: [ app_init ] --END-- [ RunTime:0.000302s ]
ERR: 无法加载模块:__CSS__

[ 2016-03-23T12:03:40+08:00 ] 127.0.0.1 /__JS__/index.js
INFO: [ app_init ] --START--
INFO: Run Behavior\BuildLiteBehavior [ RunTime:0.000020s ]
INFO: [ app_init ] --END-- [ RunTime:0.000302s ]
ERR: 无法加载模块:__JS__

[ 2016-03-23T12:03:40+08:00 ] 127.0.0.1 /__IMAGE__/animate1.jpg
INFO: [ app_init ] --START--
INFO: Run Behavior\BuildLiteBehavior [ RunTime:0.000022s ]
INFO: [ app_init ] --END-- [ RunTime:0.000322s ]
ERR: 无法加载模块:__IMAGE__

[ 2016-03-23T12:03:40+08:00 ] 127.0.0.1 /__IMAGE__/animate2.jpg
INFO: [ app_init ] --START--
INFO: Run Behavior\BuildLiteBehavior [ RunTime:0.000021s ]
INFO: [ app_init ] --END-- [ RunTime:0.000353s ]
ERR: 无法加载模块:__IMAGE__

[ 2016-03-23T12:03:40+08:00 ] 127.0.0.1 /__IMAGE__/animate3.jpg
INFO: [ app_init ] --START--
INFO: Run Behavior\BuildLiteBehavior [ RunTime:0.000023s ]
INFO: [ app_init ] --END-- [ RunTime:0.000472s ]
ERR: 无法加载模块:__IMAGE__

[ 2016-03-23T12:03:40+08:00 ] 127.0.0.1 /__IMAGE__/animate2.jpg
INFO: [ app_init ] --START--
INFO: Run Behavior\BuildLiteBehavior [ RunTime:0.000013s ]
INFO: [ app_init ] --END-- [ RunTime:0.000194s ]
ERR: 无法加载模块:__IMAGE__

[ 2016-03-23T12:03:40+08:00 ] 127.0.0.1 /__IMAGE__/animate1.jpg
INFO: [ app_init ] --START--
INFO: Run Behavior\BuildLiteBehavior [ RunTime:0.000013s ]
INFO: [ app_init ] --END-- [ RunTime:0.000199s ]
ERR: 无法加载模块:__IMAGE__

[ 2016-03-23T12:03:40+08:00 ] 127.0.0.1 /__IMAGE__/animate3.jpg
INFO: [ app_init ] --START--
INFO: Run Behavior\BuildLiteBehavior [ RunTime:0.000014s ]
INFO: [ app_init ] --END-- [ RunTime:0.000209s ]
ERR: 无法加载模块:__IMAGE__

[ 2016-03-23T12:03:40+08:00 ] 127.0.0.1 /__IMAGE__/animate2.jpg
INFO: [ app_init ] --START--
INFO: Run Behavior\BuildLiteBehavior [ RunTime:0.000013s ]
INFO: [ app_init ] --END-- [ RunTime:0.000197s ]
ERR: 无法加载模块:__IMAGE__

[ 2016-03-23T12:03:40+08:00 ] 127.0.0.1 /__IMAGE__/animate1.jpg
INFO: [ app_init ] --START--
INFO: Run Behavior\BuildLiteBehavior [ RunTime:0.000019s ]
INFO: [ app_init ] --END-- [ RunTime:0.000291s ]
ERR: 无法加载模块:__IMAGE__

[ 2016-03-23T12:03:43+08:00 ] 127.0.0.1 /__CSS__/common.css
INFO: [ app_init ] --START--
INFO: Run Behavior\BuildLiteBehavior [ RunTime:0.000020s ]
INFO: [ app_init ] --END-- [ RunTime:0.000332s ]
ERR: 无法加载模块:__CSS__

[ 2016-03-23T12:03:43+08:00 ] 127.0.0.1 /__JS__/jquery-1.7.2.min.js
INFO: [ app_init ] --START--
INFO: Run Behavior\BuildLiteBehavior [ RunTime:0.000019s ]
INFO: [ app_init ] --END-- [ RunTime:0.000300s ]
ERR: 无法加载模块:__JS__

[ 2016-03-23T12:03:43+08:00 ] 127.0.0.1 /__JS__/top-bar.js
INFO: [ app_init ] --START--
INFO: Run Behavior\BuildLiteBehavior [ RunTime:0.000020s ]
INFO: [ app_init ] --END-- [ RunTime:0.000319s ]
ERR: 无法加载模块:__JS__

[ 2016-03-23T12:03:43+08:00 ] 127.0.0.1 /__JS__/index.js
INFO: [ app_init ] --START--
INFO: Run Behavior\BuildLiteBehavior [ RunTime:0.000020s ]
INFO: [ app_init ] --END-- [ RunTime:0.000317s ]
ERR: 无法加载模块:__JS__

[ 2016-03-23T12:03:43+08:00 ] 127.0.0.1 /__CSS__/index.css
INFO: [ app_init ] --START--
INFO: Run Behavior\BuildLiteBehavior [ RunTime:0.000022s ]
INFO: [ app_init ] --END-- [ RunTime:0.000348s ]
ERR: 无法加载模块:__CSS__

[ 2016-03-23T12:03:43+08:00 ] 127.0.0.1 /__IMAGE__/animate1.jpg
INFO: [ app_init ] --START--
INFO: Run Behavior\BuildLiteBehavior [ RunTime:0.000019s ]
INFO: [ app_init ] --END-- [ RunTime:0.000284s ]
ERR: 无法加载模块:__IMAGE__

[ 2016-03-23T12:03:43+08:00 ] 127.0.0.1 /__IMAGE__/animate3.jpg
INFO: [ app_init ] --START--
INFO: Run Behavior\BuildLiteBehavior [ RunTime:0.000026s ]
INFO: [ app_init ] --END-- [ RunTime:0.000370s ]
ERR: 无法加载模块:__IMAGE__

[ 2016-03-23T12:03:43+08:00 ] 127.0.0.1 /__IMAGE__/animate2.jpg
INFO: [ app_init ] --START--
INFO: Run Behavior\BuildLiteBehavior [ RunTime:0.000021s ]
INFO: [ app_init ] --END-- [ RunTime:0.000342s ]
ERR: 无法加载模块:__IMAGE__

[ 2016-03-23T12:03:43+08:00 ] 127.0.0.1 /__IMAGE__/animate3.jpg
INFO: [ app_init ] --START--
INFO: Run Behavior\BuildLiteBehavior [ RunTime:0.000018s ]
INFO: [ app_init ] --END-- [ RunTime:0.000305s ]
ERR: 无法加载模块:__IMAGE__

[ 2016-03-23T12:03:43+08:00 ] 127.0.0.1 /__IMAGE__/animate2.jpg
INFO: [ app_init ] --START--
INFO: Run Behavior\BuildLiteBehavior [ RunTime:0.000018s ]
INFO: [ app_init ] --END-- [ RunTime:0.000305s ]
ERR: 无法加载模块:__IMAGE__

[ 2016-03-23T12:03:43+08:00 ] 127.0.0.1 /__IMAGE__/animate1.jpg
INFO: [ app_init ] --START--
INFO: Run Behavior\BuildLiteBehavior [ RunTime:0.000020s ]
INFO: [ app_init ] --END-- [ RunTime:0.000301s ]
ERR: 无法加载模块:__IMAGE__

[ 2016-03-23T12:03:43+08:00 ] 127.0.0.1 /__IMAGE__/animate1.jpg
INFO: [ app_init ] --START--
INFO: Run Behavior\BuildLiteBehavior [ RunTime:0.000020s ]
INFO: [ app_init ] --END-- [ RunTime:0.000298s ]
ERR: 无法加载模块:__IMAGE__

[ 2016-03-23T12:03:43+08:00 ] 127.0.0.1 /__IMAGE__/animate2.jpg
INFO: [ app_init ] --START--
INFO: Run Behavior\BuildLiteBehavior [ RunTime:0.000021s ]
INFO: [ app_init ] --END-- [ RunTime:0.000318s ]
ERR: 无法加载模块:__IMAGE__

[ 2016-03-23T12:03:43+08:00 ] 127.0.0.1 /__IMAGE__/animate3.jpg
INFO: [ app_init ] --START--
INFO: Run Behavior\BuildLiteBehavior [ RunTime:0.000018s ]
INFO: [ app_init ] --END-- [ RunTime:0.000287s ]
ERR: 无法加载模块:__IMAGE__

[ 2016-03-23T12:08:22+08:00 ] 127.0.0.1 /__JS__/jquery-1.7.2.min.js
INFO: [ app_init ] --START--
INFO: Run Behavior\BuildLiteBehavior [ RunTime:0.000021s ]
INFO: [ app_init ] --END-- [ RunTime:0.000303s ]
ERR: 无法加载模块:__JS__

[ 2016-03-23T12:08:22+08:00 ] 127.0.0.1 /__JS__/top-bar.js
INFO: [ app_init ] --START--
INFO: Run Behavior\BuildLiteBehavior [ RunTime:0.000021s ]
INFO: [ app_init ] --END-- [ RunTime:0.000471s ]
ERR: 无法加载模块:__JS__

[ 2016-03-23T12:08:22+08:00 ] 127.0.0.1 /__CSS__/common.css
INFO: [ app_init ] --START--
INFO: Run Behavior\BuildLiteBehavior [ RunTime:0.000023s ]
INFO: [ app_init ] --END-- [ RunTime:0.000352s ]
ERR: 无法加载模块:__CSS__

[ 2016-03-23T12:08:22+08:00 ] 127.0.0.1 /__CSS__/index.css
INFO: [ app_init ] --START--
INFO: Run Behavior\BuildLiteBehavior [ RunTime:0.000024s ]
INFO: [ app_init ] --END-- [ RunTime:0.000423s ]
ERR: 无法加载模块:__CSS__

[ 2016-03-23T12:08:22+08:00 ] 127.0.0.1 /__JS__/index.js
INFO: [ app_init ] --START--
INFO: Run Behavior\BuildLiteBehavior [ RunTime:0.000177s ]
INFO: [ app_init ] --END-- [ RunTime:0.000627s ]
ERR: 无法加载模块:__JS__

[ 2016-03-23T12:08:22+08:00 ] 127.0.0.1 /__IMAGE__/animate1.jpg
INFO: [ app_init ] --START--
INFO: Run Behavior\BuildLiteBehavior [ RunTime:0.000023s ]
INFO: [ app_init ] --END-- [ RunTime:0.000346s ]
ERR: 无法加载模块:__IMAGE__

[ 2016-03-23T12:08:22+08:00 ] 127.0.0.1 /__IMAGE__/animate3.jpg
INFO: [ app_init ] --START--
INFO: Run Behavior\BuildLiteBehavior [ RunTime:0.000021s ]
INFO: [ app_init ] --END-- [ RunTime:0.000507s ]
ERR: 无法加载模块:__IMAGE__

[ 2016-03-23T12:08:22+08:00 ] 127.0.0.1 /__IMAGE__/animate2.jpg
INFO: [ app_init ] --START--
INFO: Run Behavior\BuildLiteBehavior [ RunTime:0.000077s ]
INFO: [ app_init ] --END-- [ RunTime:0.000539s ]
ERR: 无法加载模块:__IMAGE__

[ 2016-03-23T12:08:22+08:00 ] 127.0.0.1 /__IMAGE__/animate1.jpg
INFO: [ app_init ] --START--
INFO: Run Behavior\BuildLiteBehavior [ RunTime:0.000015s ]
INFO: [ app_init ] --END-- [ RunTime:0.000257s ]
ERR: 无法加载模块:__IMAGE__

[ 2016-03-23T12:08:22+08:00 ] 127.0.0.1 /__IMAGE__/animate3.jpg
INFO: [ app_init ] --START--
INFO: Run Behavior\BuildLiteBehavior [ RunTime:0.000020s ]
INFO: [ app_init ] --END-- [ RunTime:0.000301s ]
ERR: 无法加载模块:__IMAGE__

[ 2016-03-23T12:08:22+08:00 ] 127.0.0.1 /__IMAGE__/animate1.jpg
INFO: [ app_init ] --START--
INFO: Run Behavior\BuildLiteBehavior [ RunTime:0.000021s ]
INFO: [ app_init ] --END-- [ RunTime:0.000309s ]
ERR: 无法加载模块:__IMAGE__

[ 2016-03-23T12:08:22+08:00 ] 127.0.0.1 /__IMAGE__/animate2.jpg
INFO: [ app_init ] --START--
INFO: Run Behavior\BuildLiteBehavior [ RunTime:0.000020s ]
INFO: [ app_init ] --END-- [ RunTime:0.000299s ]
ERR: 无法加载模块:__IMAGE__

[ 2016-03-23T15:07:00+08:00 ] 127.0.0.1 /Common//Verify/0.8131975089199841
INFO: [ app_init ] --START--
INFO: Run Behavior\BuildLiteBehavior [ RunTime:0.000013s ]
INFO: [ app_init ] --END-- [ RunTime:0.000204s ]
ERR: 无法加载模块:Common

[ 2016-03-23T15:07:00+08:00 ] 127.0.0.1 /Common//Verify/0.5730966741684824
INFO: [ app_init ] --START--
INFO: Run Behavior\BuildLiteBehavior [ RunTime:0.000013s ]
INFO: [ app_init ] --END-- [ RunTime:0.000209s ]
ERR: 无法加载模块:Common

[ 2016-03-23T15:07:01+08:00 ] 127.0.0.1 /Common//Verify/0.05103623284958303
INFO: [ app_init ] --START--
INFO: Run Behavior\BuildLiteBehavior [ RunTime:0.000024s ]
INFO: [ app_init ] --END-- [ RunTime:0.000346s ]
ERR: 无法加载模块:Common

[ 2016-03-23T15:12:16+08:00 ] 127.0.0.1 /Common//Verify/0.4252977406140417
INFO: [ app_init ] --START--
INFO: Run Behavior\BuildLiteBehavior [ RunTime:0.000012s ]
INFO: [ app_init ] --END-- [ RunTime:0.000200s ]
ERR: 无法加载模块:Common

[ 2016-03-23T15:13:03+08:00 ] 127.0.0.1 /Common/Verify/0.03125321841798723
INFO: [ app_init ] --START--
INFO: Run Behavior\BuildLiteBehavior [ RunTime:0.000014s ]
INFO: [ app_init ] --END-- [ RunTime:0.000213s ]
ERR: 无法加载模块:Common

[ 2016-03-23T18:23:35+08:00 ] 127.0.0.1 /favicon.ico
INFO: [ app_init ] --START--
INFO: Run Behavior\BuildLiteBehavior [ RunTime:0.000013s ]
INFO: [ app_init ] --END-- [ RunTime:0.000204s ]
ERR: 无法加载模块:Favicon

[ 2016-03-23T19:04:21+08:00 ] 127.0.0.1 /favicon.ico
INFO: [ app_init ] --START--
INFO: Run Behavior\BuildLiteBehavior [ RunTime:0.000013s ]
INFO: [ app_init ] --END-- [ RunTime:0.000197s ]
ERR: 无法加载模块:Favicon

