[ 2016-03-30T07:50:34+08:00 ] 127.0.0.1 /favicon.ico
INFO: [ app_init ] --START--
INFO: Run Behavior\BuildLiteBehavior [ RunTime:0.000014s ]
INFO: [ app_init ] --END-- [ RunTime:0.000216s ]
ERR: 无法加载模块:Favicon

[ 2016-03-30T08:29:50+08:00 ] 127.0.0.1 /Wenda/Public/Index/Js/question.js
INFO: [ app_init ] --START--
INFO: Run Behavior\BuildLiteBehavior [ RunTime:0.000022s ]
INFO: [ app_init ] --END-- [ RunTime:0.000357s ]
ERR: 无法加载模块:Wenda

[ 2016-03-30T08:29:50+08:00 ] 127.0.0.1 /Wenda/Public/Index/Js/question.js
INFO: [ app_init ] --START--
INFO: Run Behavior\BuildLiteBehavior [ RunTime:0.000013s ]
INFO: [ app_init ] --END-- [ RunTime:0.000195s ]
ERR: 无法加载模块:Wenda

[ 2016-03-30T08:31:21+08:00 ] 127.0.0.1 /Wenda/Public/Index/Js/question.js
INFO: [ app_init ] --START--
INFO: Run Behavior\BuildLiteBehavior [ RunTime:0.000023s ]
INFO: [ app_init ] --END-- [ RunTime:0.000366s ]
ERR: 无法加载模块:Wenda

[ 2016-03-30T08:31:21+08:00 ] 127.0.0.1 /Wenda/Public/Index/Js/question.js
INFO: [ app_init ] --START--
INFO: Run Behavior\BuildLiteBehavior [ RunTime:0.000012s ]
INFO: [ app_init ] --END-- [ RunTime:0.000191s ]
ERR: 无法加载模块:Wenda

[ 2016-03-30T08:31:46+08:00 ] 127.0.0.1 /Wenda/Public/Index/Js/question.js
INFO: [ app_init ] --START--
INFO: Run Behavior\BuildLiteBehavior [ RunTime:0.000024s ]
INFO: [ app_init ] --END-- [ RunTime:0.000322s ]
ERR: 无法加载模块:Wenda

[ 2016-03-30T08:31:46+08:00 ] 127.0.0.1 /Wenda/Public/Index/Js/question.js
INFO: [ app_init ] --START--
INFO: Run Behavior\BuildLiteBehavior [ RunTime:0.000013s ]
INFO: [ app_init ] --END-- [ RunTime:0.000194s ]
ERR: 无法加载模块:Wenda

[ 2016-03-30T08:31:48+08:00 ] 127.0.0.1 /Wenda/Public/Index/Js/question.js
INFO: [ app_init ] --START--
INFO: Run Behavior\BuildLiteBehavior [ RunTime:0.000017s ]
INFO: [ app_init ] --END-- [ RunTime:0.000245s ]
ERR: 无法加载模块:Wenda

[ 2016-03-30T08:31:48+08:00 ] 127.0.0.1 /Wenda/Public/Index/Js/question.js
INFO: [ app_init ] --START--
INFO: Run Behavior\BuildLiteBehavior [ RunTime:0.000015s ]
INFO: [ app_init ] --END-- [ RunTime:0.000315s ]
ERR: 无法加载模块:Wenda

[ 2016-03-30T08:31:52+08:00 ] 127.0.0.1 /Wenda/Public/Index/Js/question.js
INFO: [ app_init ] --START--
INFO: Run Behavior\BuildLiteBehavior [ RunTime:0.000021s ]
INFO: [ app_init ] --END-- [ RunTime:0.000316s ]
ERR: 无法加载模块:Wenda

[ 2016-03-30T08:31:52+08:00 ] 127.0.0.1 /Wenda/Public/Index/Js/question.js
INFO: [ app_init ] --START--
INFO: Run Behavior\BuildLiteBehavior [ RunTime:0.000014s ]
INFO: [ app_init ] --END-- [ RunTime:0.000228s ]
ERR: 无法加载模块:Wenda

[ 2016-03-30T08:31:53+08:00 ] 127.0.0.1 /Wenda/Public/Index/Js/question.js
INFO: [ app_init ] --START--
INFO: Run Behavior\BuildLiteBehavior [ RunTime:0.000020s ]
INFO: [ app_init ] --END-- [ RunTime:0.000318s ]
ERR: 无法加载模块:Wenda

[ 2016-03-30T08:31:53+08:00 ] 127.0.0.1 /Wenda/Public/Index/Js/question.js
INFO: [ app_init ] --START--
INFO: Run Behavior\BuildLiteBehavior [ RunTime:0.000024s ]
INFO: [ app_init ] --END-- [ RunTime:0.000339s ]
ERR: 无法加载模块:Wenda

[ 2016-03-30T08:31:54+08:00 ] 127.0.0.1 /Wenda/Public/Index/Js/question.js
INFO: [ app_init ] --START--
INFO: Run Behavior\BuildLiteBehavior [ RunTime:0.000023s ]
INFO: [ app_init ] --END-- [ RunTime:0.000366s ]
ERR: 无法加载模块:Wenda

[ 2016-03-30T08:31:54+08:00 ] 127.0.0.1 /Wenda/Public/Index/Js/question.js
INFO: [ app_init ] --START--
INFO: Run Behavior\BuildLiteBehavior [ RunTime:0.000013s ]
INFO: [ app_init ] --END-- [ RunTime:0.000203s ]
ERR: 无法加载模块:Wenda

[ 2016-03-30T08:31:59+08:00 ] 127.0.0.1 /Wenda/Public/Index/Js/question.js
INFO: [ app_init ] --START--
INFO: Run Behavior\BuildLiteBehavior [ RunTime:0.000021s ]
INFO: [ app_init ] --END-- [ RunTime:0.000315s ]
ERR: 无法加载模块:Wenda

[ 2016-03-30T08:31:59+08:00 ] 127.0.0.1 /Wenda/Public/Index/Js/question.js
INFO: [ app_init ] --START--
INFO: Run Behavior\BuildLiteBehavior [ RunTime:0.000014s ]
INFO: [ app_init ] --END-- [ RunTime:0.000197s ]
ERR: 无法加载模块:Wenda

[ 2016-03-30T08:32:53+08:00 ] 127.0.0.1 /Wenda/Public/Index/Js/question.js
INFO: [ app_init ] --START--
INFO: Run Behavior\BuildLiteBehavior [ RunTime:0.000017s ]
INFO: [ app_init ] --END-- [ RunTime:0.000255s ]
ERR: 无法加载模块:Wenda

[ 2016-03-30T08:32:53+08:00 ] 127.0.0.1 /Wenda/Public/Index/Js/question.js
INFO: [ app_init ] --START--
INFO: Run Behavior\BuildLiteBehavior [ RunTime:0.000020s ]
INFO: [ app_init ] --END-- [ RunTime:0.000254s ]
ERR: 无法加载模块:Wenda

[ 2016-03-30T08:33:20+08:00 ] 127.0.0.1 /Wenda/Public/Index/Js/question.js
INFO: [ app_init ] --START--
INFO: Run Behavior\BuildLiteBehavior [ RunTime:0.000013s ]
INFO: [ app_init ] --END-- [ RunTime:0.000198s ]
ERR: 无法加载模块:Wenda

[ 2016-03-30T08:33:20+08:00 ] 127.0.0.1 /Wenda/Public/Index/Js/question.js
INFO: [ app_init ] --START--
INFO: Run Behavior\BuildLiteBehavior [ RunTime:0.000014s ]
INFO: [ app_init ] --END-- [ RunTime:0.000208s ]
ERR: 无法加载模块:Wenda

[ 2016-03-30T13:01:31+08:00 ] 127.0.0.1 /Wenda/Public/Index/Js/question.js
INFO: [ app_init ] --START--
INFO: Run Behavior\BuildLiteBehavior [ RunTime:0.000017s ]
INFO: [ app_init ] --END-- [ RunTime:0.000596s ]
ERR: 无法加载模块:Wenda

[ 2016-03-30T13:48:27+08:00 ] 127.0.0.1 /Wenda/Public/Index/Js/question.js
INFO: [ app_init ] --START--
INFO: Run Behavior\BuildLiteBehavior [ RunTime:0.000029s ]
INFO: [ app_init ] --END-- [ RunTime:0.000425s ]
ERR: 无法加载模块:Wenda

[ 2016-03-30T13:48:27+08:00 ] 127.0.0.1 /Wenda/Public/Index/Js/question.js
INFO: [ app_init ] --START--
INFO: Run Behavior\BuildLiteBehavior [ RunTime:0.000014s ]
INFO: [ app_init ] --END-- [ RunTime:0.000217s ]
ERR: 无法加载模块:Wenda

[ 2016-03-30T13:49:00+08:00 ] 127.0.0.1 /Wenda/Public/Index/Js/question.js
INFO: [ app_init ] --START--
INFO: Run Behavior\BuildLiteBehavior [ RunTime:0.000022s ]
INFO: [ app_init ] --END-- [ RunTime:0.000360s ]
ERR: 无法加载模块:Wenda

[ 2016-03-30T13:49:00+08:00 ] 127.0.0.1 /Wenda/Public/Index/Js/question.js
INFO: [ app_init ] --START--
INFO: Run Behavior\BuildLiteBehavior [ RunTime:0.000019s ]
INFO: [ app_init ] --END-- [ RunTime:0.000304s ]
ERR: 无法加载模块:Wenda

[ 2016-03-30T13:52:34+08:00 ] 127.0.0.1 /Wenda/Public/Index/Js/question.js
INFO: [ app_init ] --START--
INFO: Run Behavior\BuildLiteBehavior [ RunTime:0.000019s ]
INFO: [ app_init ] --END-- [ RunTime:0.000303s ]
ERR: 无法加载模块:Wenda

[ 2016-03-30T13:52:35+08:00 ] 127.0.0.1 /Wenda/Public/Index/Js/question.js
INFO: [ app_init ] --START--
INFO: Run Behavior\BuildLiteBehavior [ RunTime:0.000023s ]
INFO: [ app_init ] --END-- [ RunTime:0.000359s ]
ERR: 无法加载模块:Wenda

[ 2016-03-30T13:53:02+08:00 ] 127.0.0.1 /Wenda/Public/Index/Js/question.js
INFO: [ app_init ] --START--
INFO: Run Behavior\BuildLiteBehavior [ RunTime:0.000013s ]
INFO: [ app_init ] --END-- [ RunTime:0.000195s ]
ERR: 无法加载模块:Wenda

[ 2016-03-30T13:53:02+08:00 ] 127.0.0.1 /Wenda/Public/Index/Js/question.js
INFO: [ app_init ] --START--
INFO: Run Behavior\BuildLiteBehavior [ RunTime:0.000013s ]
INFO: [ app_init ] --END-- [ RunTime:0.000195s ]
ERR: 无法加载模块:Wenda

[ 2016-03-30T13:53:28+08:00 ] 127.0.0.1 /Wenda/Public/Index/Js/question.js
INFO: [ app_init ] --START--
INFO: Run Behavior\BuildLiteBehavior [ RunTime:0.000023s ]
INFO: [ app_init ] --END-- [ RunTime:0.000393s ]
ERR: 无法加载模块:Wenda

[ 2016-03-30T13:55:31+08:00 ] 127.0.0.1 /Wenda/Public/Index/Js/question.js
INFO: [ app_init ] --START--
INFO: Run Behavior\BuildLiteBehavior [ RunTime:0.000038s ]
INFO: [ app_init ] --END-- [ RunTime:0.000314s ]
ERR: 无法加载模块:Wenda

[ 2016-03-30T13:55:31+08:00 ] 127.0.0.1 /Wenda/Public/Index/Js/question.js
INFO: [ app_init ] --START--
INFO: Run Behavior\BuildLiteBehavior [ RunTime:0.000034s ]
INFO: [ app_init ] --END-- [ RunTime:0.000355s ]
ERR: 无法加载模块:Wenda

[ 2016-03-30T13:56:06+08:00 ] 127.0.0.1 /Wenda/Public/Index/Js/question.js
INFO: [ app_init ] --START--
INFO: Run Behavior\BuildLiteBehavior [ RunTime:0.000022s ]
INFO: [ app_init ] --END-- [ RunTime:0.000425s ]
ERR: 无法加载模块:Wenda

[ 2016-03-30T13:56:06+08:00 ] 127.0.0.1 /Wenda/Public/Index/Js/question.js
INFO: [ app_init ] --START--
INFO: Run Behavior\BuildLiteBehavior [ RunTime:0.000049s ]
INFO: [ app_init ] --END-- [ RunTime:0.000423s ]
ERR: 无法加载模块:Wenda

[ 2016-03-30T13:56:59+08:00 ] 127.0.0.1 /Wenda/Public/Index/Js/question.js
INFO: [ app_init ] --START--
INFO: Run Behavior\BuildLiteBehavior [ RunTime:0.000023s ]
INFO: [ app_init ] --END-- [ RunTime:0.000316s ]
ERR: 无法加载模块:Wenda

[ 2016-03-30T13:56:59+08:00 ] 127.0.0.1 /Wenda/Public/Index/Js/question.js
INFO: [ app_init ] --START--
INFO: Run Behavior\BuildLiteBehavior [ RunTime:0.000044s ]
INFO: [ app_init ] --END-- [ RunTime:0.000738s ]
ERR: 无法加载模块:Wenda

[ 2016-03-30T14:00:17+08:00 ] 127.0.0.1 /Wenda/Public/Index/Js/question.js
INFO: [ app_init ] --START--
INFO: Run Behavior\BuildLiteBehavior [ RunTime:0.000023s ]
INFO: [ app_init ] --END-- [ RunTime:0.000392s ]
ERR: 无法加载模块:Wenda

[ 2016-03-30T14:00:17+08:00 ] 127.0.0.1 /Wenda/Public/Index/Js/question.js
INFO: [ app_init ] --START--
INFO: Run Behavior\BuildLiteBehavior [ RunTime:0.000013s ]
INFO: [ app_init ] --END-- [ RunTime:0.000211s ]
ERR: 无法加载模块:Wenda

[ 2016-03-30T14:00:39+08:00 ] 127.0.0.1 /Wenda/Public/Index/Js/question.js
INFO: [ app_init ] --START--
INFO: Run Behavior\BuildLiteBehavior [ RunTime:0.000045s ]
INFO: [ app_init ] --END-- [ RunTime:0.000530s ]
ERR: 无法加载模块:Wenda

[ 2016-03-30T14:00:39+08:00 ] 127.0.0.1 /Wenda/Public/Index/Js/question.js
INFO: [ app_init ] --START--
INFO: Run Behavior\BuildLiteBehavior [ RunTime:0.000017s ]
INFO: [ app_init ] --END-- [ RunTime:0.000236s ]
ERR: 无法加载模块:Wenda

[ 2016-03-30T14:15:18+08:00 ] 127.0.0.1 /Wenda/Public/Index/Js/question.js
INFO: [ app_init ] --START--
INFO: Run Behavior\BuildLiteBehavior [ RunTime:0.000014s ]
INFO: [ app_init ] --END-- [ RunTime:0.000210s ]
ERR: 无法加载模块:Wenda

[ 2016-03-30T14:15:18+08:00 ] 127.0.0.1 /Wenda/Public/Index/Js/question.js
INFO: [ app_init ] --START--
INFO: Run Behavior\BuildLiteBehavior [ RunTime:0.000014s ]
INFO: [ app_init ] --END-- [ RunTime:0.000212s ]
ERR: 无法加载模块:Wenda

[ 2016-03-30T14:15:27+08:00 ] 127.0.0.1 /Wenda/Public/Index/Js/question.js
INFO: [ app_init ] --START--
INFO: Run Behavior\BuildLiteBehavior [ RunTime:0.000030s ]
INFO: [ app_init ] --END-- [ RunTime:0.000842s ]
ERR: 无法加载模块:Wenda

[ 2016-03-30T14:15:27+08:00 ] 127.0.0.1 /Wenda/Public/Index/Js/question.js
INFO: [ app_init ] --START--
INFO: Run Behavior\BuildLiteBehavior [ RunTime:0.000014s ]
INFO: [ app_init ] --END-- [ RunTime:0.000204s ]
ERR: 无法加载模块:Wenda

[ 2016-03-30T14:16:03+08:00 ] 127.0.0.1 /Wenda/Public/Index/Js/question.js
INFO: [ app_init ] --START--
INFO: Run Behavior\BuildLiteBehavior [ RunTime:0.000018s ]
INFO: [ app_init ] --END-- [ RunTime:0.000242s ]
ERR: 无法加载模块:Wenda

[ 2016-03-30T14:16:03+08:00 ] 127.0.0.1 /Wenda/Public/Index/Js/question.js
INFO: [ app_init ] --START--
INFO: Run Behavior\BuildLiteBehavior [ RunTime:0.000012s ]
INFO: [ app_init ] --END-- [ RunTime:0.000191s ]
ERR: 无法加载模块:Wenda

[ 2016-03-30T14:16:24+08:00 ] 127.0.0.1 /Wenda/Public/Index/Js/question.js
INFO: [ app_init ] --START--
INFO: Run Behavior\BuildLiteBehavior [ RunTime:0.000014s ]
INFO: [ app_init ] --END-- [ RunTime:0.000210s ]
ERR: 无法加载模块:Wenda

[ 2016-03-30T14:16:24+08:00 ] 127.0.0.1 /Wenda/Public/Index/Js/question.js
INFO: [ app_init ] --START--
INFO: Run Behavior\BuildLiteBehavior [ RunTime:0.000014s ]
INFO: [ app_init ] --END-- [ RunTime:0.000217s ]
ERR: 无法加载模块:Wenda

[ 2016-03-30T14:16:44+08:00 ] 127.0.0.1 /Wenda/Public/Index/Js/question.js
INFO: [ app_init ] --START--
INFO: Run Behavior\BuildLiteBehavior [ RunTime:0.000020s ]
INFO: [ app_init ] --END-- [ RunTime:0.000332s ]
ERR: 无法加载模块:Wenda

[ 2016-03-30T14:16:44+08:00 ] 127.0.0.1 /Wenda/Public/Index/Js/question.js
INFO: [ app_init ] --START--
INFO: Run Behavior\BuildLiteBehavior [ RunTime:0.000017s ]
INFO: [ app_init ] --END-- [ RunTime:0.000235s ]
ERR: 无法加载模块:Wenda

[ 2016-03-30T14:19:34+08:00 ] 127.0.0.1 /Wenda/Public/Index/Js/question.js
INFO: [ app_init ] --START--
INFO: Run Behavior\BuildLiteBehavior [ RunTime:0.000015s ]
INFO: [ app_init ] --END-- [ RunTime:0.000296s ]
ERR: 无法加载模块:Wenda

[ 2016-03-30T14:19:34+08:00 ] 127.0.0.1 /Wenda/Public/Index/Js/question.js
INFO: [ app_init ] --START--
INFO: Run Behavior\BuildLiteBehavior [ RunTime:0.000013s ]
INFO: [ app_init ] --END-- [ RunTime:0.000242s ]
ERR: 无法加载模块:Wenda

[ 2016-03-30T14:19:52+08:00 ] 127.0.0.1 /Wenda/Public/Index/Js/question.js
INFO: [ app_init ] --START--
INFO: Run Behavior\BuildLiteBehavior [ RunTime:0.000023s ]
INFO: [ app_init ] --END-- [ RunTime:0.000332s ]
ERR: 无法加载模块:Wenda

[ 2016-03-30T14:19:52+08:00 ] 127.0.0.1 /Wenda/Public/Index/Js/question.js
INFO: [ app_init ] --START--
INFO: Run Behavior\BuildLiteBehavior [ RunTime:0.000013s ]
INFO: [ app_init ] --END-- [ RunTime:0.000203s ]
ERR: 无法加载模块:Wenda

[ 2016-03-30T14:20:04+08:00 ] 127.0.0.1 /Wenda/Public/Index/Js/question.js
INFO: [ app_init ] --START--
INFO: Run Behavior\BuildLiteBehavior [ RunTime:0.000014s ]
INFO: [ app_init ] --END-- [ RunTime:0.000221s ]
ERR: 无法加载模块:Wenda

[ 2016-03-30T14:20:04+08:00 ] 127.0.0.1 /Wenda/Public/Index/Js/question.js
INFO: [ app_init ] --START--
INFO: Run Behavior\BuildLiteBehavior [ RunTime:0.000013s ]
INFO: [ app_init ] --END-- [ RunTime:0.000207s ]
ERR: 无法加载模块:Wenda

[ 2016-03-30T14:20:17+08:00 ] 127.0.0.1 /Wenda/Public/Index/Js/question.js
INFO: [ app_init ] --START--
INFO: Run Behavior\BuildLiteBehavior [ RunTime:0.000018s ]
INFO: [ app_init ] --END-- [ RunTime:0.000238s ]
ERR: 无法加载模块:Wenda

[ 2016-03-30T14:20:17+08:00 ] 127.0.0.1 /Wenda/Public/Index/Js/question.js
INFO: [ app_init ] --START--
INFO: Run Behavior\BuildLiteBehavior [ RunTime:0.000013s ]
INFO: [ app_init ] --END-- [ RunTime:0.000192s ]
ERR: 无法加载模块:Wenda

[ 2016-03-30T14:24:33+08:00 ] 127.0.0.1 /Wenda/Public/Index/Js/question.js
INFO: [ app_init ] --START--
INFO: Run Behavior\BuildLiteBehavior [ RunTime:0.000022s ]
INFO: [ app_init ] --END-- [ RunTime:0.000350s ]
ERR: 无法加载模块:Wenda

[ 2016-03-30T14:24:33+08:00 ] 127.0.0.1 /Wenda/Public/Index/Js/question.js
INFO: [ app_init ] --START--
INFO: Run Behavior\BuildLiteBehavior [ RunTime:0.000013s ]
INFO: [ app_init ] --END-- [ RunTime:0.000194s ]
ERR: 无法加载模块:Wenda

[ 2016-03-30T14:25:57+08:00 ] 127.0.0.1 /Wenda/Public/Index/Js/question.js
INFO: [ app_init ] --START--
INFO: Run Behavior\BuildLiteBehavior [ RunTime:0.000029s ]
INFO: [ app_init ] --END-- [ RunTime:0.000427s ]
ERR: 无法加载模块:Wenda

[ 2016-03-30T14:25:57+08:00 ] 127.0.0.1 /Wenda/Public/Index/Js/question.js
INFO: [ app_init ] --START--
INFO: Run Behavior\BuildLiteBehavior [ RunTime:0.000013s ]
INFO: [ app_init ] --END-- [ RunTime:0.000197s ]
ERR: 无法加载模块:Wenda

[ 2016-03-30T14:26:06+08:00 ] 127.0.0.1 /Wenda/Public/Index/Js/question.js
INFO: [ app_init ] --START--
INFO: Run Behavior\BuildLiteBehavior [ RunTime:0.000021s ]
INFO: [ app_init ] --END-- [ RunTime:0.000286s ]
ERR: 无法加载模块:Wenda

[ 2016-03-30T14:26:06+08:00 ] 127.0.0.1 /Wenda/Public/Index/Js/question.js
INFO: [ app_init ] --START--
INFO: Run Behavior\BuildLiteBehavior [ RunTime:0.000016s ]
INFO: [ app_init ] --END-- [ RunTime:0.000224s ]
ERR: 无法加载模块:Wenda

[ 2016-03-30T14:27:49+08:00 ] 127.0.0.1 /Wenda/Public/Index/Js/question.js
INFO: [ app_init ] --START--
INFO: Run Behavior\BuildLiteBehavior [ RunTime:0.000014s ]
INFO: [ app_init ] --END-- [ RunTime:0.000207s ]
ERR: 无法加载模块:Wenda

[ 2016-03-30T14:27:49+08:00 ] 127.0.0.1 /Wenda/Public/Index/Js/question.js
INFO: [ app_init ] --START--
INFO: Run Behavior\BuildLiteBehavior [ RunTime:0.000019s ]
INFO: [ app_init ] --END-- [ RunTime:0.000251s ]
ERR: 无法加载模块:Wenda

[ 2016-03-30T14:29:38+08:00 ] 127.0.0.1 /Wenda/Public/Index/Js/question.js
INFO: [ app_init ] --START--
INFO: Run Behavior\BuildLiteBehavior [ RunTime:0.000015s ]
INFO: [ app_init ] --END-- [ RunTime:0.000261s ]
ERR: 无法加载模块:Wenda

[ 2016-03-30T14:29:38+08:00 ] 127.0.0.1 /Wenda/Public/Index/Js/question.js
INFO: [ app_init ] --START--
INFO: Run Behavior\BuildLiteBehavior [ RunTime:0.000012s ]
INFO: [ app_init ] --END-- [ RunTime:0.000189s ]
ERR: 无法加载模块:Wenda

[ 2016-03-30T14:29:54+08:00 ] 127.0.0.1 /Wenda/Public/Index/Js/question.js
INFO: [ app_init ] --START--
INFO: Run Behavior\BuildLiteBehavior [ RunTime:0.000014s ]
INFO: [ app_init ] --END-- [ RunTime:0.000203s ]
ERR: 无法加载模块:Wenda

[ 2016-03-30T14:29:54+08:00 ] 127.0.0.1 /Wenda/Public/Index/Js/question.js
INFO: [ app_init ] --START--
INFO: Run Behavior\BuildLiteBehavior [ RunTime:0.000012s ]
INFO: [ app_init ] --END-- [ RunTime:0.000194s ]
ERR: 无法加载模块:Wenda

[ 2016-03-30T14:29:57+08:00 ] 127.0.0.1 /Wenda/Public/Index/Js/question.js
INFO: [ app_init ] --START--
INFO: Run Behavior\BuildLiteBehavior [ RunTime:0.000023s ]
INFO: [ app_init ] --END-- [ RunTime:0.000356s ]
ERR: 无法加载模块:Wenda

[ 2016-03-30T14:29:57+08:00 ] 127.0.0.1 /Wenda/Public/Index/Js/question.js
INFO: [ app_init ] --START--
INFO: Run Behavior\BuildLiteBehavior [ RunTime:0.000013s ]
INFO: [ app_init ] --END-- [ RunTime:0.000192s ]
ERR: 无法加载模块:Wenda

[ 2016-03-30T14:29:59+08:00 ] 127.0.0.1 /Wenda/Public/Index/Js/question.js
INFO: [ app_init ] --START--
INFO: Run Behavior\BuildLiteBehavior [ RunTime:0.000027s ]
INFO: [ app_init ] --END-- [ RunTime:0.000420s ]
ERR: 无法加载模块:Wenda

[ 2016-03-30T14:29:59+08:00 ] 127.0.0.1 /Wenda/Public/Index/Js/question.js
INFO: [ app_init ] --START--
INFO: Run Behavior\BuildLiteBehavior [ RunTime:0.000014s ]
INFO: [ app_init ] --END-- [ RunTime:0.000213s ]
ERR: 无法加载模块:Wenda

[ 2016-03-30T14:49:24+08:00 ] 127.0.0.1 /Wenda/Public/Index/Js/question.js
INFO: [ app_init ] --START--
INFO: Run Behavior\BuildLiteBehavior [ RunTime:0.000025s ]
INFO: [ app_init ] --END-- [ RunTime:0.000493s ]
ERR: 无法加载模块:Wenda

[ 2016-03-30T14:49:25+08:00 ] 127.0.0.1 /Wenda/Public/Index/Js/question.js
INFO: [ app_init ] --START--
INFO: Run Behavior\BuildLiteBehavior [ RunTime:0.000013s ]
INFO: [ app_init ] --END-- [ RunTime:0.000196s ]
ERR: 无法加载模块:Wenda

[ 2016-03-30T14:49:30+08:00 ] 127.0.0.1 /Wenda/Public/Index/Js/question.js
INFO: [ app_init ] --START--
INFO: Run Behavior\BuildLiteBehavior [ RunTime:0.000024s ]
INFO: [ app_init ] --END-- [ RunTime:0.000327s ]
ERR: 无法加载模块:Wenda

[ 2016-03-30T14:49:30+08:00 ] 127.0.0.1 /Wenda/Public/Index/Js/question.js
INFO: [ app_init ] --START--
INFO: Run Behavior\BuildLiteBehavior [ RunTime:0.000015s ]
INFO: [ app_init ] --END-- [ RunTime:0.000224s ]
ERR: 无法加载模块:Wenda

[ 2016-03-30T14:51:23+08:00 ] 127.0.0.1 /Wenda/Public/Index/Js/question.js
INFO: [ app_init ] --START--
INFO: Run Behavior\BuildLiteBehavior [ RunTime:0.000015s ]
INFO: [ app_init ] --END-- [ RunTime:0.000215s ]
ERR: 无法加载模块:Wenda

[ 2016-03-30T14:51:23+08:00 ] 127.0.0.1 /Wenda/Public/Index/Js/question.js
INFO: [ app_init ] --START--
INFO: Run Behavior\BuildLiteBehavior [ RunTime:0.000013s ]
INFO: [ app_init ] --END-- [ RunTime:0.000203s ]
ERR: 无法加载模块:Wenda

[ 2016-03-30T14:51:37+08:00 ] 127.0.0.1 /Wenda/Public/Index/Js/question.js
INFO: [ app_init ] --START--
INFO: Run Behavior\BuildLiteBehavior [ RunTime:0.000016s ]
INFO: [ app_init ] --END-- [ RunTime:0.000240s ]
ERR: 无法加载模块:Wenda

[ 2016-03-30T14:51:37+08:00 ] 127.0.0.1 /Wenda/Public/Index/Js/question.js
INFO: [ app_init ] --START--
INFO: Run Behavior\BuildLiteBehavior [ RunTime:0.000039s ]
INFO: [ app_init ] --END-- [ RunTime:0.000873s ]
ERR: 无法加载模块:Wenda

[ 2016-03-30T14:53:00+08:00 ] 127.0.0.1 /Wenda/Public/Index/Js/question.js
INFO: [ app_init ] --START--
INFO: Run Behavior\BuildLiteBehavior [ RunTime:0.000019s ]
INFO: [ app_init ] --END-- [ RunTime:0.000291s ]
ERR: 无法加载模块:Wenda

[ 2016-03-30T14:53:00+08:00 ] 127.0.0.1 /Wenda/Public/Index/Js/question.js
INFO: [ app_init ] --START--
INFO: Run Behavior\BuildLiteBehavior [ RunTime:0.000012s ]
INFO: [ app_init ] --END-- [ RunTime:0.000191s ]
ERR: 无法加载模块:Wenda

[ 2016-03-30T14:53:11+08:00 ] 127.0.0.1 /Wenda/Public/Index/Js/question.js
INFO: [ app_init ] --START--
INFO: Run Behavior\BuildLiteBehavior [ RunTime:0.000080s ]
INFO: [ app_init ] --END-- [ RunTime:0.000568s ]
ERR: 无法加载模块:Wenda

[ 2016-03-30T14:53:11+08:00 ] 127.0.0.1 /Wenda/Public/Index/Js/question.js
INFO: [ app_init ] --START--
INFO: Run Behavior\BuildLiteBehavior [ RunTime:0.000013s ]
INFO: [ app_init ] --END-- [ RunTime:0.000193s ]
ERR: 无法加载模块:Wenda

[ 2016-03-30T14:53:42+08:00 ] 127.0.0.1 /Wenda/Public/Index/Js/question.js
INFO: [ app_init ] --START--
INFO: Run Behavior\BuildLiteBehavior [ RunTime:0.000016s ]
INFO: [ app_init ] --END-- [ RunTime:0.000305s ]
ERR: 无法加载模块:Wenda

[ 2016-03-30T14:53:42+08:00 ] 127.0.0.1 /Wenda/Public/Index/Js/question.js
INFO: [ app_init ] --START--
INFO: Run Behavior\BuildLiteBehavior [ RunTime:0.000013s ]
INFO: [ app_init ] --END-- [ RunTime:0.000191s ]
ERR: 无法加载模块:Wenda

[ 2016-03-30T15:01:54+08:00 ] 127.0.0.1 /Wenda/Public/Index/Js/question.js
INFO: [ app_init ] --START--
INFO: Run Behavior\BuildLiteBehavior [ RunTime:0.000020s ]
INFO: [ app_init ] --END-- [ RunTime:0.000365s ]
ERR: 无法加载模块:Wenda

[ 2016-03-30T15:02:07+08:00 ] 127.0.0.1 /Wenda/Public/Index/Js/question.js
INFO: [ app_init ] --START--
INFO: Run Behavior\BuildLiteBehavior [ RunTime:0.000022s ]
INFO: [ app_init ] --END-- [ RunTime:0.000338s ]
ERR: 无法加载模块:Wenda

[ 2016-03-30T15:02:07+08:00 ] 127.0.0.1 /Wenda/Public/Index/Js/question.js
INFO: [ app_init ] --START--
INFO: Run Behavior\BuildLiteBehavior [ RunTime:0.000017s ]
INFO: [ app_init ] --END-- [ RunTime:0.000240s ]
ERR: 无法加载模块:Wenda

[ 2016-03-30T15:02:24+08:00 ] 127.0.0.1 /Wenda/Public/Index/Js/question.js
INFO: [ app_init ] --START--
INFO: Run Behavior\BuildLiteBehavior [ RunTime:0.000020s ]
INFO: [ app_init ] --END-- [ RunTime:0.000316s ]
ERR: 无法加载模块:Wenda

[ 2016-03-30T15:02:37+08:00 ] 127.0.0.1 /Wenda/Public/Index/Js/question.js
INFO: [ app_init ] --START--
INFO: Run Behavior\BuildLiteBehavior [ RunTime:0.000028s ]
INFO: [ app_init ] --END-- [ RunTime:0.000942s ]
ERR: 无法加载模块:Wenda

[ 2016-03-30T15:02:38+08:00 ] 127.0.0.1 /Wenda/Public/Index/Js/question.js
INFO: [ app_init ] --START--
INFO: Run Behavior\BuildLiteBehavior [ RunTime:0.000022s ]
INFO: [ app_init ] --END-- [ RunTime:0.000344s ]
ERR: 无法加载模块:Wenda

[ 2016-03-30T15:02:39+08:00 ] 127.0.0.1 /Wenda/Public/Index/Js/question.js
INFO: [ app_init ] --START--
INFO: Run Behavior\BuildLiteBehavior [ RunTime:0.000029s ]
INFO: [ app_init ] --END-- [ RunTime:0.000430s ]
ERR: 无法加载模块:Wenda

[ 2016-03-30T15:02:48+08:00 ] 127.0.0.1 /Wenda/Public/Index/Js/question.js
INFO: [ app_init ] --START--
INFO: Run Behavior\BuildLiteBehavior [ RunTime:0.000015s ]
INFO: [ app_init ] --END-- [ RunTime:0.000210s ]
ERR: 无法加载模块:Wenda

[ 2016-03-30T15:02:48+08:00 ] 127.0.0.1 /Wenda/Public/Index/Js/question.js
INFO: [ app_init ] --START--
INFO: Run Behavior\BuildLiteBehavior [ RunTime:0.000015s ]
INFO: [ app_init ] --END-- [ RunTime:0.000250s ]
ERR: 无法加载模块:Wenda

[ 2016-03-30T15:04:48+08:00 ] 127.0.0.1 /Wenda/Public/Index/Js/question.js
INFO: [ app_init ] --START--
INFO: Run Behavior\BuildLiteBehavior [ RunTime:0.000014s ]
INFO: [ app_init ] --END-- [ RunTime:0.000209s ]
ERR: 无法加载模块:Wenda

[ 2016-03-30T15:04:48+08:00 ] 127.0.0.1 /Wenda/Public/Index/Js/question.js
INFO: [ app_init ] --START--
INFO: Run Behavior\BuildLiteBehavior [ RunTime:0.000013s ]
INFO: [ app_init ] --END-- [ RunTime:0.000219s ]
ERR: 无法加载模块:Wenda

[ 2016-03-30T15:12:57+08:00 ] 127.0.0.1 /Wenda/Public/Index/Js/question.js
INFO: [ app_init ] --START--
INFO: Run Behavior\BuildLiteBehavior [ RunTime:0.000018s ]
INFO: [ app_init ] --END-- [ RunTime:0.000229s ]
ERR: 无法加载模块:Wenda

[ 2016-03-30T15:12:57+08:00 ] 127.0.0.1 /Wenda/Public/Index/Js/question.js
INFO: [ app_init ] --START--
INFO: Run Behavior\BuildLiteBehavior [ RunTime:0.000014s ]
INFO: [ app_init ] --END-- [ RunTime:0.000214s ]
ERR: 无法加载模块:Wenda

[ 2016-03-30T15:13:11+08:00 ] 127.0.0.1 /Wenda/Public/Index/Js/question.js
INFO: [ app_init ] --START--
INFO: Run Behavior\BuildLiteBehavior [ RunTime:0.000014s ]
INFO: [ app_init ] --END-- [ RunTime:0.000210s ]
ERR: 无法加载模块:Wenda

[ 2016-03-30T15:13:11+08:00 ] 127.0.0.1 /Wenda/Public/Index/Js/question.js
INFO: [ app_init ] --START--
INFO: Run Behavior\BuildLiteBehavior [ RunTime:0.000031s ]
INFO: [ app_init ] --END-- [ RunTime:0.000424s ]
ERR: 无法加载模块:Wenda

[ 2016-03-30T15:13:34+08:00 ] 127.0.0.1 /Wenda/Public/Index/Js/question.js
INFO: [ app_init ] --START--
INFO: Run Behavior\BuildLiteBehavior [ RunTime:0.000027s ]
INFO: [ app_init ] --END-- [ RunTime:0.000450s ]
ERR: 无法加载模块:Wenda

[ 2016-03-30T15:13:34+08:00 ] 127.0.0.1 /Wenda/Public/Index/Js/question.js
INFO: [ app_init ] --START--
INFO: Run Behavior\BuildLiteBehavior [ RunTime:0.000013s ]
INFO: [ app_init ] --END-- [ RunTime:0.000201s ]
ERR: 无法加载模块:Wenda

[ 2016-03-30T15:17:51+08:00 ] 127.0.0.1 /Wenda/Public/Index/Js/question.js
INFO: [ app_init ] --START--
INFO: Run Behavior\BuildLiteBehavior [ RunTime:0.000012s ]
INFO: [ app_init ] --END-- [ RunTime:0.000194s ]
ERR: 无法加载模块:Wenda

[ 2016-03-30T15:17:51+08:00 ] 127.0.0.1 /Wenda/Public/Index/Js/question.js
INFO: [ app_init ] --START--
INFO: Run Behavior\BuildLiteBehavior [ RunTime:0.000014s ]
INFO: [ app_init ] --END-- [ RunTime:0.000202s ]
ERR: 无法加载模块:Wenda

[ 2016-03-30T15:24:22+08:00 ] 127.0.0.1 /Wenda/Public/Index/Js/question.js
INFO: [ app_init ] --START--
INFO: Run Behavior\BuildLiteBehavior [ RunTime:0.000015s ]
INFO: [ app_init ] --END-- [ RunTime:0.000218s ]
ERR: 无法加载模块:Wenda

[ 2016-03-30T15:24:22+08:00 ] 127.0.0.1 /Wenda/Public/Index/Js/question.js
INFO: [ app_init ] --START--
INFO: Run Behavior\BuildLiteBehavior [ RunTime:0.000014s ]
INFO: [ app_init ] --END-- [ RunTime:0.000206s ]
ERR: 无法加载模块:Wenda

[ 2016-03-30T15:24:41+08:00 ] 127.0.0.1 /Wenda/Public/Index/Js/question.js
INFO: [ app_init ] --START--
INFO: Run Behavior\BuildLiteBehavior [ RunTime:0.000015s ]
INFO: [ app_init ] --END-- [ RunTime:0.000241s ]
ERR: 无法加载模块:Wenda

[ 2016-03-30T15:24:41+08:00 ] 127.0.0.1 /Wenda/Public/Index/Js/question.js
INFO: [ app_init ] --START--
INFO: Run Behavior\BuildLiteBehavior [ RunTime:0.000014s ]
INFO: [ app_init ] --END-- [ RunTime:0.000219s ]
ERR: 无法加载模块:Wenda

[ 2016-03-30T15:26:20+08:00 ] 127.0.0.1 /Wenda/Public/Index/Js/question.js
INFO: [ app_init ] --START--
INFO: Run Behavior\BuildLiteBehavior [ RunTime:0.000014s ]
INFO: [ app_init ] --END-- [ RunTime:0.000217s ]
ERR: 无法加载模块:Wenda

[ 2016-03-30T15:26:20+08:00 ] 127.0.0.1 /Wenda/Public/Index/Js/question.js
INFO: [ app_init ] --START--
INFO: Run Behavior\BuildLiteBehavior [ RunTime:0.000013s ]
INFO: [ app_init ] --END-- [ RunTime:0.000201s ]
ERR: 无法加载模块:Wenda

[ 2016-03-30T15:27:02+08:00 ] 127.0.0.1 /Wenda/Public/Index/Js/question.js
INFO: [ app_init ] --START--
INFO: Run Behavior\BuildLiteBehavior [ RunTime:0.000014s ]
INFO: [ app_init ] --END-- [ RunTime:0.000223s ]
ERR: 无法加载模块:Wenda

[ 2016-03-30T15:27:02+08:00 ] 127.0.0.1 /Wenda/Public/Index/Js/question.js
INFO: [ app_init ] --START--
INFO: Run Behavior\BuildLiteBehavior [ RunTime:0.000013s ]
INFO: [ app_init ] --END-- [ RunTime:0.000217s ]
ERR: 无法加载模块:Wenda

[ 2016-03-30T15:27:58+08:00 ] 127.0.0.1 /Wenda/Public/Index/Js/question.js
INFO: [ app_init ] --START--
INFO: Run Behavior\BuildLiteBehavior [ RunTime:0.000021s ]
INFO: [ app_init ] --END-- [ RunTime:0.000451s ]
ERR: 无法加载模块:Wenda

[ 2016-03-30T15:27:58+08:00 ] 127.0.0.1 /Wenda/Public/Index/Js/question.js
INFO: [ app_init ] --START--
INFO: Run Behavior\BuildLiteBehavior [ RunTime:0.000013s ]
INFO: [ app_init ] --END-- [ RunTime:0.000222s ]
ERR: 无法加载模块:Wenda

[ 2016-03-30T15:31:05+08:00 ] 127.0.0.1 /Wenda/Public/Index/Js/question.js
INFO: [ app_init ] --START--
INFO: Run Behavior\BuildLiteBehavior [ RunTime:0.000012s ]
INFO: [ app_init ] --END-- [ RunTime:0.000197s ]
ERR: 无法加载模块:Wenda

[ 2016-03-30T15:31:05+08:00 ] 127.0.0.1 /Wenda/Public/Index/Js/question.js
INFO: [ app_init ] --START--
INFO: Run Behavior\BuildLiteBehavior [ RunTime:0.000013s ]
INFO: [ app_init ] --END-- [ RunTime:0.000199s ]
ERR: 无法加载模块:Wenda

[ 2016-03-30T15:35:17+08:00 ] 127.0.0.1 /Wenda/Public/Index/Js/question.js
INFO: [ app_init ] --START--
INFO: Run Behavior\BuildLiteBehavior [ RunTime:0.000027s ]
INFO: [ app_init ] --END-- [ RunTime:0.000393s ]
ERR: 无法加载模块:Wenda

[ 2016-03-30T15:35:17+08:00 ] 127.0.0.1 /Wenda/Public/Index/Js/question.js
INFO: [ app_init ] --START--
INFO: Run Behavior\BuildLiteBehavior [ RunTime:0.000014s ]
INFO: [ app_init ] --END-- [ RunTime:0.000204s ]
ERR: 无法加载模块:Wenda

[ 2016-03-30T15:37:48+08:00 ] 127.0.0.1 /Wenda/Public/Index/Js/question.js
INFO: [ app_init ] --START--
INFO: Run Behavior\BuildLiteBehavior [ RunTime:0.000019s ]
INFO: [ app_init ] --END-- [ RunTime:0.000322s ]
ERR: 无法加载模块:Wenda

[ 2016-03-30T15:37:48+08:00 ] 127.0.0.1 /Wenda/Public/Index/Js/question.js
INFO: [ app_init ] --START--
INFO: Run Behavior\BuildLiteBehavior [ RunTime:0.000013s ]
INFO: [ app_init ] --END-- [ RunTime:0.000202s ]
ERR: 无法加载模块:Wenda

[ 2016-03-30T15:38:03+08:00 ] 127.0.0.1 /Wenda/Public/Index/Js/question.js
INFO: [ app_init ] --START--
INFO: Run Behavior\BuildLiteBehavior [ RunTime:0.000016s ]
INFO: [ app_init ] --END-- [ RunTime:0.000255s ]
ERR: 无法加载模块:Wenda

[ 2016-03-30T15:38:03+08:00 ] 127.0.0.1 /Wenda/Public/Index/Js/question.js
INFO: [ app_init ] --START--
INFO: Run Behavior\BuildLiteBehavior [ RunTime:0.000013s ]
INFO: [ app_init ] --END-- [ RunTime:0.000199s ]
ERR: 无法加载模块:Wenda

[ 2016-03-30T15:38:06+08:00 ] 127.0.0.1 /Wenda/Public/Index/Js/question.js
INFO: [ app_init ] --START--
INFO: Run Behavior\BuildLiteBehavior [ RunTime:0.000013s ]
INFO: [ app_init ] --END-- [ RunTime:0.000199s ]
ERR: 无法加载模块:Wenda

[ 2016-03-30T15:38:06+08:00 ] 127.0.0.1 /Wenda/Public/Index/Js/question.js
INFO: [ app_init ] --START--
INFO: Run Behavior\BuildLiteBehavior [ RunTime:0.000013s ]
INFO: [ app_init ] --END-- [ RunTime:0.000200s ]
ERR: 无法加载模块:Wenda

[ 2016-03-30T15:38:16+08:00 ] 127.0.0.1 /Wenda/Public/Index/Js/question.js
INFO: [ app_init ] --START--
INFO: Run Behavior\BuildLiteBehavior [ RunTime:0.000014s ]
INFO: [ app_init ] --END-- [ RunTime:0.000247s ]
ERR: 无法加载模块:Wenda

[ 2016-03-30T15:38:16+08:00 ] 127.0.0.1 /Wenda/Public/Index/Js/question.js
INFO: [ app_init ] --START--
INFO: Run Behavior\BuildLiteBehavior [ RunTime:0.000015s ]
INFO: [ app_init ] --END-- [ RunTime:0.000231s ]
ERR: 无法加载模块:Wenda

[ 2016-03-30T15:41:52+08:00 ] 127.0.0.1 /Wenda/Public/Index/Js/question.js
INFO: [ app_init ] --START--
INFO: Run Behavior\BuildLiteBehavior [ RunTime:0.000014s ]
INFO: [ app_init ] --END-- [ RunTime:0.000265s ]
ERR: 无法加载模块:Wenda

[ 2016-03-30T15:41:52+08:00 ] 127.0.0.1 /Wenda/Public/Index/Js/question.js
INFO: [ app_init ] --START--
INFO: Run Behavior\BuildLiteBehavior [ RunTime:0.000012s ]
INFO: [ app_init ] --END-- [ RunTime:0.000187s ]
ERR: 无法加载模块:Wenda

[ 2016-03-30T15:42:15+08:00 ] 127.0.0.1 /Wenda/Public/Index/Js/question.js
INFO: [ app_init ] --START--
INFO: Run Behavior\BuildLiteBehavior [ RunTime:0.000014s ]
INFO: [ app_init ] --END-- [ RunTime:0.000213s ]
ERR: 无法加载模块:Wenda

[ 2016-03-30T15:42:15+08:00 ] 127.0.0.1 /Wenda/Public/Index/Js/question.js
INFO: [ app_init ] --START--
INFO: Run Behavior\BuildLiteBehavior [ RunTime:0.000013s ]
INFO: [ app_init ] --END-- [ RunTime:0.000192s ]
ERR: 无法加载模块:Wenda

[ 2016-03-30T15:42:16+08:00 ] 127.0.0.1 /Wenda/Public/Index/Js/question.js
INFO: [ app_init ] --START--
INFO: Run Behavior\BuildLiteBehavior [ RunTime:0.000021s ]
INFO: [ app_init ] --END-- [ RunTime:0.000410s ]
ERR: 无法加载模块:Wenda

[ 2016-03-30T15:42:16+08:00 ] 127.0.0.1 /Wenda/Public/Index/Js/question.js
INFO: [ app_init ] --START--
INFO: Run Behavior\BuildLiteBehavior [ RunTime:0.000023s ]
INFO: [ app_init ] --END-- [ RunTime:0.000359s ]
ERR: 无法加载模块:Wenda

[ 2016-03-30T15:42:17+08:00 ] 127.0.0.1 /Wenda/Public/Index/Js/question.js
INFO: [ app_init ] --START--
INFO: Run Behavior\BuildLiteBehavior [ RunTime:0.000014s ]
INFO: [ app_init ] --END-- [ RunTime:0.000216s ]
ERR: 无法加载模块:Wenda

[ 2016-03-30T15:42:17+08:00 ] 127.0.0.1 /Wenda/Public/Index/Js/question.js
INFO: [ app_init ] --START--
INFO: Run Behavior\BuildLiteBehavior [ RunTime:0.000015s ]
INFO: [ app_init ] --END-- [ RunTime:0.000255s ]
ERR: 无法加载模块:Wenda

[ 2016-03-30T15:44:51+08:00 ] 127.0.0.1 /Wenda/Public/Index/Js/question.js
INFO: [ app_init ] --START--
INFO: Run Behavior\BuildLiteBehavior [ RunTime:0.000015s ]
INFO: [ app_init ] --END-- [ RunTime:0.000249s ]
ERR: 无法加载模块:Wenda

[ 2016-03-30T15:44:51+08:00 ] 127.0.0.1 /Wenda/Public/Index/Js/question.js
INFO: [ app_init ] --START--
INFO: Run Behavior\BuildLiteBehavior [ RunTime:0.000013s ]
INFO: [ app_init ] --END-- [ RunTime:0.000200s ]
ERR: 无法加载模块:Wenda

[ 2016-03-30T15:46:35+08:00 ] 127.0.0.1 /Wenda/Public/Index/Js/question.js
INFO: [ app_init ] --START--
INFO: Run Behavior\BuildLiteBehavior [ RunTime:0.000015s ]
INFO: [ app_init ] --END-- [ RunTime:0.000224s ]
ERR: 无法加载模块:Wenda

[ 2016-03-30T15:46:35+08:00 ] 127.0.0.1 /Wenda/Public/Index/Js/question.js
INFO: [ app_init ] --START--
INFO: Run Behavior\BuildLiteBehavior [ RunTime:0.000015s ]
INFO: [ app_init ] --END-- [ RunTime:0.000219s ]
ERR: 无法加载模块:Wenda

[ 2016-03-30T15:56:20+08:00 ] 127.0.0.1 /Wenda/Public/Index/Js/question.js
INFO: [ app_init ] --START--
INFO: Run Behavior\BuildLiteBehavior [ RunTime:0.000012s ]
INFO: [ app_init ] --END-- [ RunTime:0.000195s ]
ERR: 无法加载模块:Wenda

[ 2016-03-30T15:56:20+08:00 ] 127.0.0.1 /Wenda/Public/Index/Js/question.js
INFO: [ app_init ] --START--
INFO: Run Behavior\BuildLiteBehavior [ RunTime:0.000015s ]
INFO: [ app_init ] --END-- [ RunTime:0.000222s ]
ERR: 无法加载模块:Wenda

[ 2016-03-30T15:56:52+08:00 ] 127.0.0.1 /Wenda/Public/Index/Js/question.js
INFO: [ app_init ] --START--
INFO: Run Behavior\BuildLiteBehavior [ RunTime:0.000017s ]
INFO: [ app_init ] --END-- [ RunTime:0.000271s ]
ERR: 无法加载模块:Wenda

[ 2016-03-30T15:56:52+08:00 ] 127.0.0.1 /Wenda/Public/Index/Js/question.js
INFO: [ app_init ] --START--
INFO: Run Behavior\BuildLiteBehavior [ RunTime:0.000013s ]
INFO: [ app_init ] --END-- [ RunTime:0.000209s ]
ERR: 无法加载模块:Wenda

[ 2016-03-30T15:57:21+08:00 ] 127.0.0.1 /Wenda/Public/Index/Js/question.js
INFO: [ app_init ] --START--
INFO: Run Behavior\BuildLiteBehavior [ RunTime:0.000014s ]
INFO: [ app_init ] --END-- [ RunTime:0.000214s ]
ERR: 无法加载模块:Wenda

[ 2016-03-30T15:57:22+08:00 ] 127.0.0.1 /Wenda/Public/Index/Js/question.js
INFO: [ app_init ] --START--
INFO: Run Behavior\BuildLiteBehavior [ RunTime:0.000015s ]
INFO: [ app_init ] --END-- [ RunTime:0.000235s ]
ERR: 无法加载模块:Wenda

[ 2016-03-30T16:27:13+08:00 ] 127.0.0.1 /Wenda/Public/Index/Js/question.js
INFO: [ app_init ] --START--
INFO: Run Behavior\BuildLiteBehavior [ RunTime:0.000018s ]
INFO: [ app_init ] --END-- [ RunTime:0.000260s ]
ERR: 无法加载模块:Wenda

[ 2016-03-30T16:27:13+08:00 ] 127.0.0.1 /Wenda/Public/Index/Js/question.js
INFO: [ app_init ] --START--
INFO: Run Behavior\BuildLiteBehavior [ RunTime:0.000015s ]
INFO: [ app_init ] --END-- [ RunTime:0.000267s ]
ERR: 无法加载模块:Wenda

[ 2016-03-30T16:27:28+08:00 ] 127.0.0.1 /Wenda/Public/Index/Js/question.js
INFO: [ app_init ] --START--
INFO: Run Behavior\BuildLiteBehavior [ RunTime:0.000014s ]
INFO: [ app_init ] --END-- [ RunTime:0.000193s ]
ERR: 无法加载模块:Wenda

[ 2016-03-30T16:27:28+08:00 ] 127.0.0.1 /Wenda/Public/Index/Js/question.js
INFO: [ app_init ] --START--
INFO: Run Behavior\BuildLiteBehavior [ RunTime:0.000013s ]
INFO: [ app_init ] --END-- [ RunTime:0.000211s ]
ERR: 无法加载模块:Wenda

[ 2016-03-30T16:57:18+08:00 ] 127.0.0.1 /Wenda/Public/Index/Js/question.js
INFO: [ app_init ] --START--
INFO: Run Behavior\BuildLiteBehavior [ RunTime:0.000019s ]
INFO: [ app_init ] --END-- [ RunTime:0.000275s ]
ERR: 无法加载模块:Wenda

[ 2016-03-30T16:57:18+08:00 ] 127.0.0.1 /Wenda/Public/Index/Js/question.js
INFO: [ app_init ] --START--
INFO: Run Behavior\BuildLiteBehavior [ RunTime:0.000012s ]
INFO: [ app_init ] --END-- [ RunTime:0.000188s ]
ERR: 无法加载模块:Wenda

[ 2016-03-30T16:59:33+08:00 ] 127.0.0.1 /Wenda/Public/Index/Js/question.js
INFO: [ app_init ] --START--
INFO: Run Behavior\BuildLiteBehavior [ RunTime:0.000014s ]
INFO: [ app_init ] --END-- [ RunTime:0.000260s ]
ERR: 无法加载模块:Wenda

[ 2016-03-30T17:19:23+08:00 ] 127.0.0.1 /Wenda/Public/Index/Js/question.js
INFO: [ app_init ] --START--
INFO: Run Behavior\BuildLiteBehavior [ RunTime:0.000022s ]
INFO: [ app_init ] --END-- [ RunTime:0.000317s ]
ERR: 无法加载模块:Wenda

[ 2016-03-30T17:19:23+08:00 ] 127.0.0.1 /Wenda/Public/Index/Js/question.js
INFO: [ app_init ] --START--
INFO: Run Behavior\BuildLiteBehavior [ RunTime:0.000013s ]
INFO: [ app_init ] --END-- [ RunTime:0.000195s ]
ERR: 无法加载模块:Wenda

[ 2016-03-30T17:20:59+08:00 ] 127.0.0.1 /Wenda/Public/Index/Js/question.js
INFO: [ app_init ] --START--
INFO: Run Behavior\BuildLiteBehavior [ RunTime:0.000025s ]
INFO: [ app_init ] --END-- [ RunTime:0.000334s ]
ERR: 无法加载模块:Wenda

[ 2016-03-30T17:20:59+08:00 ] 127.0.0.1 /Wenda/Public/Index/Js/question.js
INFO: [ app_init ] --START--
INFO: Run Behavior\BuildLiteBehavior [ RunTime:0.000014s ]
INFO: [ app_init ] --END-- [ RunTime:0.000224s ]
ERR: 无法加载模块:Wenda

[ 2016-03-30T17:21:00+08:00 ] 127.0.0.1 /Wenda/Public/Index/Js/question.js
INFO: [ app_init ] --START--
INFO: Run Behavior\BuildLiteBehavior [ RunTime:0.000013s ]
INFO: [ app_init ] --END-- [ RunTime:0.000199s ]
ERR: 无法加载模块:Wenda

[ 2016-03-30T17:21:00+08:00 ] 127.0.0.1 /Wenda/Public/Index/Js/question.js
INFO: [ app_init ] --START--
INFO: Run Behavior\BuildLiteBehavior [ RunTime:0.000015s ]
INFO: [ app_init ] --END-- [ RunTime:0.000224s ]
ERR: 无法加载模块:Wenda

[ 2016-03-30T17:24:46+08:00 ] 127.0.0.1 /Wenda/Public/Index/Js/question.js
INFO: [ app_init ] --START--
INFO: Run Behavior\BuildLiteBehavior [ RunTime:0.000014s ]
INFO: [ app_init ] --END-- [ RunTime:0.000201s ]
ERR: 无法加载模块:Wenda

[ 2016-03-30T17:24:46+08:00 ] 127.0.0.1 /Wenda/Public/Index/Js/question.js
INFO: [ app_init ] --START--
INFO: Run Behavior\BuildLiteBehavior [ RunTime:0.000012s ]
INFO: [ app_init ] --END-- [ RunTime:0.000189s ]
ERR: 无法加载模块:Wenda

[ 2016-03-30T17:24:47+08:00 ] 127.0.0.1 /Wenda/Public/Index/Js/question.js
INFO: [ app_init ] --START--
INFO: Run Behavior\BuildLiteBehavior [ RunTime:0.000028s ]
INFO: [ app_init ] --END-- [ RunTime:0.000548s ]
ERR: 无法加载模块:Wenda

[ 2016-03-30T17:24:47+08:00 ] 127.0.0.1 /Wenda/Public/Index/Js/question.js
INFO: [ app_init ] --START--
INFO: Run Behavior\BuildLiteBehavior [ RunTime:0.000013s ]
INFO: [ app_init ] --END-- [ RunTime:0.000190s ]
ERR: 无法加载模块:Wenda

[ 2016-03-30T17:46:56+08:00 ] 127.0.0.1 /Wenda/Public/Index/Js/question.js
INFO: [ app_init ] --START--
INFO: Run Behavior\BuildLiteBehavior [ RunTime:0.000015s ]
INFO: [ app_init ] --END-- [ RunTime:0.000225s ]
ERR: 无法加载模块:Wenda

[ 2016-03-30T17:46:56+08:00 ] 127.0.0.1 /Wenda/Public/Index/Js/question.js
INFO: [ app_init ] --START--
INFO: Run Behavior\BuildLiteBehavior [ RunTime:0.000056s ]
INFO: [ app_init ] --END-- [ RunTime:0.000352s ]
ERR: 无法加载模块:Wenda

[ 2016-03-30T18:07:52+08:00 ] 127.0.0.1 /Wenda/Public/Index/Js/question.js
INFO: [ app_init ] --START--
INFO: Run Behavior\BuildLiteBehavior [ RunTime:0.000043s ]
INFO: [ app_init ] --END-- [ RunTime:0.001107s ]
ERR: 无法加载模块:Wenda

[ 2016-03-30T18:07:52+08:00 ] 127.0.0.1 /Wenda/Public/Index/Js/question.js
INFO: [ app_init ] --START--
INFO: Run Behavior\BuildLiteBehavior [ RunTime:0.000013s ]
INFO: [ app_init ] --END-- [ RunTime:0.000192s ]
ERR: 无法加载模块:Wenda

[ 2016-03-30T18:10:18+08:00 ] 127.0.0.1 /Wenda/Public/Index/Js/question.js
INFO: [ app_init ] --START--
INFO: Run Behavior\BuildLiteBehavior [ RunTime:0.000018s ]
INFO: [ app_init ] --END-- [ RunTime:0.000238s ]
ERR: 无法加载模块:Wenda

[ 2016-03-30T18:10:18+08:00 ] 127.0.0.1 /Wenda/Public/Index/Js/question.js
INFO: [ app_init ] --START--
INFO: Run Behavior\BuildLiteBehavior [ RunTime:0.000017s ]
INFO: [ app_init ] --END-- [ RunTime:0.000238s ]
ERR: 无法加载模块:Wenda

[ 2016-03-30T18:12:16+08:00 ] 127.0.0.1 /Wenda/Public/Index/Js/question.js
INFO: [ app_init ] --START--
INFO: Run Behavior\BuildLiteBehavior [ RunTime:0.000022s ]
INFO: [ app_init ] --END-- [ RunTime:0.000293s ]
ERR: 无法加载模块:Wenda

[ 2016-03-30T18:12:16+08:00 ] 127.0.0.1 /Wenda/Public/Index/Js/question.js
INFO: [ app_init ] --START--
INFO: Run Behavior\BuildLiteBehavior [ RunTime:0.000014s ]
INFO: [ app_init ] --END-- [ RunTime:0.000244s ]
ERR: 无法加载模块:Wenda

[ 2016-03-30T18:14:24+08:00 ] 127.0.0.1 /Wenda/Public/Index/Js/question.js
INFO: [ app_init ] --START--
INFO: Run Behavior\BuildLiteBehavior [ RunTime:0.000028s ]
INFO: [ app_init ] --END-- [ RunTime:0.000479s ]
ERR: 无法加载模块:Wenda

[ 2016-03-30T18:14:24+08:00 ] 127.0.0.1 /Wenda/Public/Index/Js/question.js
INFO: [ app_init ] --START--
INFO: Run Behavior\BuildLiteBehavior [ RunTime:0.000015s ]
INFO: [ app_init ] --END-- [ RunTime:0.000267s ]
ERR: 无法加载模块:Wenda

[ 2016-03-30T18:17:26+08:00 ] 127.0.0.1 /Wenda/Public/Index/Js/question.js
INFO: [ app_init ] --START--
INFO: Run Behavior\BuildLiteBehavior [ RunTime:0.000026s ]
INFO: [ app_init ] --END-- [ RunTime:0.000422s ]
ERR: 无法加载模块:Wenda

[ 2016-03-30T18:17:26+08:00 ] 127.0.0.1 /Wenda/Public/Index/Js/question.js
INFO: [ app_init ] --START--
INFO: Run Behavior\BuildLiteBehavior [ RunTime:0.000012s ]
INFO: [ app_init ] --END-- [ RunTime:0.000192s ]
ERR: 无法加载模块:Wenda

[ 2016-03-30T18:20:31+08:00 ] 127.0.0.1 /Wenda/Public/Index/Js/question.js
INFO: [ app_init ] --START--
INFO: Run Behavior\BuildLiteBehavior [ RunTime:0.000015s ]
INFO: [ app_init ] --END-- [ RunTime:0.000253s ]
ERR: 无法加载模块:Wenda

[ 2016-03-30T18:20:31+08:00 ] 127.0.0.1 /Wenda/Public/Index/Js/question.js
INFO: [ app_init ] --START--
INFO: Run Behavior\BuildLiteBehavior [ RunTime:0.000053s ]
INFO: [ app_init ] --END-- [ RunTime:0.000373s ]
ERR: 无法加载模块:Wenda

[ 2016-03-30T18:24:59+08:00 ] 127.0.0.1 /Wenda/Public/Index/Js/question.js
INFO: [ app_init ] --START--
INFO: Run Behavior\BuildLiteBehavior [ RunTime:0.000043s ]
INFO: [ app_init ] --END-- [ RunTime:0.000598s ]
ERR: 无法加载模块:Wenda

[ 2016-03-30T18:24:59+08:00 ] 127.0.0.1 /Wenda/Public/Index/Js/question.js
INFO: [ app_init ] --START--
INFO: Run Behavior\BuildLiteBehavior [ RunTime:0.000014s ]
INFO: [ app_init ] --END-- [ RunTime:0.000207s ]
ERR: 无法加载模块:Wenda

[ 2016-03-30T18:25:01+08:00 ] 127.0.0.1 /Wenda/Public/Index/Js/question.js
INFO: [ app_init ] --START--
INFO: Run Behavior\BuildLiteBehavior [ RunTime:0.000021s ]
INFO: [ app_init ] --END-- [ RunTime:0.000337s ]
ERR: 无法加载模块:Wenda

[ 2016-03-30T18:25:01+08:00 ] 127.0.0.1 /Wenda/Public/Index/Js/question.js
INFO: [ app_init ] --START--
INFO: Run Behavior\BuildLiteBehavior [ RunTime:0.000014s ]
INFO: [ app_init ] --END-- [ RunTime:0.000212s ]
ERR: 无法加载模块:Wenda

[ 2016-03-30T18:26:30+08:00 ] 127.0.0.1 /Wenda/Public/Index/Js/question.js
INFO: [ app_init ] --START--
INFO: Run Behavior\BuildLiteBehavior [ RunTime:0.000024s ]
INFO: [ app_init ] --END-- [ RunTime:0.000400s ]
ERR: 无法加载模块:Wenda

[ 2016-03-30T18:26:30+08:00 ] 127.0.0.1 /Wenda/Public/Index/Js/question.js
INFO: [ app_init ] --START--
INFO: Run Behavior\BuildLiteBehavior [ RunTime:0.000026s ]
INFO: [ app_init ] --END-- [ RunTime:0.000426s ]
ERR: 无法加载模块:Wenda

[ 2016-03-30T18:28:41+08:00 ] 127.0.0.1 /Wenda/Public/Index/Js/question.js
INFO: [ app_init ] --START--
INFO: Run Behavior\BuildLiteBehavior [ RunTime:0.000016s ]
INFO: [ app_init ] --END-- [ RunTime:0.000236s ]
ERR: 无法加载模块:Wenda

[ 2016-03-30T18:28:41+08:00 ] 127.0.0.1 /Wenda/Public/Index/Js/question.js
INFO: [ app_init ] --START--
INFO: Run Behavior\BuildLiteBehavior [ RunTime:0.000013s ]
INFO: [ app_init ] --END-- [ RunTime:0.000202s ]
ERR: 无法加载模块:Wenda

[ 2016-03-30T18:30:39+08:00 ] 127.0.0.1 /Wenda/Public/Index/Js/question.js
INFO: [ app_init ] --START--
INFO: Run Behavior\BuildLiteBehavior [ RunTime:0.000018s ]
INFO: [ app_init ] --END-- [ RunTime:0.000278s ]
ERR: 无法加载模块:Wenda

[ 2016-03-30T18:30:39+08:00 ] 127.0.0.1 /Wenda/Public/Index/Js/question.js
INFO: [ app_init ] --START--
INFO: Run Behavior\BuildLiteBehavior [ RunTime:0.000013s ]
INFO: [ app_init ] --END-- [ RunTime:0.000190s ]
ERR: 无法加载模块:Wenda

[ 2016-03-30T18:30:56+08:00 ] 127.0.0.1 /Wenda/Public/Index/Js/question.js
INFO: [ app_init ] --START--
INFO: Run Behavior\BuildLiteBehavior [ RunTime:0.000014s ]
INFO: [ app_init ] --END-- [ RunTime:0.000206s ]
ERR: 无法加载模块:Wenda

[ 2016-03-30T18:30:56+08:00 ] 127.0.0.1 /Wenda/Public/Index/Js/question.js
INFO: [ app_init ] --START--
INFO: Run Behavior\BuildLiteBehavior [ RunTime:0.000014s ]
INFO: [ app_init ] --END-- [ RunTime:0.000219s ]
ERR: 无法加载模块:Wenda

[ 2016-03-30T18:30:57+08:00 ] 127.0.0.1 /Wenda/Public/Index/Js/question.js
INFO: [ app_init ] --START--
INFO: Run Behavior\BuildLiteBehavior [ RunTime:0.000014s ]
INFO: [ app_init ] --END-- [ RunTime:0.000211s ]
ERR: 无法加载模块:Wenda

[ 2016-03-30T18:30:57+08:00 ] 127.0.0.1 /Wenda/Public/Index/Js/question.js
INFO: [ app_init ] --START--
INFO: Run Behavior\BuildLiteBehavior [ RunTime:0.000021s ]
INFO: [ app_init ] --END-- [ RunTime:0.000296s ]
ERR: 无法加载模块:Wenda

[ 2016-03-30T18:31:24+08:00 ] 127.0.0.1 /Wenda/Public/Index/Js/question.js
INFO: [ app_init ] --START--
INFO: Run Behavior\BuildLiteBehavior [ RunTime:0.000017s ]
INFO: [ app_init ] --END-- [ RunTime:0.000358s ]
ERR: 无法加载模块:Wenda

[ 2016-03-30T18:31:24+08:00 ] 127.0.0.1 /Wenda/Public/Index/Js/question.js
INFO: [ app_init ] --START--
INFO: Run Behavior\BuildLiteBehavior [ RunTime:0.000013s ]
INFO: [ app_init ] --END-- [ RunTime:0.000195s ]
ERR: 无法加载模块:Wenda

[ 2016-03-30T18:31:39+08:00 ] 127.0.0.1 /Wenda/Public/Index/Js/question.js
INFO: [ app_init ] --START--
INFO: Run Behavior\BuildLiteBehavior [ RunTime:0.000013s ]
INFO: [ app_init ] --END-- [ RunTime:0.000198s ]
ERR: 无法加载模块:Wenda

[ 2016-03-30T18:31:39+08:00 ] 127.0.0.1 /Wenda/Public/Index/Js/question.js
INFO: [ app_init ] --START--
INFO: Run Behavior\BuildLiteBehavior [ RunTime:0.000015s ]
INFO: [ app_init ] --END-- [ RunTime:0.000228s ]
ERR: 无法加载模块:Wenda

[ 2016-03-30T18:31:56+08:00 ] 127.0.0.1 /Wenda/Public/Index/Js/question.js
INFO: [ app_init ] --START--
INFO: Run Behavior\BuildLiteBehavior [ RunTime:0.000013s ]
INFO: [ app_init ] --END-- [ RunTime:0.000234s ]
ERR: 无法加载模块:Wenda

[ 2016-03-30T18:31:56+08:00 ] 127.0.0.1 /Wenda/Public/Index/Js/question.js
INFO: [ app_init ] --START--
INFO: Run Behavior\BuildLiteBehavior [ RunTime:0.000012s ]
INFO: [ app_init ] --END-- [ RunTime:0.000189s ]
ERR: 无法加载模块:Wenda

[ 2016-03-30T18:32:11+08:00 ] 127.0.0.1 /Wenda/Public/Index/Js/question.js
INFO: [ app_init ] --START--
INFO: Run Behavior\BuildLiteBehavior [ RunTime:0.000014s ]
INFO: [ app_init ] --END-- [ RunTime:0.000204s ]
ERR: 无法加载模块:Wenda

[ 2016-03-30T18:32:11+08:00 ] 127.0.0.1 /Wenda/Public/Index/Js/question.js
INFO: [ app_init ] --START--
INFO: Run Behavior\BuildLiteBehavior [ RunTime:0.000013s ]
INFO: [ app_init ] --END-- [ RunTime:0.000202s ]
ERR: 无法加载模块:Wenda

[ 2016-03-30T18:33:25+08:00 ] 127.0.0.1 /Wenda/Public/Index/Js/question.js
INFO: [ app_init ] --START--
INFO: Run Behavior\BuildLiteBehavior [ RunTime:0.000023s ]
INFO: [ app_init ] --END-- [ RunTime:0.000323s ]
ERR: 无法加载模块:Wenda

[ 2016-03-30T18:33:25+08:00 ] 127.0.0.1 /Wenda/Public/Index/Js/question.js
INFO: [ app_init ] --START--
INFO: Run Behavior\BuildLiteBehavior [ RunTime:0.000019s ]
INFO: [ app_init ] --END-- [ RunTime:0.000258s ]
ERR: 无法加载模块:Wenda

[ 2016-03-30T18:33:33+08:00 ] 127.0.0.1 /Wenda/Public/Index/Js/question.js
INFO: [ app_init ] --START--
INFO: Run Behavior\BuildLiteBehavior [ RunTime:0.000061s ]
INFO: [ app_init ] --END-- [ RunTime:0.000368s ]
ERR: 无法加载模块:Wenda

[ 2016-03-30T18:33:33+08:00 ] 127.0.0.1 /Wenda/Public/Index/Js/question.js
INFO: [ app_init ] --START--
INFO: Run Behavior\BuildLiteBehavior [ RunTime:0.000012s ]
INFO: [ app_init ] --END-- [ RunTime:0.000191s ]
ERR: 无法加载模块:Wenda

[ 2016-03-30T18:33:37+08:00 ] 127.0.0.1 /Wenda/Public/Index/Js/question.js
INFO: [ app_init ] --START--
INFO: Run Behavior\BuildLiteBehavior [ RunTime:0.000013s ]
INFO: [ app_init ] --END-- [ RunTime:0.000205s ]
ERR: 无法加载模块:Wenda

[ 2016-03-30T18:33:37+08:00 ] 127.0.0.1 /Wenda/Public/Index/Js/question.js
INFO: [ app_init ] --START--
INFO: Run Behavior\BuildLiteBehavior [ RunTime:0.000013s ]
INFO: [ app_init ] --END-- [ RunTime:0.000197s ]
ERR: 无法加载模块:Wenda

[ 2016-03-30T18:39:03+08:00 ] 127.0.0.1 /Wenda/Public/Index/Js/question.js
INFO: [ app_init ] --START--
INFO: Run Behavior\BuildLiteBehavior [ RunTime:0.000016s ]
INFO: [ app_init ] --END-- [ RunTime:0.000271s ]
ERR: 无法加载模块:Wenda

[ 2016-03-30T18:39:03+08:00 ] 127.0.0.1 /Wenda/Public/Index/Js/question.js
INFO: [ app_init ] --START--
INFO: Run Behavior\BuildLiteBehavior [ RunTime:0.000013s ]
INFO: [ app_init ] --END-- [ RunTime:0.000194s ]
ERR: 无法加载模块:Wenda

[ 2016-03-30T18:39:05+08:00 ] 127.0.0.1 /Wenda/Public/Index/Js/question.js
INFO: [ app_init ] --START--
INFO: Run Behavior\BuildLiteBehavior [ RunTime:0.000022s ]
INFO: [ app_init ] --END-- [ RunTime:0.000307s ]
ERR: 无法加载模块:Wenda

[ 2016-03-30T18:39:05+08:00 ] 127.0.0.1 /Wenda/Public/Index/Js/question.js
INFO: [ app_init ] --START--
INFO: Run Behavior\BuildLiteBehavior [ RunTime:0.000013s ]
INFO: [ app_init ] --END-- [ RunTime:0.000201s ]
ERR: 无法加载模块:Wenda

[ 2016-03-30T18:39:09+08:00 ] 127.0.0.1 /Wenda/Public/Index/Js/question.js
INFO: [ app_init ] --START--
INFO: Run Behavior\BuildLiteBehavior [ RunTime:0.000026s ]
INFO: [ app_init ] --END-- [ RunTime:0.000436s ]
ERR: 无法加载模块:Wenda

[ 2016-03-30T18:39:09+08:00 ] 127.0.0.1 /Wenda/Public/Index/Js/question.js
INFO: [ app_init ] --START--
INFO: Run Behavior\BuildLiteBehavior [ RunTime:0.000016s ]
INFO: [ app_init ] --END-- [ RunTime:0.000228s ]
ERR: 无法加载模块:Wenda

[ 2016-03-30T18:44:23+08:00 ] 127.0.0.1 /Wenda/Public/Index/Js/question.js
INFO: [ app_init ] --START--
INFO: Run Behavior\BuildLiteBehavior [ RunTime:0.000019s ]
INFO: [ app_init ] --END-- [ RunTime:0.000250s ]
ERR: 无法加载模块:Wenda

[ 2016-03-30T18:44:23+08:00 ] 127.0.0.1 /Wenda/Public/Index/Js/question.js
INFO: [ app_init ] --START--
INFO: Run Behavior\BuildLiteBehavior [ RunTime:0.000012s ]
INFO: [ app_init ] --END-- [ RunTime:0.000188s ]
ERR: 无法加载模块:Wenda

[ 2016-03-30T18:44:24+08:00 ] 127.0.0.1 /Wenda/Public/Index/Js/question.js
INFO: [ app_init ] --START--
INFO: Run Behavior\BuildLiteBehavior [ RunTime:0.000013s ]
INFO: [ app_init ] --END-- [ RunTime:0.000207s ]
ERR: 无法加载模块:Wenda

[ 2016-03-30T18:44:24+08:00 ] 127.0.0.1 /Wenda/Public/Index/Js/question.js
INFO: [ app_init ] --START--
INFO: Run Behavior\BuildLiteBehavior [ RunTime:0.000014s ]
INFO: [ app_init ] --END-- [ RunTime:0.000203s ]
ERR: 无法加载模块:Wenda

[ 2016-03-30T18:45:23+08:00 ] 127.0.0.1 /Wenda/Public/Index/Js/question.js
INFO: [ app_init ] --START--
INFO: Run Behavior\BuildLiteBehavior [ RunTime:0.000023s ]
INFO: [ app_init ] --END-- [ RunTime:0.000435s ]
ERR: 无法加载模块:Wenda

[ 2016-03-30T18:45:23+08:00 ] 127.0.0.1 /Wenda/Public/Index/Js/question.js
INFO: [ app_init ] --START--
INFO: Run Behavior\BuildLiteBehavior [ RunTime:0.000012s ]
INFO: [ app_init ] --END-- [ RunTime:0.000188s ]
ERR: 无法加载模块:Wenda

[ 2016-03-30T18:47:21+08:00 ] 127.0.0.1 /Wenda/Public/Index/Js/question.js
INFO: [ app_init ] --START--
INFO: Run Behavior\BuildLiteBehavior [ RunTime:0.000058s ]
INFO: [ app_init ] --END-- [ RunTime:0.000354s ]
ERR: 无法加载模块:Wenda

[ 2016-03-30T18:47:21+08:00 ] 127.0.0.1 /Wenda/Public/Index/Js/question.js
INFO: [ app_init ] --START--
INFO: Run Behavior\BuildLiteBehavior [ RunTime:0.000014s ]
INFO: [ app_init ] --END-- [ RunTime:0.000205s ]
ERR: 无法加载模块:Wenda

[ 2016-03-30T18:49:55+08:00 ] 127.0.0.1 /Wenda/Public/Index/Js/question.js
INFO: [ app_init ] --START--
INFO: Run Behavior\BuildLiteBehavior [ RunTime:0.000019s ]
INFO: [ app_init ] --END-- [ RunTime:0.000269s ]
ERR: 无法加载模块:Wenda

[ 2016-03-30T18:49:56+08:00 ] 127.0.0.1 /Wenda/Public/Index/Js/question.js
INFO: [ app_init ] --START--
INFO: Run Behavior\BuildLiteBehavior [ RunTime:0.000023s ]
INFO: [ app_init ] --END-- [ RunTime:0.000368s ]
ERR: 无法加载模块:Wenda

[ 2016-03-30T18:49:58+08:00 ] 127.0.0.1 /Wenda/Public/Index/Js/question.js
INFO: [ app_init ] --START--
INFO: Run Behavior\BuildLiteBehavior [ RunTime:0.000021s ]
INFO: [ app_init ] --END-- [ RunTime:0.000311s ]
ERR: 无法加载模块:Wenda

[ 2016-03-30T18:49:58+08:00 ] 127.0.0.1 /Wenda/Public/Index/Js/question.js
INFO: [ app_init ] --START--
INFO: Run Behavior\BuildLiteBehavior [ RunTime:0.000016s ]
INFO: [ app_init ] --END-- [ RunTime:0.000222s ]
ERR: 无法加载模块:Wenda

[ 2016-03-30T18:50:25+08:00 ] 127.0.0.1 /Wenda/Public/Index/Js/question.js
INFO: [ app_init ] --START--
INFO: Run Behavior\BuildLiteBehavior [ RunTime:0.000020s ]
INFO: [ app_init ] --END-- [ RunTime:0.000317s ]
ERR: 无法加载模块:Wenda

[ 2016-03-30T18:59:26+08:00 ] 127.0.0.1 /Wenda/Public/Index/Js/question.js
INFO: [ app_init ] --START--
INFO: Run Behavior\BuildLiteBehavior [ RunTime:0.000023s ]
INFO: [ app_init ] --END-- [ RunTime:0.000381s ]
ERR: 无法加载模块:Wenda

[ 2016-03-30T18:59:26+08:00 ] 127.0.0.1 /Wenda/Public/Index/Js/question.js
INFO: [ app_init ] --START--
INFO: Run Behavior\BuildLiteBehavior [ RunTime:0.000013s ]
INFO: [ app_init ] --END-- [ RunTime:0.000201s ]
ERR: 无法加载模块:Wenda

[ 2016-03-30T19:00:32+08:00 ] 127.0.0.1 /Wenda/Public/Index/Js/question.js
INFO: [ app_init ] --START--
INFO: Run Behavior\BuildLiteBehavior [ RunTime:0.000015s ]
INFO: [ app_init ] --END-- [ RunTime:0.000223s ]
ERR: 无法加载模块:Wenda

[ 2016-03-30T19:00:32+08:00 ] 127.0.0.1 /Wenda/Public/Index/Js/question.js
INFO: [ app_init ] --START--
INFO: Run Behavior\BuildLiteBehavior [ RunTime:0.000013s ]
INFO: [ app_init ] --END-- [ RunTime:0.000205s ]
ERR: 无法加载模块:Wenda

[ 2016-03-30T19:01:51+08:00 ] 127.0.0.1 /Wenda/Public/Index/Js/question.js
INFO: [ app_init ] --START--
INFO: Run Behavior\BuildLiteBehavior [ RunTime:0.000015s ]
INFO: [ app_init ] --END-- [ RunTime:0.000317s ]
ERR: 无法加载模块:Wenda

[ 2016-03-30T19:01:51+08:00 ] 127.0.0.1 /Wenda/Public/Index/Js/question.js
INFO: [ app_init ] --START--
INFO: Run Behavior\BuildLiteBehavior [ RunTime:0.000075s ]
INFO: [ app_init ] --END-- [ RunTime:0.000637s ]
ERR: 无法加载模块:Wenda

[ 2016-03-30T19:04:27+08:00 ] 127.0.0.1 /Wenda/Public/Index/Js/question.js
INFO: [ app_init ] --START--
INFO: Run Behavior\BuildLiteBehavior [ RunTime:0.000052s ]
INFO: [ app_init ] --END-- [ RunTime:0.000403s ]
ERR: 无法加载模块:Wenda

[ 2016-03-30T19:04:27+08:00 ] 127.0.0.1 /Wenda/Public/Index/Js/question.js
INFO: [ app_init ] --START--
INFO: Run Behavior\BuildLiteBehavior [ RunTime:0.000020s ]
INFO: [ app_init ] --END-- [ RunTime:0.000278s ]
ERR: 无法加载模块:Wenda

[ 2016-03-30T19:04:48+08:00 ] 127.0.0.1 /Wenda/Public/Index/Js/question.js
INFO: [ app_init ] --START--
INFO: Run Behavior\BuildLiteBehavior [ RunTime:0.000013s ]
INFO: [ app_init ] --END-- [ RunTime:0.000208s ]
ERR: 无法加载模块:Wenda

[ 2016-03-30T19:04:48+08:00 ] 127.0.0.1 /Wenda/Public/Index/Js/question.js
INFO: [ app_init ] --START--
INFO: Run Behavior\BuildLiteBehavior [ RunTime:0.000014s ]
INFO: [ app_init ] --END-- [ RunTime:0.000210s ]
ERR: 无法加载模块:Wenda

[ 2016-03-30T19:05:24+08:00 ] 127.0.0.1 /Wenda/Public/Index/Js/question.js
INFO: [ app_init ] --START--
INFO: Run Behavior\BuildLiteBehavior [ RunTime:0.000014s ]
INFO: [ app_init ] --END-- [ RunTime:0.000267s ]
ERR: 无法加载模块:Wenda

[ 2016-03-30T19:05:24+08:00 ] 127.0.0.1 /Wenda/Public/Index/Js/question.js
INFO: [ app_init ] --START--
INFO: Run Behavior\BuildLiteBehavior [ RunTime:0.000012s ]
INFO: [ app_init ] --END-- [ RunTime:0.000188s ]
ERR: 无法加载模块:Wenda

[ 2016-03-30T19:05:42+08:00 ] 127.0.0.1 /Wenda/Public/Index/Js/question.js
INFO: [ app_init ] --START--
INFO: Run Behavior\BuildLiteBehavior [ RunTime:0.000014s ]
INFO: [ app_init ] --END-- [ RunTime:0.000211s ]
ERR: 无法加载模块:Wenda

[ 2016-03-30T19:05:42+08:00 ] 127.0.0.1 /Wenda/Public/Index/Js/question.js
INFO: [ app_init ] --START--
INFO: Run Behavior\BuildLiteBehavior [ RunTime:0.000014s ]
INFO: [ app_init ] --END-- [ RunTime:0.000216s ]
ERR: 无法加载模块:Wenda

[ 2016-03-30T19:06:00+08:00 ] 127.0.0.1 /Wenda/Public/Index/Js/question.js
INFO: [ app_init ] --START--
INFO: Run Behavior\BuildLiteBehavior [ RunTime:0.000014s ]
INFO: [ app_init ] --END-- [ RunTime:0.000217s ]
ERR: 无法加载模块:Wenda

[ 2016-03-30T19:06:00+08:00 ] 127.0.0.1 /Wenda/Public/Index/Js/question.js
INFO: [ app_init ] --START--
INFO: Run Behavior\BuildLiteBehavior [ RunTime:0.000014s ]
INFO: [ app_init ] --END-- [ RunTime:0.000222s ]
ERR: 无法加载模块:Wenda

[ 2016-03-30T19:06:24+08:00 ] 127.0.0.1 /Wenda/Public/Index/Js/question.js
INFO: [ app_init ] --START--
INFO: Run Behavior\BuildLiteBehavior [ RunTime:0.000017s ]
INFO: [ app_init ] --END-- [ RunTime:0.000270s ]
ERR: 无法加载模块:Wenda

[ 2016-03-30T19:06:24+08:00 ] 127.0.0.1 /Wenda/Public/Index/Js/question.js
INFO: [ app_init ] --START--
INFO: Run Behavior\BuildLiteBehavior [ RunTime:0.000012s ]
INFO: [ app_init ] --END-- [ RunTime:0.000192s ]
ERR: 无法加载模块:Wenda

[ 2016-03-30T19:06:26+08:00 ] 127.0.0.1 /Wenda/Public/Index/Js/question.js
INFO: [ app_init ] --START--
INFO: Run Behavior\BuildLiteBehavior [ RunTime:0.000029s ]
INFO: [ app_init ] --END-- [ RunTime:0.000487s ]
ERR: 无法加载模块:Wenda

[ 2016-03-30T19:06:26+08:00 ] 127.0.0.1 /Wenda/Public/Index/Js/question.js
INFO: [ app_init ] --START--
INFO: Run Behavior\BuildLiteBehavior [ RunTime:0.000012s ]
INFO: [ app_init ] --END-- [ RunTime:0.000188s ]
ERR: 无法加载模块:Wenda

[ 2016-03-30T19:06:27+08:00 ] 127.0.0.1 /Wenda/Public/Index/Js/question.js
INFO: [ app_init ] --START--
INFO: Run Behavior\BuildLiteBehavior [ RunTime:0.000015s ]
INFO: [ app_init ] --END-- [ RunTime:0.000224s ]
ERR: 无法加载模块:Wenda

[ 2016-03-30T19:06:27+08:00 ] 127.0.0.1 /Wenda/Public/Index/Js/question.js
INFO: [ app_init ] --START--
INFO: Run Behavior\BuildLiteBehavior [ RunTime:0.000016s ]
INFO: [ app_init ] --END-- [ RunTime:0.000227s ]
ERR: 无法加载模块:Wenda

[ 2016-03-30T19:06:35+08:00 ] 127.0.0.1 /Wenda/Public/Index/Js/question.js
INFO: [ app_init ] --START--
INFO: Run Behavior\BuildLiteBehavior [ RunTime:0.000033s ]
INFO: [ app_init ] --END-- [ RunTime:0.000683s ]
ERR: 无法加载模块:Wenda

[ 2016-03-30T19:06:35+08:00 ] 127.0.0.1 /Wenda/Public/Index/Js/question.js
INFO: [ app_init ] --START--
INFO: Run Behavior\BuildLiteBehavior [ RunTime:0.000014s ]
INFO: [ app_init ] --END-- [ RunTime:0.000194s ]
ERR: 无法加载模块:Wenda

[ 2016-03-30T19:06:43+08:00 ] 127.0.0.1 /Wenda/Public/Index/Js/question.js
INFO: [ app_init ] --START--
INFO: Run Behavior\BuildLiteBehavior [ RunTime:0.000013s ]
INFO: [ app_init ] --END-- [ RunTime:0.000212s ]
ERR: 无法加载模块:Wenda

[ 2016-03-30T19:06:43+08:00 ] 127.0.0.1 /Wenda/Public/Index/Js/question.js
INFO: [ app_init ] --START--
INFO: Run Behavior\BuildLiteBehavior [ RunTime:0.000012s ]
INFO: [ app_init ] --END-- [ RunTime:0.000188s ]
ERR: 无法加载模块:Wenda

[ 2016-03-30T19:10:35+08:00 ] 127.0.0.1 /Wenda/Public/Index/Js/question.js
INFO: [ app_init ] --START--
INFO: Run Behavior\BuildLiteBehavior [ RunTime:0.000015s ]
INFO: [ app_init ] --END-- [ RunTime:0.000271s ]
ERR: 无法加载模块:Wenda

[ 2016-03-30T19:10:35+08:00 ] 127.0.0.1 /Wenda/Public/Index/Js/question.js
INFO: [ app_init ] --START--
INFO: Run Behavior\BuildLiteBehavior [ RunTime:0.000013s ]
INFO: [ app_init ] --END-- [ RunTime:0.000190s ]
ERR: 无法加载模块:Wenda

[ 2016-03-30T19:11:45+08:00 ] 127.0.0.1 /Wenda/Public/Index/Js/question.js
INFO: [ app_init ] --START--
INFO: Run Behavior\BuildLiteBehavior [ RunTime:0.000021s ]
INFO: [ app_init ] --END-- [ RunTime:0.000339s ]
ERR: 无法加载模块:Wenda

[ 2016-03-30T19:11:45+08:00 ] 127.0.0.1 /Wenda/Public/Index/Js/question.js
INFO: [ app_init ] --START--
INFO: Run Behavior\BuildLiteBehavior [ RunTime:0.000013s ]
INFO: [ app_init ] --END-- [ RunTime:0.000198s ]
ERR: 无法加载模块:Wenda

[ 2016-03-30T19:13:01+08:00 ] 127.0.0.1 /Wenda/Public/Index/Js/question.js
INFO: [ app_init ] --START--
INFO: Run Behavior\BuildLiteBehavior [ RunTime:0.000015s ]
INFO: [ app_init ] --END-- [ RunTime:0.000219s ]
ERR: 无法加载模块:Wenda

[ 2016-03-30T19:13:01+08:00 ] 127.0.0.1 /Wenda/Public/Index/Js/question.js
INFO: [ app_init ] --START--
INFO: Run Behavior\BuildLiteBehavior [ RunTime:0.000013s ]
INFO: [ app_init ] --END-- [ RunTime:0.000220s ]
ERR: 无法加载模块:Wenda

[ 2016-03-30T19:15:29+08:00 ] 127.0.0.1 /Wenda/Public/Index/Js/question.js
INFO: [ app_init ] --START--
INFO: Run Behavior\BuildLiteBehavior [ RunTime:0.000013s ]
INFO: [ app_init ] --END-- [ RunTime:0.000205s ]
ERR: 无法加载模块:Wenda

[ 2016-03-30T19:15:29+08:00 ] 127.0.0.1 /Wenda/Public/Index/Js/question.js
INFO: [ app_init ] --START--
INFO: Run Behavior\BuildLiteBehavior [ RunTime:0.000013s ]
INFO: [ app_init ] --END-- [ RunTime:0.000198s ]
ERR: 无法加载模块:Wenda

[ 2016-03-30T19:16:12+08:00 ] 127.0.0.1 /Wenda/Public/Index/Js/question.js
INFO: [ app_init ] --START--
INFO: Run Behavior\BuildLiteBehavior [ RunTime:0.000014s ]
INFO: [ app_init ] --END-- [ RunTime:0.000201s ]
ERR: 无法加载模块:Wenda

[ 2016-03-30T19:16:12+08:00 ] 127.0.0.1 /Wenda/Public/Index/Js/question.js
INFO: [ app_init ] --START--
INFO: Run Behavior\BuildLiteBehavior [ RunTime:0.000012s ]
INFO: [ app_init ] --END-- [ RunTime:0.000191s ]
ERR: 无法加载模块:Wenda

[ 2016-03-30T19:16:25+08:00 ] 127.0.0.1 /Wenda/Public/Index/Js/question.js
INFO: [ app_init ] --START--
INFO: Run Behavior\BuildLiteBehavior [ RunTime:0.000013s ]
INFO: [ app_init ] --END-- [ RunTime:0.000200s ]
ERR: 无法加载模块:Wenda

[ 2016-03-30T19:16:25+08:00 ] 127.0.0.1 /Wenda/Public/Index/Js/question.js
INFO: [ app_init ] --START--
INFO: Run Behavior\BuildLiteBehavior [ RunTime:0.000014s ]
INFO: [ app_init ] --END-- [ RunTime:0.000204s ]
ERR: 无法加载模块:Wenda

[ 2016-03-30T19:17:08+08:00 ] 127.0.0.1 /Wenda/Public/Index/Js/question.js
INFO: [ app_init ] --START--
INFO: Run Behavior\BuildLiteBehavior [ RunTime:0.000015s ]
INFO: [ app_init ] --END-- [ RunTime:0.000233s ]
ERR: 无法加载模块:Wenda

[ 2016-03-30T19:17:08+08:00 ] 127.0.0.1 /Wenda/Public/Index/Js/question.js
INFO: [ app_init ] --START--
INFO: Run Behavior\BuildLiteBehavior [ RunTime:0.000021s ]
INFO: [ app_init ] --END-- [ RunTime:0.000291s ]
ERR: 无法加载模块:Wenda

[ 2016-03-30T19:17:15+08:00 ] 127.0.0.1 /Wenda/Public/Index/Js/question.js
INFO: [ app_init ] --START--
INFO: Run Behavior\BuildLiteBehavior [ RunTime:0.000014s ]
INFO: [ app_init ] --END-- [ RunTime:0.000219s ]
ERR: 无法加载模块:Wenda

[ 2016-03-30T19:17:15+08:00 ] 127.0.0.1 /Wenda/Public/Index/Js/question.js
INFO: [ app_init ] --START--
INFO: Run Behavior\BuildLiteBehavior [ RunTime:0.000013s ]
INFO: [ app_init ] --END-- [ RunTime:0.000209s ]
ERR: 无法加载模块:Wenda

[ 2016-03-30T19:35:39+08:00 ] 127.0.0.1 /Wenda/Public/Index/Js/question.js
INFO: [ app_init ] --START--
INFO: Run Behavior\BuildLiteBehavior [ RunTime:0.000028s ]
INFO: [ app_init ] --END-- [ RunTime:0.000598s ]
ERR: 无法加载模块:Wenda

[ 2016-03-30T19:35:39+08:00 ] 127.0.0.1 /Wenda/Public/Index/Js/question.js
INFO: [ app_init ] --START--
INFO: Run Behavior\BuildLiteBehavior [ RunTime:0.000012s ]
INFO: [ app_init ] --END-- [ RunTime:0.000190s ]
ERR: 无法加载模块:Wenda

[ 2016-03-30T19:35:50+08:00 ] 127.0.0.1 /Wenda/Public/Index/Js/question.js
INFO: [ app_init ] --START--
INFO: Run Behavior\BuildLiteBehavior [ RunTime:0.000018s ]
INFO: [ app_init ] --END-- [ RunTime:0.000260s ]
ERR: 无法加载模块:Wenda

[ 2016-03-30T19:35:50+08:00 ] 127.0.0.1 /Wenda/Public/Index/Js/question.js
INFO: [ app_init ] --START--
INFO: Run Behavior\BuildLiteBehavior [ RunTime:0.000018s ]
INFO: [ app_init ] --END-- [ RunTime:0.000311s ]
ERR: 无法加载模块:Wenda

