[ 2016-04-01T18:22:56+08:00 ] 127.0.0.1 /
INFO: [ app_init ] --START--
INFO: Run Behavior\BuildLiteBehavior [ RunTime:0.000022s ]
INFO: [ app_init ] --END-- [ RunTime:0.000784s ]
INFO: [ app_begin ] --START--
INFO: Run Behavior\ReadHtmlCacheBehavior [ RunTime:0.000549s ]
INFO: [ app_begin ] --END-- [ RunTime:0.000614s ]
SQL: SHOW COLUMNS FROM `dd_category` [ RunTime:0.0426s ]
SQL: SELECT * FROM `dd_category` WHERE `pid` = 0 ORDER BY `cid` asc  [ RunTime:0.0047s ]
SQL: SELECT * FROM `dd_category` WHERE `pid` = 1 ORDER BY `cid` asc  [ RunTime:0.0004s ]
SQL: SELECT * FROM `dd_category` WHERE `pid` = 2 ORDER BY `cid` asc  [ RunTime:0.0003s ]
SQL: SELECT * FROM `dd_category` WHERE `pid` = 3 ORDER BY `cid` asc  [ RunTime:0.0003s ]
SQL: SELECT * FROM `dd_category` WHERE `pid` = 4 ORDER BY `cid` asc  [ RunTime:0.0005s ]
SQL: SELECT * FROM `dd_category` WHERE `pid` = 5 ORDER BY `cid` asc  [ RunTime:0.0005s ]
SQL: SELECT * FROM `dd_category` WHERE `pid` = 6 ORDER BY `cid` asc  [ RunTime:0.0003s ]
SQL: SELECT * FROM `dd_category` WHERE `pid` = 7 ORDER BY `cid` asc  [ RunTime:0.0003s ]
SQL: SELECT * FROM `dd_category` WHERE `pid` = 8 ORDER BY `cid` asc  [ RunTime:0.0003s ]
SQL: SELECT * FROM `dd_category` WHERE `pid` = 9 ORDER BY `cid` asc  [ RunTime:0.0002s ]
SQL: SELECT * FROM `dd_category` WHERE `pid` = 10 ORDER BY `cid` asc  [ RunTime:0.0002s ]
SQL: SELECT * FROM `dd_category` WHERE `pid` = 11 ORDER BY `cid` asc  [ RunTime:0.0003s ]
SQL: SELECT * FROM `dd_category` WHERE `pid` = 12 ORDER BY `cid` asc  [ RunTime:0.0003s ]
SQL: SELECT * FROM `dd_category` WHERE `pid` = 13 ORDER BY `cid` asc  [ RunTime:0.0002s ]
SQL: SELECT * FROM `dd_category` WHERE `pid` = 14 ORDER BY `cid` asc  [ RunTime:0.0014s ]
SQL: SHOW COLUMNS FROM `dd_ask` [ RunTime:0.0006s ]
SQL: SELECT * FROM `dd_ask` WHERE `slove` = 0 AND `reward` = 0 ORDER BY atime desc LIMIT 5   [ RunTime:0.0041s ]
SQL: SELECT * FROM `dd_ask` WHERE `slove` = 0 AND `reward` > 0 ORDER BY atime desc LIMIT 5   [ RunTime:0.0065s ]
INFO: [ view_parse ] --START--
NOTIC: [8] Undefined variable: attr /Users/yaoyao/Code/thinkphp/Wenda/Index/TagLib/My.class.php 第 15 行.
NOTIC: [2] Missing argument 2 for Think\Template\TagLib::parseXmlAttr(), called in /Users/yaoyao/Code/thinkphp/Wenda/Index/TagLib/My.class.php on line 15 and defined /Users/yaoyao/Code/thinkphp/ThinkPHP/Library/Think/Template/TagLib.class.php 第 76 行.
NOTIC: [8] Undefined variable: attr /Users/yaoyao/Code/thinkphp/Wenda/Index/TagLib/My.class.php 第 31 行.
NOTIC: [2] Missing argument 2 for Think\Template\TagLib::parseXmlAttr(), called in /Users/yaoyao/Code/thinkphp/Wenda/Index/TagLib/My.class.php on line 31 and defined /Users/yaoyao/Code/thinkphp/ThinkPHP/Library/Think/Template/TagLib.class.php 第 76 行.
NOTIC: [8] Undefined variable: exp /Users/yaoyao/Code/thinkphp/Wenda/Index/TagLib/My.class.php 第 46 行.
INFO: [ template_filter ] --START--
INFO: Run Behavior\ContentReplaceBehavior [ RunTime:0.000168s ]
INFO: [ template_filter ] --END-- [ RunTime:0.000223s ]
NOTIC: [8] Use of undefined constant uid - assumed 'uid' /Users/yaoyao/Code/thinkphp/Wenda/Runtime/Cache/Index/e6cfe0e149670ba5f0438c4dc6a87df4.php 第 23 行.
NOTIC: [8] Use of undefined constant user - assumed 'user' /Users/yaoyao/Code/thinkphp/Wenda/Runtime/Cache/Index/e6cfe0e149670ba5f0438c4dc6a87df4.php 第 23 行.
SQL: SELECT * FROM `dd_category` WHERE `pid` = 0 ORDER BY cid asc LIMIT 10   [ RunTime:0.0004s ]
INFO: Run Behavior\ParseTemplateBehavior [ RunTime:0.032046s ]
INFO: [ view_parse ] --END-- [ RunTime:0.032133s ]
INFO: [ view_filter ] --START--
INFO: Run Behavior\WriteHtmlCacheBehavior [ RunTime:0.001161s ]
INFO: [ view_filter ] --END-- [ RunTime:0.001222s ]
INFO: [ app_end ] --START--
INFO: Run Behavior\ShowPageTraceBehavior [ RunTime:0.002808s ]
INFO: [ app_end ] --END-- [ RunTime:0.002889s ]

[ 2016-04-01T18:22:57+08:00 ] 127.0.0.1 /Index/Common/Verify.html
INFO: [ app_init ] --START--
INFO: Run Behavior\BuildLiteBehavior [ RunTime:0.000020s ]
INFO: [ app_init ] --END-- [ RunTime:0.000365s ]
INFO: [ app_begin ] --START--
INFO: Run Behavior\ReadHtmlCacheBehavior [ RunTime:0.000355s ]
INFO: [ app_begin ] --END-- [ RunTime:0.000407s ]
INFO: [ app_end ] --START--
INFO: Run Behavior\ShowPageTraceBehavior [ RunTime:0.000385s ]
INFO: [ app_end ] --END-- [ RunTime:0.000462s ]

[ 2016-04-01T18:23:20+08:00 ] 127.0.0.1 /Index/Show/index/aid/9.html
INFO: [ app_init ] --START--
INFO: Run Behavior\BuildLiteBehavior [ RunTime:0.000016s ]
INFO: [ app_init ] --END-- [ RunTime:0.000301s ]
INFO: [ app_begin ] --START--
INFO: Run Behavior\ReadHtmlCacheBehavior [ RunTime:0.000252s ]
INFO: [ app_begin ] --END-- [ RunTime:0.000304s ]
SQL: SHOW COLUMNS FROM `dd_ask` [ RunTime:0.0007s ]
SQL: SHOW COLUMNS FROM `dd_user` [ RunTime:0.0005s ]
SQL: SELECT ask.aid AS aid,ask.content AS content,ask.reward AS reward,ask.slove AS slove,ask.atime AS atime,ask.cid AS cid,ask.uid AS uid,ask.answer AS answer,user.uid AS uid,user.exp AS exp,user.nickname AS nickname FROM dd_ask ask LEFT JOIN dd_user user ON user.uid=ask.uid WHERE ask.aid = 9 LIMIT 1   [ RunTime:0.0120s ]
SQL: SELECT * FROM `dd_ask` WHERE `cid` = 208 AND `slove` = 0 AND `aid` <> 9  [ RunTime:0.0004s ]
SQL: SHOW COLUMNS FROM `dd_answer` [ RunTime:0.0005s ]
SQL: SELECT answer.sid AS sid,answer.content AS content,answer.stime AS stime,answer.aid AS aid,answer.adopt AS ad,user.uid AS uid,user.nickname AS nickname,user.face AS face,user.exp AS exp,user.adopt AS adopt,user.answer AS answer FROM dd_answer answer LEFT JOIN dd_user user ON answer.uid=user.uid WHERE answer.aid = 9 AND answer.adopt = 1 LIMIT 1   [ RunTime:0.0060s ]
SQL: SELECT COUNT(*) AS tp_count FROM dd_answer answer LEFT JOIN dd_user user ON answer.uid=user.uid WHERE answer.adopt = 0 AND answer.aid = 9 LIMIT 1   [ RunTime:0.0004s ]
SQL: SELECT answer.sid AS sid,answer.content AS content,answer.stime AS stime,answer.aid AS aid,answer.adopt AS ad,user.uid AS uid,user.nickname AS nickname,user.face AS face,user.exp AS exp,user.adopt AS adopt,user.answer AS answer FROM dd_answer answer LEFT JOIN dd_user user ON answer.uid=user.uid WHERE answer.adopt = 0 AND answer.aid = 9 LIMIT 0,1   [ RunTime:0.0005s ]
INFO: [ view_parse ] --START--
NOTIC: [8] Undefined variable: attr /Users/yaoyao/Code/thinkphp/Wenda/Index/TagLib/My.class.php 第 15 行.
NOTIC: [2] Missing argument 2 for Think\Template\TagLib::parseXmlAttr(), called in /Users/yaoyao/Code/thinkphp/Wenda/Index/TagLib/My.class.php on line 15 and defined /Users/yaoyao/Code/thinkphp/ThinkPHP/Library/Think/Template/TagLib.class.php 第 76 行.
NOTIC: [8] Undefined variable: attr /Users/yaoyao/Code/thinkphp/Wenda/Index/TagLib/My.class.php 第 31 行.
NOTIC: [2] Missing argument 2 for Think\Template\TagLib::parseXmlAttr(), called in /Users/yaoyao/Code/thinkphp/Wenda/Index/TagLib/My.class.php on line 31 and defined /Users/yaoyao/Code/thinkphp/ThinkPHP/Library/Think/Template/TagLib.class.php 第 76 行.
NOTIC: [8] Undefined variable: exp /Users/yaoyao/Code/thinkphp/Wenda/Index/TagLib/My.class.php 第 46 行.
NOTIC: [8] Undefined variable: attr /Users/yaoyao/Code/thinkphp/Wenda/Index/TagLib/My.class.php 第 56 行.
NOTIC: [2] Missing argument 2 for Think\Template\TagLib::parseXmlAttr(), called in /Users/yaoyao/Code/thinkphp/Wenda/Index/TagLib/My.class.php on line 56 and defined /Users/yaoyao/Code/thinkphp/ThinkPHP/Library/Think/Template/TagLib.class.php 第 76 行.
INFO: [ template_filter ] --START--
INFO: Run Behavior\ContentReplaceBehavior [ RunTime:0.000176s ]
INFO: [ template_filter ] --END-- [ RunTime:0.000226s ]
NOTIC: [8] Use of undefined constant uid - assumed 'uid' /Users/yaoyao/Code/thinkphp/Wenda/Runtime/Cache/Index/2c74de56315f7cbc1514a2e6877fdb61.php 第 24 行.
NOTIC: [8] Use of undefined constant user - assumed 'user' /Users/yaoyao/Code/thinkphp/Wenda/Runtime/Cache/Index/2c74de56315f7cbc1514a2e6877fdb61.php 第 24 行.
SQL: SHOW COLUMNS FROM `dd_category` [ RunTime:0.0007s ]
SQL: SELECT * FROM `dd_category` WHERE `pid` = 0 ORDER BY cid asc LIMIT 10   [ RunTime:0.0004s ]
SQL: SELECT * FROM `dd_category`  [ RunTime:0.0005s ]
INFO: Run Behavior\ParseTemplateBehavior [ RunTime:0.015986s ]
INFO: [ view_parse ] --END-- [ RunTime:0.016051s ]
INFO: [ view_filter ] --START--
INFO: Run Behavior\WriteHtmlCacheBehavior [ RunTime:0.000148s ]
INFO: [ view_filter ] --END-- [ RunTime:0.000195s ]
INFO: [ app_end ] --START--
INFO: Run Behavior\ShowPageTraceBehavior [ RunTime:0.000372s ]
INFO: [ app_end ] --END-- [ RunTime:0.000477s ]

[ 2016-04-01T18:23:20+08:00 ] 127.0.0.1 /Index/Common/Verify.html
INFO: [ app_init ] --START--
INFO: Run Behavior\BuildLiteBehavior [ RunTime:0.000022s ]
INFO: [ app_init ] --END-- [ RunTime:0.000267s ]
INFO: [ app_begin ] --START--
INFO: Run Behavior\ReadHtmlCacheBehavior [ RunTime:0.000432s ]
INFO: [ app_begin ] --END-- [ RunTime:0.000533s ]
INFO: [ app_end ] --START--
INFO: Run Behavior\ShowPageTraceBehavior [ RunTime:0.000305s ]
INFO: [ app_end ] --END-- [ RunTime:0.000372s ]

[ 2016-04-01T20:53:52+08:00 ] 127.0.0.1 /
INFO: [ app_init ] --START--
INFO: Run Behavior\BuildLiteBehavior [ RunTime:0.000012s ]
INFO: [ app_init ] --END-- [ RunTime:0.000194s ]
INFO: [ app_begin ] --START--
INFO: Run Behavior\ReadHtmlCacheBehavior [ RunTime:0.000209s ]
INFO: [ app_begin ] --END-- [ RunTime:0.000254s ]
SQL: SHOW COLUMNS FROM `dd_category` [ RunTime:0.0061s ]
SQL: SELECT * FROM `dd_category` WHERE `pid` = 0 ORDER BY `cid` asc  [ RunTime:0.0015s ]
SQL: SELECT * FROM `dd_category` WHERE `pid` = 1 ORDER BY `cid` asc  [ RunTime:0.0008s ]
SQL: SELECT * FROM `dd_category` WHERE `pid` = 2 ORDER BY `cid` asc  [ RunTime:0.0006s ]
SQL: SELECT * FROM `dd_category` WHERE `pid` = 3 ORDER BY `cid` asc  [ RunTime:0.0003s ]
SQL: SELECT * FROM `dd_category` WHERE `pid` = 4 ORDER BY `cid` asc  [ RunTime:0.0004s ]
SQL: SELECT * FROM `dd_category` WHERE `pid` = 5 ORDER BY `cid` asc  [ RunTime:0.0003s ]
SQL: SELECT * FROM `dd_category` WHERE `pid` = 6 ORDER BY `cid` asc  [ RunTime:0.0002s ]
SQL: SELECT * FROM `dd_category` WHERE `pid` = 7 ORDER BY `cid` asc  [ RunTime:0.0004s ]
SQL: SELECT * FROM `dd_category` WHERE `pid` = 8 ORDER BY `cid` asc  [ RunTime:0.0003s ]
SQL: SELECT * FROM `dd_category` WHERE `pid` = 9 ORDER BY `cid` asc  [ RunTime:0.0003s ]
SQL: SELECT * FROM `dd_category` WHERE `pid` = 10 ORDER BY `cid` asc  [ RunTime:0.0004s ]
SQL: SELECT * FROM `dd_category` WHERE `pid` = 11 ORDER BY `cid` asc  [ RunTime:0.0003s ]
SQL: SELECT * FROM `dd_category` WHERE `pid` = 12 ORDER BY `cid` asc  [ RunTime:0.0005s ]
SQL: SELECT * FROM `dd_category` WHERE `pid` = 13 ORDER BY `cid` asc  [ RunTime:0.0003s ]
SQL: SELECT * FROM `dd_category` WHERE `pid` = 14 ORDER BY `cid` asc  [ RunTime:0.0004s ]
SQL: SHOW COLUMNS FROM `dd_ask` [ RunTime:0.0006s ]
SQL: SELECT * FROM `dd_ask` WHERE `slove` = 0 AND `reward` = 0 ORDER BY atime desc LIMIT 5   [ RunTime:0.0004s ]
SQL: SELECT * FROM `dd_ask` WHERE `slove` = 0 AND `reward` > 0 ORDER BY atime desc LIMIT 5   [ RunTime:0.0063s ]
INFO: [ view_parse ] --START--
NOTIC: [8] Undefined variable: attr /Users/yaoyao/Code/thinkphp/Wenda/Index/TagLib/My.class.php 第 15 行.
NOTIC: [2] Missing argument 2 for Think\Template\TagLib::parseXmlAttr(), called in /Users/yaoyao/Code/thinkphp/Wenda/Index/TagLib/My.class.php on line 15 and defined /Users/yaoyao/Code/thinkphp/ThinkPHP/Library/Think/Template/TagLib.class.php 第 76 行.
NOTIC: [8] Undefined variable: attr /Users/yaoyao/Code/thinkphp/Wenda/Index/TagLib/My.class.php 第 31 行.
NOTIC: [2] Missing argument 2 for Think\Template\TagLib::parseXmlAttr(), called in /Users/yaoyao/Code/thinkphp/Wenda/Index/TagLib/My.class.php on line 31 and defined /Users/yaoyao/Code/thinkphp/ThinkPHP/Library/Think/Template/TagLib.class.php 第 76 行.
NOTIC: [8] Undefined variable: exp /Users/yaoyao/Code/thinkphp/Wenda/Index/TagLib/My.class.php 第 46 行.
INFO: [ template_filter ] --START--
INFO: Run Behavior\ContentReplaceBehavior [ RunTime:0.000131s ]
INFO: [ template_filter ] --END-- [ RunTime:0.000185s ]
NOTIC: [8] Use of undefined constant uid - assumed 'uid' /Users/yaoyao/Code/thinkphp/Wenda/Runtime/Cache/Index/e6cfe0e149670ba5f0438c4dc6a87df4.php 第 23 行.
SQL: SELECT * FROM `dd_category` WHERE `pid` = 0 ORDER BY cid asc LIMIT 10   [ RunTime:0.0004s ]
SQL: SHOW COLUMNS FROM `dd_user` [ RunTime:0.0012s ]
SQL: SELECT `uid`,`nickname`,`face`,`answer`,`adopt`,`ask`,`point`,`exp` FROM `dd_user` WHERE `uid` = 1 LIMIT 1   [ RunTime:0.0011s ]
NOTIC: [2] Missing argument 1 for exp_to_level(), called in /Users/yaoyao/Code/thinkphp/Wenda/Runtime/Cache/Index/e6cfe0e149670ba5f0438c4dc6a87df4.php on line 228 and defined /Users/yaoyao/Code/thinkphp/Wenda/Common/Common/function.php 第 71 行.
NOTIC: [8] Undefined variable: exp /Users/yaoyao/Code/thinkphp/Wenda/Common/Common/function.php 第 73 行.
NOTIC: [8] Undefined variable: exp /Users/yaoyao/Code/thinkphp/Wenda/Common/Common/function.php 第 75 行.
NOTIC: [8] Undefined variable: exp /Users/yaoyao/Code/thinkphp/Wenda/Common/Common/function.php 第 77 行.
NOTIC: [8] Undefined variable: exp /Users/yaoyao/Code/thinkphp/Wenda/Common/Common/function.php 第 79 行.
NOTIC: [8] Undefined variable: exp /Users/yaoyao/Code/thinkphp/Wenda/Common/Common/function.php 第 81 行.
NOTIC: [8] Undefined variable: exp /Users/yaoyao/Code/thinkphp/Wenda/Common/Common/function.php 第 83 行.
NOTIC: [8] Undefined variable: exp /Users/yaoyao/Code/thinkphp/Wenda/Common/Common/function.php 第 85 行.
NOTIC: [8] Undefined variable: exp /Users/yaoyao/Code/thinkphp/Wenda/Common/Common/function.php 第 87 行.
NOTIC: [8] Undefined variable: exp /Users/yaoyao/Code/thinkphp/Wenda/Common/Common/function.php 第 89 行.
NOTIC: [8] Undefined variable: exp /Users/yaoyao/Code/thinkphp/Wenda/Common/Common/function.php 第 91 行.
NOTIC: [8] Undefined variable: exp /Users/yaoyao/Code/thinkphp/Wenda/Common/Common/function.php 第 93 行.
NOTIC: [8] Undefined variable: exp /Users/yaoyao/Code/thinkphp/Wenda/Common/Common/function.php 第 95 行.
NOTIC: [8] Undefined variable: exp /Users/yaoyao/Code/thinkphp/Wenda/Common/Common/function.php 第 97 行.
NOTIC: [8] Undefined variable: exp /Users/yaoyao/Code/thinkphp/Wenda/Common/Common/function.php 第 99 行.
NOTIC: [8] Undefined variable: exp /Users/yaoyao/Code/thinkphp/Wenda/Common/Common/function.php 第 101 行.
NOTIC: [8] Undefined variable: exp /Users/yaoyao/Code/thinkphp/Wenda/Common/Common/function.php 第 103 行.
NOTIC: [8] Undefined variable: exp /Users/yaoyao/Code/thinkphp/Wenda/Common/Common/function.php 第 105 行.
NOTIC: [8] Undefined variable: exp /Users/yaoyao/Code/thinkphp/Wenda/Common/Common/function.php 第 107 行.
NOTIC: [8] Undefined variable: exp /Users/yaoyao/Code/thinkphp/Wenda/Common/Common/function.php 第 109 行.
INFO: Run Behavior\ParseTemplateBehavior [ RunTime:0.026130s ]
INFO: [ view_parse ] --END-- [ RunTime:0.026188s ]
INFO: [ view_filter ] --START--
INFO: Run Behavior\WriteHtmlCacheBehavior [ RunTime:0.000149s ]
INFO: [ view_filter ] --END-- [ RunTime:0.000193s ]
INFO: [ app_end ] --START--
INFO: Run Behavior\ShowPageTraceBehavior [ RunTime:0.000387s ]
INFO: [ app_end ] --END-- [ RunTime:0.000484s ]

[ 2016-04-01T20:54:07+08:00 ] 127.0.0.1 /index/index/index
INFO: [ app_init ] --START--
INFO: Run Behavior\BuildLiteBehavior [ RunTime:0.000014s ]
INFO: [ app_init ] --END-- [ RunTime:0.000212s ]
INFO: [ app_begin ] --START--
INFO: Run Behavior\ReadHtmlCacheBehavior [ RunTime:0.000314s ]
INFO: [ app_begin ] --END-- [ RunTime:0.000364s ]
SQL: SHOW COLUMNS FROM `dd_category` [ RunTime:0.0004s ]
SQL: SELECT * FROM `dd_category` WHERE `pid` = 0 ORDER BY `cid` asc  [ RunTime:0.0003s ]
SQL: SELECT * FROM `dd_category` WHERE `pid` = 1 ORDER BY `cid` asc  [ RunTime:0.0003s ]
SQL: SELECT * FROM `dd_category` WHERE `pid` = 2 ORDER BY `cid` asc  [ RunTime:0.0002s ]
SQL: SELECT * FROM `dd_category` WHERE `pid` = 3 ORDER BY `cid` asc  [ RunTime:0.0003s ]
SQL: SELECT * FROM `dd_category` WHERE `pid` = 4 ORDER BY `cid` asc  [ RunTime:0.0003s ]
SQL: SELECT * FROM `dd_category` WHERE `pid` = 5 ORDER BY `cid` asc  [ RunTime:0.0003s ]
SQL: SELECT * FROM `dd_category` WHERE `pid` = 6 ORDER BY `cid` asc  [ RunTime:0.0002s ]
SQL: SELECT * FROM `dd_category` WHERE `pid` = 7 ORDER BY `cid` asc  [ RunTime:0.0003s ]
SQL: SELECT * FROM `dd_category` WHERE `pid` = 8 ORDER BY `cid` asc  [ RunTime:0.0003s ]
SQL: SELECT * FROM `dd_category` WHERE `pid` = 9 ORDER BY `cid` asc  [ RunTime:0.0002s ]
SQL: SELECT * FROM `dd_category` WHERE `pid` = 10 ORDER BY `cid` asc  [ RunTime:0.0004s ]
SQL: SELECT * FROM `dd_category` WHERE `pid` = 11 ORDER BY `cid` asc  [ RunTime:0.0014s ]
SQL: SELECT * FROM `dd_category` WHERE `pid` = 12 ORDER BY `cid` asc  [ RunTime:0.0009s ]
SQL: SELECT * FROM `dd_category` WHERE `pid` = 13 ORDER BY `cid` asc  [ RunTime:0.0006s ]
SQL: SELECT * FROM `dd_category` WHERE `pid` = 14 ORDER BY `cid` asc  [ RunTime:0.0003s ]
SQL: SHOW COLUMNS FROM `dd_ask` [ RunTime:0.0005s ]
SQL: SELECT * FROM `dd_ask` WHERE `slove` = 0 AND `reward` = 0 ORDER BY atime desc LIMIT 5   [ RunTime:0.0003s ]
SQL: SELECT * FROM `dd_ask` WHERE `slove` = 0 AND `reward` > 0 ORDER BY atime desc LIMIT 5   [ RunTime:0.0002s ]
INFO: [ view_parse ] --START--
NOTIC: [8] Undefined variable: attr /Users/yaoyao/Code/thinkphp/Wenda/Index/TagLib/My.class.php 第 15 行.
NOTIC: [2] Missing argument 2 for Think\Template\TagLib::parseXmlAttr(), called in /Users/yaoyao/Code/thinkphp/Wenda/Index/TagLib/My.class.php on line 15 and defined /Users/yaoyao/Code/thinkphp/ThinkPHP/Library/Think/Template/TagLib.class.php 第 76 行.
NOTIC: [8] Undefined variable: attr /Users/yaoyao/Code/thinkphp/Wenda/Index/TagLib/My.class.php 第 31 行.
NOTIC: [2] Missing argument 2 for Think\Template\TagLib::parseXmlAttr(), called in /Users/yaoyao/Code/thinkphp/Wenda/Index/TagLib/My.class.php on line 31 and defined /Users/yaoyao/Code/thinkphp/ThinkPHP/Library/Think/Template/TagLib.class.php 第 76 行.
NOTIC: [8] Undefined variable: exp /Users/yaoyao/Code/thinkphp/Wenda/Index/TagLib/My.class.php 第 46 行.
INFO: [ template_filter ] --START--
INFO: Run Behavior\ContentReplaceBehavior [ RunTime:0.000131s ]
INFO: [ template_filter ] --END-- [ RunTime:0.000183s ]
NOTIC: [8] Use of undefined constant uid - assumed 'uid' /Users/yaoyao/Code/thinkphp/Wenda/Runtime/Cache/Index/e6cfe0e149670ba5f0438c4dc6a87df4.php 第 23 行.
SQL: SELECT * FROM `dd_category` WHERE `pid` = 0 ORDER BY cid asc LIMIT 10   [ RunTime:0.0004s ]
SQL: SHOW COLUMNS FROM `dd_user` [ RunTime:0.0005s ]
SQL: SELECT `uid`,`nickname`,`face`,`answer`,`adopt`,`ask`,`point`,`exp` FROM `dd_user` WHERE `uid` = 1 LIMIT 1   [ RunTime:0.0003s ]
NOTIC: [2] Missing argument 1 for exp_to_level(), called in /Users/yaoyao/Code/thinkphp/Wenda/Runtime/Cache/Index/e6cfe0e149670ba5f0438c4dc6a87df4.php on line 228 and defined /Users/yaoyao/Code/thinkphp/Wenda/Common/Common/function.php 第 71 行.
NOTIC: [8] Undefined variable: exp /Users/yaoyao/Code/thinkphp/Wenda/Common/Common/function.php 第 73 行.
NOTIC: [8] Undefined variable: exp /Users/yaoyao/Code/thinkphp/Wenda/Common/Common/function.php 第 75 行.
NOTIC: [8] Undefined variable: exp /Users/yaoyao/Code/thinkphp/Wenda/Common/Common/function.php 第 77 行.
NOTIC: [8] Undefined variable: exp /Users/yaoyao/Code/thinkphp/Wenda/Common/Common/function.php 第 79 行.
NOTIC: [8] Undefined variable: exp /Users/yaoyao/Code/thinkphp/Wenda/Common/Common/function.php 第 81 行.
NOTIC: [8] Undefined variable: exp /Users/yaoyao/Code/thinkphp/Wenda/Common/Common/function.php 第 83 行.
NOTIC: [8] Undefined variable: exp /Users/yaoyao/Code/thinkphp/Wenda/Common/Common/function.php 第 85 行.
NOTIC: [8] Undefined variable: exp /Users/yaoyao/Code/thinkphp/Wenda/Common/Common/function.php 第 87 行.
NOTIC: [8] Undefined variable: exp /Users/yaoyao/Code/thinkphp/Wenda/Common/Common/function.php 第 89 行.
NOTIC: [8] Undefined variable: exp /Users/yaoyao/Code/thinkphp/Wenda/Common/Common/function.php 第 91 行.
NOTIC: [8] Undefined variable: exp /Users/yaoyao/Code/thinkphp/Wenda/Common/Common/function.php 第 93 行.
NOTIC: [8] Undefined variable: exp /Users/yaoyao/Code/thinkphp/Wenda/Common/Common/function.php 第 95 行.
NOTIC: [8] Undefined variable: exp /Users/yaoyao/Code/thinkphp/Wenda/Common/Common/function.php 第 97 行.
NOTIC: [8] Undefined variable: exp /Users/yaoyao/Code/thinkphp/Wenda/Common/Common/function.php 第 99 行.
NOTIC: [8] Undefined variable: exp /Users/yaoyao/Code/thinkphp/Wenda/Common/Common/function.php 第 101 行.
NOTIC: [8] Undefined variable: exp /Users/yaoyao/Code/thinkphp/Wenda/Common/Common/function.php 第 103 行.
NOTIC: [8] Undefined variable: exp /Users/yaoyao/Code/thinkphp/Wenda/Common/Common/function.php 第 105 行.
NOTIC: [8] Undefined variable: exp /Users/yaoyao/Code/thinkphp/Wenda/Common/Common/function.php 第 107 行.
NOTIC: [8] Undefined variable: exp /Users/yaoyao/Code/thinkphp/Wenda/Common/Common/function.php 第 109 行.
INFO: Run Behavior\ParseTemplateBehavior [ RunTime:0.018888s ]
INFO: [ view_parse ] --END-- [ RunTime:0.018934s ]
INFO: [ view_filter ] --START--
INFO: Run Behavior\WriteHtmlCacheBehavior [ RunTime:0.000139s ]
INFO: [ view_filter ] --END-- [ RunTime:0.000182s ]
INFO: [ app_end ] --START--
INFO: Run Behavior\ShowPageTraceBehavior [ RunTime:0.000348s ]
INFO: [ app_end ] --END-- [ RunTime:0.000407s ]

