[ 2016-04-06T10:54:10+08:00 ] 127.0.0.1 /
INFO: [ app_init ] --START--
INFO: Run Behavior\BuildLiteBehavior [ RunTime:0.000023s ]
INFO: [ app_init ] --END-- [ RunTime:0.000477s ]
INFO: [ app_begin ] --START--
INFO: Run Behavior\ReadHtmlCacheBehavior [ RunTime:0.001842s ]
INFO: [ app_begin ] --END-- [ RunTime:0.001950s ]
SQL: SHOW COLUMNS FROM `dd_category` [ RunTime:0.0099s ]
SQL: SELECT * FROM `dd_category` WHERE `pid` = 0 ORDER BY `cid` asc  [ RunTime:0.0045s ]
SQL: SELECT * FROM `dd_category` WHERE `pid` = 1 ORDER BY `cid` asc  [ RunTime:0.0003s ]
SQL: SELECT * FROM `dd_category` WHERE `pid` = 2 ORDER BY `cid` asc  [ RunTime:0.0003s ]
SQL: SELECT * FROM `dd_category` WHERE `pid` = 3 ORDER BY `cid` asc  [ RunTime:0.0003s ]
SQL: SELECT * FROM `dd_category` WHERE `pid` = 4 ORDER BY `cid` asc  [ RunTime:0.0003s ]
SQL: SELECT * FROM `dd_category` WHERE `pid` = 5 ORDER BY `cid` asc  [ RunTime:0.0003s ]
SQL: SELECT * FROM `dd_category` WHERE `pid` = 6 ORDER BY `cid` asc  [ RunTime:0.0006s ]
SQL: SELECT * FROM `dd_category` WHERE `pid` = 7 ORDER BY `cid` asc  [ RunTime:0.0008s ]
SQL: SELECT * FROM `dd_category` WHERE `pid` = 8 ORDER BY `cid` asc  [ RunTime:0.0006s ]
SQL: SELECT * FROM `dd_category` WHERE `pid` = 9 ORDER BY `cid` asc  [ RunTime:0.0004s ]
SQL: SELECT * FROM `dd_category` WHERE `pid` = 10 ORDER BY `cid` asc  [ RunTime:0.0003s ]
SQL: SELECT * FROM `dd_category` WHERE `pid` = 11 ORDER BY `cid` asc  [ RunTime:0.0014s ]
SQL: SELECT * FROM `dd_category` WHERE `pid` = 12 ORDER BY `cid` asc  [ RunTime:0.0003s ]
SQL: SELECT * FROM `dd_category` WHERE `pid` = 13 ORDER BY `cid` asc  [ RunTime:0.0002s ]
SQL: SELECT * FROM `dd_category` WHERE `pid` = 14 ORDER BY `cid` asc  [ RunTime:0.0015s ]
SQL: SHOW COLUMNS FROM `dd_ask` [ RunTime:0.0226s ]
SQL: SELECT * FROM `dd_ask` WHERE `slove` = 0 AND `reward` = 0 ORDER BY atime desc LIMIT 5   [ RunTime:0.0039s ]
SQL: SELECT * FROM `dd_ask` WHERE `slove` = 0 AND `reward` > 0 ORDER BY atime desc LIMIT 5   [ RunTime:0.0005s ]
INFO: [ view_parse ] --START--
NOTIC: [8] Undefined variable: attr /Users/yaoyao/Code/thinkphp/Wenda/Index/TagLib/My.class.php 第 15 行.
NOTIC: [2] Missing argument 2 for Think\Template\TagLib::parseXmlAttr(), called in /Users/yaoyao/Code/thinkphp/Wenda/Index/TagLib/My.class.php on line 15 and defined /Users/yaoyao/Code/thinkphp/ThinkPHP/Library/Think/Template/TagLib.class.php 第 76 行.
NOTIC: [8] Undefined variable: attr /Users/yaoyao/Code/thinkphp/Wenda/Index/TagLib/My.class.php 第 31 行.
NOTIC: [2] Missing argument 2 for Think\Template\TagLib::parseXmlAttr(), called in /Users/yaoyao/Code/thinkphp/Wenda/Index/TagLib/My.class.php on line 31 and defined /Users/yaoyao/Code/thinkphp/ThinkPHP/Library/Think/Template/TagLib.class.php 第 76 行.
NOTIC: [8] Undefined variable: exp /Users/yaoyao/Code/thinkphp/Wenda/Index/TagLib/My.class.php 第 47 行.
INFO: [ template_filter ] --START--
INFO: Run Behavior\ContentReplaceBehavior [ RunTime:0.000211s ]
INFO: [ template_filter ] --END-- [ RunTime:0.000350s ]
NOTIC: [8] Use of undefined constant uid - assumed 'uid' /Users/yaoyao/Code/thinkphp/Wenda/Runtime/Cache/Index/e6cfe0e149670ba5f0438c4dc6a87df4.php 第 23 行.
NOTIC: [8] Use of undefined constant user - assumed 'user' /Users/yaoyao/Code/thinkphp/Wenda/Runtime/Cache/Index/e6cfe0e149670ba5f0438c4dc6a87df4.php 第 23 行.
SQL: SELECT * FROM `dd_category` WHERE `pid` = 0 ORDER BY cid asc LIMIT 10   [ RunTime:0.0004s ]
NOTIC: [8] Undefined variable: uid /Users/yaoyao/Code/thinkphp/Wenda/Runtime/Cache/Index/e6cfe0e149670ba5f0438c4dc6a87df4.php 第 268 行.
NOTIC: [8] Undefined variable: result /Users/yaoyao/Code/thinkphp/Wenda/Runtime/Cache/Index/e6cfe0e149670ba5f0438c4dc6a87df4.php 第 269 行.
NOTIC: [8] Undefined variable: uid /Users/yaoyao/Code/thinkphp/Wenda/Runtime/Cache/Index/e6cfe0e149670ba5f0438c4dc6a87df4.php 第 272 行.
NOTIC: [8] Undefined variable: result /Users/yaoyao/Code/thinkphp/Wenda/Runtime/Cache/Index/e6cfe0e149670ba5f0438c4dc6a87df4.php 第 272 行.
NOTIC: [8] Undefined variable: result /Users/yaoyao/Code/thinkphp/Wenda/Runtime/Cache/Index/e6cfe0e149670ba5f0438c4dc6a87df4.php 第 273 行.
NOTIC: [8] Undefined variable: result /Users/yaoyao/Code/thinkphp/Wenda/Runtime/Cache/Index/e6cfe0e149670ba5f0438c4dc6a87df4.php 第 273 行.
NOTIC: [8] Undefined variable: result /Users/yaoyao/Code/thinkphp/Wenda/Runtime/Cache/Index/e6cfe0e149670ba5f0438c4dc6a87df4.php 第 277 行.
NOTIC: [8] Undefined variable: result /Users/yaoyao/Code/thinkphp/Wenda/Runtime/Cache/Index/e6cfe0e149670ba5f0438c4dc6a87df4.php 第 278 行.
NOTIC: [8] Undefined variable: result /Users/yaoyao/Code/thinkphp/Wenda/Runtime/Cache/Index/e6cfe0e149670ba5f0438c4dc6a87df4.php 第 278 行.
NOTIC: [2] Division by zero /Users/yaoyao/Code/thinkphp/Wenda/Runtime/Cache/Index/e6cfe0e149670ba5f0438c4dc6a87df4.php 第 278 行.
SQL: SELECT `uid`, count( * ) AS count  FROM dd_answer `answer`  GROUP BY `uid`  ORDER BY count DESC LIMIT 1  [ RunTime:0.0259s ]
SQL: SELECT `face`,`nickname`,`exp`,`answer`,`adopt`FROM `dd_user` `user` WHERE `user`.`uid` = 1 [ RunTime:0.0030s ]
SQL: SELECT `nickname`,`exp`,`answer`,`uid`FROM `dd_user` GROUP BY `nickname` ORDER BY `answer` DESC LIMIT 3 [ RunTime:0.0004s ]
INFO: Run Behavior\ParseTemplateBehavior [ RunTime:0.067615s ]
INFO: [ view_parse ] --END-- [ RunTime:0.067684s ]
INFO: [ view_filter ] --START--
INFO: Run Behavior\WriteHtmlCacheBehavior [ RunTime:0.001286s ]
INFO: [ view_filter ] --END-- [ RunTime:0.001347s ]
INFO: [ app_end ] --START--
INFO: Run Behavior\ShowPageTraceBehavior [ RunTime:0.001457s ]
INFO: [ app_end ] --END-- [ RunTime:0.001562s ]

[ 2016-04-06T10:54:10+08:00 ] 127.0.0.1 /Index/Common/Verify.html
INFO: [ app_init ] --START--
INFO: Run Behavior\BuildLiteBehavior [ RunTime:0.000037s ]
INFO: [ app_init ] --END-- [ RunTime:0.000533s ]
INFO: [ app_begin ] --START--
INFO: Run Behavior\ReadHtmlCacheBehavior [ RunTime:0.000295s ]
INFO: [ app_begin ] --END-- [ RunTime:0.000420s ]
INFO: [ app_end ] --START--
INFO: Run Behavior\ShowPageTraceBehavior [ RunTime:0.000333s ]
INFO: [ app_end ] --END-- [ RunTime:0.000407s ]

