[ 2016-03-22T08:43:15+08:00 ] 127.0.0.1 /index/index/index
INFO: [ app_init ] --START--
INFO: Run Behavior\BuildLiteBehavior [ RunTime:0.000039s ]
INFO: [ app_init ] --END-- [ RunTime:0.002527s ]
INFO: [ app_begin ] --START--
INFO: Run Behavior\ReadHtmlCacheBehavior [ RunTime:0.001967s ]
INFO: [ app_begin ] --END-- [ RunTime:0.002109s ]
SQL: SHOW COLUMNS FROM `dd_category` [ RunTime:0.0329s ]
SQL: SELECT * FROM `dd_category` WHERE `pid` = 0  [ RunTime:0.0058s ]
SQL: SELECT * FROM `dd_category` WHERE `pid` = 3  [ RunTime:0.0005s ]
SQL: SELECT * FROM `dd_category` WHERE `pid` = 4  [ RunTime:0.0004s ]
SQL: SELECT * FROM `dd_category` WHERE `pid` = 7  [ RunTime:0.0003s ]
SQL: SELECT * FROM `dd_category` WHERE `pid` = 5  [ RunTime:0.0003s ]
SQL: SELECT * FROM `dd_category` WHERE `pid` = 6  [ RunTime:0.0002s ]
SQL: SELECT * FROM `dd_category` WHERE `pid` = 8  [ RunTime:0.0002s ]
SQL: SELECT * FROM `dd_category` WHERE `pid` = 9  [ RunTime:0.0003s ]
SQL: SELECT * FROM `dd_category` WHERE `pid` = 10  [ RunTime:0.0003s ]
SQL: SELECT * FROM `dd_category` WHERE `pid` = 11  [ RunTime:0.0003s ]
SQL: SELECT * FROM `dd_category` WHERE `pid` = 12  [ RunTime:0.0003s ]
SQL: SELECT * FROM `dd_category` WHERE `pid` = 13  [ RunTime:0.0005s ]
SQL: SELECT * FROM `dd_category` WHERE `pid` = 14  [ RunTime:0.0003s ]
SQL: SELECT * FROM `dd_category` WHERE `pid` = 2  [ RunTime:0.0003s ]
SQL: SELECT * FROM `dd_category` WHERE `pid` = 1  [ RunTime:0.0003s ]
INFO: [ view_parse ] --START--
INFO: [ template_filter ] --START--
INFO: Run Behavior\ContentReplaceBehavior [ RunTime:0.000225s ]
INFO: [ template_filter ] --END-- [ RunTime:0.000350s ]
INFO: Run Behavior\ParseTemplateBehavior [ RunTime:0.024470s ]
INFO: [ view_parse ] --END-- [ RunTime:0.024536s ]
INFO: [ view_filter ] --START--
INFO: Run Behavior\WriteHtmlCacheBehavior [ RunTime:0.001247s ]
INFO: [ view_filter ] --END-- [ RunTime:0.001313s ]
INFO: [ app_end ] --START--
INFO: Run Behavior\ShowPageTraceBehavior [ RunTime:0.001653s ]
INFO: [ app_end ] --END-- [ RunTime:0.001747s ]

[ 2016-03-22T08:43:29+08:00 ] 127.0.0.1 /index/index/index
INFO: [ app_init ] --START--
INFO: Run Behavior\BuildLiteBehavior [ RunTime:0.000018s ]
INFO: [ app_init ] --END-- [ RunTime:0.000302s ]
INFO: [ app_begin ] --START--
INFO: Run Behavior\ReadHtmlCacheBehavior [ RunTime:0.000263s ]
INFO: [ app_begin ] --END-- [ RunTime:0.000317s ]
SQL: SHOW COLUMNS FROM `dd_category` [ RunTime:0.0005s ]
SQL: SELECT * FROM `dd_category` WHERE `pid` = 0  [ RunTime:0.0003s ]
SQL: SELECT * FROM `dd_category` WHERE `pid` = 3  [ RunTime:0.0003s ]
SQL: SELECT * FROM `dd_category` WHERE `pid` = 4  [ RunTime:0.0003s ]
SQL: SELECT * FROM `dd_category` WHERE `pid` = 7  [ RunTime:0.0002s ]
SQL: SELECT * FROM `dd_category` WHERE `pid` = 5  [ RunTime:0.0002s ]
SQL: SELECT * FROM `dd_category` WHERE `pid` = 6  [ RunTime:0.0002s ]
SQL: SELECT * FROM `dd_category` WHERE `pid` = 8  [ RunTime:0.0002s ]
SQL: SELECT * FROM `dd_category` WHERE `pid` = 9  [ RunTime:0.0002s ]
SQL: SELECT * FROM `dd_category` WHERE `pid` = 10  [ RunTime:0.0003s ]
SQL: SELECT * FROM `dd_category` WHERE `pid` = 11  [ RunTime:0.0006s ]
SQL: SELECT * FROM `dd_category` WHERE `pid` = 12  [ RunTime:0.0004s ]
SQL: SELECT * FROM `dd_category` WHERE `pid` = 13  [ RunTime:0.0003s ]
SQL: SELECT * FROM `dd_category` WHERE `pid` = 14  [ RunTime:0.0003s ]
SQL: SELECT * FROM `dd_category` WHERE `pid` = 2  [ RunTime:0.0002s ]
SQL: SELECT * FROM `dd_category` WHERE `pid` = 1  [ RunTime:0.0002s ]
INFO: [ view_parse ] --START--
INFO: [ template_filter ] --START--
INFO: Run Behavior\ContentReplaceBehavior [ RunTime:0.000123s ]
INFO: [ template_filter ] --END-- [ RunTime:0.000177s ]
INFO: Run Behavior\ParseTemplateBehavior [ RunTime:0.013430s ]
INFO: [ view_parse ] --END-- [ RunTime:0.013508s ]
INFO: [ view_filter ] --START--
INFO: Run Behavior\WriteHtmlCacheBehavior [ RunTime:0.000168s ]
INFO: [ view_filter ] --END-- [ RunTime:0.000223s ]
INFO: [ app_end ] --START--
INFO: Run Behavior\ShowPageTraceBehavior [ RunTime:0.000390s ]
INFO: [ app_end ] --END-- [ RunTime:0.000478s ]

[ 2016-03-22T08:43:42+08:00 ] 127.0.0.1 /index/index/index
INFO: [ app_init ] --START--
INFO: Run Behavior\BuildLiteBehavior [ RunTime:0.000014s ]
INFO: [ app_init ] --END-- [ RunTime:0.000332s ]
INFO: [ app_begin ] --START--
INFO: Run Behavior\ReadHtmlCacheBehavior [ RunTime:0.000240s ]
INFO: [ app_begin ] --END-- [ RunTime:0.000294s ]
SQL: SHOW COLUMNS FROM `dd_category` [ RunTime:0.0005s ]
SQL: SELECT * FROM `dd_category` WHERE `pid` = 0  [ RunTime:0.0003s ]
SQL: SELECT * FROM `dd_category` WHERE `pid` = 3  [ RunTime:0.0003s ]
SQL: SELECT * FROM `dd_category` WHERE `pid` = 4  [ RunTime:0.0003s ]
SQL: SELECT * FROM `dd_category` WHERE `pid` = 7  [ RunTime:0.0003s ]
SQL: SELECT * FROM `dd_category` WHERE `pid` = 5  [ RunTime:0.0003s ]
SQL: SELECT * FROM `dd_category` WHERE `pid` = 6  [ RunTime:0.0002s ]
SQL: SELECT * FROM `dd_category` WHERE `pid` = 8  [ RunTime:0.0002s ]
SQL: SELECT * FROM `dd_category` WHERE `pid` = 9  [ RunTime:0.0002s ]
SQL: SELECT * FROM `dd_category` WHERE `pid` = 10  [ RunTime:0.0002s ]
SQL: SELECT * FROM `dd_category` WHERE `pid` = 11  [ RunTime:0.0003s ]
SQL: SELECT * FROM `dd_category` WHERE `pid` = 12  [ RunTime:0.0002s ]
SQL: SELECT * FROM `dd_category` WHERE `pid` = 13  [ RunTime:0.0002s ]
SQL: SELECT * FROM `dd_category` WHERE `pid` = 14  [ RunTime:0.0004s ]
SQL: SELECT * FROM `dd_category` WHERE `pid` = 2  [ RunTime:0.0004s ]
SQL: SELECT * FROM `dd_category` WHERE `pid` = 1  [ RunTime:0.0003s ]
INFO: [ view_parse ] --START--
INFO: [ template_filter ] --START--
INFO: Run Behavior\ContentReplaceBehavior [ RunTime:0.000113s ]
INFO: [ template_filter ] --END-- [ RunTime:0.000168s ]
INFO: Run Behavior\ParseTemplateBehavior [ RunTime:0.013907s ]
INFO: [ view_parse ] --END-- [ RunTime:0.013974s ]
INFO: [ view_filter ] --START--
INFO: Run Behavior\WriteHtmlCacheBehavior [ RunTime:0.000209s ]
INFO: [ view_filter ] --END-- [ RunTime:0.000262s ]
INFO: [ app_end ] --START--
INFO: Run Behavior\ShowPageTraceBehavior [ RunTime:0.000460s ]
INFO: [ app_end ] --END-- [ RunTime:0.000530s ]

[ 2016-03-22T09:10:30+08:00 ] 127.0.0.1 /index/index/index
INFO: [ app_init ] --START--
INFO: Run Behavior\BuildLiteBehavior [ RunTime:0.000013s ]
INFO: [ app_init ] --END-- [ RunTime:0.000225s ]
INFO: [ app_begin ] --START--
INFO: Run Behavior\ReadHtmlCacheBehavior [ RunTime:0.000384s ]
INFO: [ app_begin ] --END-- [ RunTime:0.000473s ]
SQL: SHOW COLUMNS FROM `dd_category` [ RunTime:0.0005s ]
SQL: SELECT * FROM `dd_category` WHERE `pid` = 0  [ RunTime:0.0003s ]
SQL: SELECT * FROM `dd_category` WHERE `pid` = 3  [ RunTime:0.0003s ]
SQL: SELECT * FROM `dd_category` WHERE `pid` = 4  [ RunTime:0.0003s ]
SQL: SELECT * FROM `dd_category` WHERE `pid` = 7  [ RunTime:0.0004s ]
SQL: SELECT * FROM `dd_category` WHERE `pid` = 5  [ RunTime:0.0004s ]
SQL: SELECT * FROM `dd_category` WHERE `pid` = 6  [ RunTime:0.0002s ]
SQL: SELECT * FROM `dd_category` WHERE `pid` = 8  [ RunTime:0.0003s ]
SQL: SELECT * FROM `dd_category` WHERE `pid` = 9  [ RunTime:0.0003s ]
SQL: SELECT * FROM `dd_category` WHERE `pid` = 10  [ RunTime:0.0002s ]
SQL: SELECT * FROM `dd_category` WHERE `pid` = 11  [ RunTime:0.0003s ]
SQL: SELECT * FROM `dd_category` WHERE `pid` = 12  [ RunTime:0.0003s ]
SQL: SELECT * FROM `dd_category` WHERE `pid` = 13  [ RunTime:0.0004s ]
SQL: SELECT * FROM `dd_category` WHERE `pid` = 14  [ RunTime:0.0005s ]
SQL: SELECT * FROM `dd_category` WHERE `pid` = 2  [ RunTime:0.0004s ]
SQL: SELECT * FROM `dd_category` WHERE `pid` = 1  [ RunTime:0.0004s ]
INFO: [ view_parse ] --START--
INFO: [ template_filter ] --START--
INFO: Run Behavior\ContentReplaceBehavior [ RunTime:0.000121s ]
INFO: [ template_filter ] --END-- [ RunTime:0.000200s ]
INFO: Run Behavior\ParseTemplateBehavior [ RunTime:0.016820s ]
INFO: [ view_parse ] --END-- [ RunTime:0.016898s ]
INFO: [ view_filter ] --START--
INFO: Run Behavior\WriteHtmlCacheBehavior [ RunTime:0.000149s ]
INFO: [ view_filter ] --END-- [ RunTime:0.000237s ]
INFO: [ app_end ] --START--
INFO: Run Behavior\ShowPageTraceBehavior [ RunTime:0.000629s ]
INFO: [ app_end ] --END-- [ RunTime:0.000727s ]

[ 2016-03-22T09:10:36+08:00 ] 127.0.0.1 /index/index/index
INFO: [ app_init ] --START--
INFO: Run Behavior\BuildLiteBehavior [ RunTime:0.000012s ]
INFO: [ app_init ] --END-- [ RunTime:0.000191s ]
INFO: [ app_begin ] --START--
INFO: Run Behavior\ReadHtmlCacheBehavior [ RunTime:0.000206s ]
INFO: [ app_begin ] --END-- [ RunTime:0.000253s ]
INFO: [ view_parse ] --START--
INFO: [ template_filter ] --START--
INFO: Run Behavior\ContentReplaceBehavior [ RunTime:0.000101s ]
INFO: [ template_filter ] --END-- [ RunTime:0.000153s ]
INFO: Run Behavior\ParseTemplateBehavior [ RunTime:0.012802s ]
INFO: [ view_parse ] --END-- [ RunTime:0.012860s ]
INFO: [ view_filter ] --START--
INFO: Run Behavior\WriteHtmlCacheBehavior [ RunTime:0.000149s ]
INFO: [ view_filter ] --END-- [ RunTime:0.000193s ]
INFO: [ app_end ] --START--
INFO: Run Behavior\ShowPageTraceBehavior [ RunTime:0.000350s ]
INFO: [ app_end ] --END-- [ RunTime:0.000437s ]

[ 2016-03-22T09:10:43+08:00 ] 127.0.0.1 /index/index/index
INFO: [ app_init ] --START--
INFO: Run Behavior\BuildLiteBehavior [ RunTime:0.000012s ]
INFO: [ app_init ] --END-- [ RunTime:0.000208s ]
INFO: [ app_begin ] --START--
INFO: Run Behavior\ReadHtmlCacheBehavior [ RunTime:0.000348s ]
INFO: [ app_begin ] --END-- [ RunTime:0.000442s ]
INFO: [ view_parse ] --START--
INFO: [ template_filter ] --START--
INFO: Run Behavior\ContentReplaceBehavior [ RunTime:0.000100s ]
INFO: [ template_filter ] --END-- [ RunTime:0.000152s ]
INFO: Run Behavior\ParseTemplateBehavior [ RunTime:0.012593s ]
INFO: [ view_parse ] --END-- [ RunTime:0.012650s ]
INFO: [ view_filter ] --START--
INFO: Run Behavior\WriteHtmlCacheBehavior [ RunTime:0.000132s ]
INFO: [ view_filter ] --END-- [ RunTime:0.000175s ]
INFO: [ app_end ] --START--
INFO: Run Behavior\ShowPageTraceBehavior [ RunTime:0.000344s ]
INFO: [ app_end ] --END-- [ RunTime:0.000433s ]

[ 2016-03-22T09:19:42+08:00 ] 127.0.0.1 /index/index/index
INFO: [ app_init ] --START--
INFO: Run Behavior\BuildLiteBehavior [ RunTime:0.000012s ]
INFO: [ app_init ] --END-- [ RunTime:0.000194s ]
INFO: [ app_begin ] --START--
INFO: Run Behavior\ReadHtmlCacheBehavior [ RunTime:0.000341s ]
INFO: [ app_begin ] --END-- [ RunTime:0.000424s ]
INFO: [ view_parse ] --START--
NOTIC: [2] simplexml_load_string(): Entity: line 13: parser error : Entity 'nbsp' not defined /Users/yaoyao/Code/thinkphp/ThinkPHP/Library/Think/Template.class.php 第 275 行.
NOTIC: [2] simplexml_load_string(): ndex',array('id'=&gt;$v['child'][$i]['cid']))}&quot;&gt;{$v['child'][$i]['name']}&lt;/a&gt;&amp;nbsp; /Users/yaoyao/Code/thinkphp/ThinkPHP/Library/Think/Template.class.php 第 275 行.
NOTIC: [2] simplexml_load_string():                                                                                ^ /Users/yaoyao/Code/thinkphp/ThinkPHP/Library/Think/Template.class.php 第 275 行.
NOTIC: [2] simplexml_load_string(): Entity: line 13: parser error : Entity 'nbsp' not defined /Users/yaoyao/Code/thinkphp/ThinkPHP/Library/Think/Template.class.php 第 275 行.
NOTIC: [2] simplexml_load_string(): array('id'=&gt;$v['child'][$i]['cid']))}&quot;&gt;{$v['child'][$i]['name']}&lt;/a&gt;&amp;nbsp;&amp;nbsp; /Users/yaoyao/Code/thinkphp/ThinkPHP/Library/Think/Template.class.php 第 275 行.
NOTIC: [2] simplexml_load_string():                                                                                ^ /Users/yaoyao/Code/thinkphp/ThinkPHP/Library/Think/Template.class.php 第 275 行.
NOTIC: [2] simplexml_load_string(): Entity: line 13: parser error : Entity 'nbsp' not defined /Users/yaoyao/Code/thinkphp/ThinkPHP/Library/Think/Template.class.php 第 275 行.
NOTIC: [2] simplexml_load_string(): ('id'=&gt;$v['child'][$i]['cid']))}&quot;&gt;{$v['child'][$i]['name']}&lt;/a&gt;&amp;nbsp;&amp;nbsp;&amp;nbsp /Users/yaoyao/Code/thinkphp/ThinkPHP/Library/Think/Template.class.php 第 275 行.
NOTIC: [2] simplexml_load_string():                                                                                ^ /Users/yaoyao/Code/thinkphp/ThinkPHP/Library/Think/Template.class.php 第 275 行.
NOTIC: [2] simplexml_load_string(): Entity: line 36: parser error : Opening and ending tag mismatch: a line 36 and tpl /Users/yaoyao/Code/thinkphp/ThinkPHP/Library/Think/Template.class.php 第 275 行.
NOTIC: [2] simplexml_load_string(): Entity: line 36: parser error : Premature end of data in tag li line 35 /Users/yaoyao/Code/thinkphp/ThinkPHP/Library/Think/Template.class.php 第 275 行.
NOTIC: [2] simplexml_load_string(): Entity: line 36: parser error : Premature end of data in tag ul line 34 /Users/yaoyao/Code/thinkphp/ThinkPHP/Library/Think/Template.class.php 第 275 行.
NOTIC: [2] simplexml_load_string(): Entity: line 36: parser error : Premature end of data in tag div line 33 /Users/yaoyao/Code/thinkphp/ThinkPHP/Library/Think/Template.class.php 第 275 行.
NOTIC: [2] simplexml_load_string(): Entity: line 36: parser error : Premature end of data in tag div line 32 /Users/yaoyao/Code/thinkphp/ThinkPHP/Library/Think/Template.class.php 第 275 行.
NOTIC: [2] simplexml_load_string(): Entity: line 36: parser error : Premature end of data in tag div line 31 /Users/yaoyao/Code/thinkphp/ThinkPHP/Library/Think/Template.class.php 第 275 行.
NOTIC: [2] simplexml_load_string(): Entity: line 36: parser error : Premature end of data in tag div line 2 /Users/yaoyao/Code/thinkphp/ThinkPHP/Library/Think/Template.class.php 第 275 行.
NOTIC: [2] simplexml_load_string(): Entity: line 36: parser error : Premature end of data in tag tag line 1 /Users/yaoyao/Code/thinkphp/ThinkPHP/Library/Think/Template.class.php 第 275 行.
NOTIC: [2] simplexml_load_string(): Entity: line 36: parser error : Premature end of data in tag tpl line 1 /Users/yaoyao/Code/thinkphp/ThinkPHP/Library/Think/Template.class.php 第 275 行.
ERR: XML标签语法错误

[ 2016-03-22T09:19:54+08:00 ] 127.0.0.1 /index/index/index
INFO: [ app_init ] --START--
INFO: Run Behavior\BuildLiteBehavior [ RunTime:0.000012s ]
INFO: [ app_init ] --END-- [ RunTime:0.000189s ]
INFO: [ app_begin ] --START--
INFO: Run Behavior\ReadHtmlCacheBehavior [ RunTime:0.000207s ]
INFO: [ app_begin ] --END-- [ RunTime:0.000252s ]
INFO: [ view_parse ] --START--
INFO: [ template_filter ] --START--
INFO: Run Behavior\ContentReplaceBehavior [ RunTime:0.000101s ]
INFO: [ template_filter ] --END-- [ RunTime:0.000153s ]
INFO: Run Behavior\ParseTemplateBehavior [ RunTime:0.012837s ]
INFO: [ view_parse ] --END-- [ RunTime:0.012898s ]
INFO: [ view_filter ] --START--
INFO: Run Behavior\WriteHtmlCacheBehavior [ RunTime:0.000156s ]
INFO: [ view_filter ] --END-- [ RunTime:0.000199s ]
INFO: [ app_end ] --START--
INFO: Run Behavior\ShowPageTraceBehavior [ RunTime:0.000351s ]
INFO: [ app_end ] --END-- [ RunTime:0.000408s ]

